

================================================================
== Vivado HLS Report for 'findCharacteristicPo'
================================================================
* Date:           Tue Aug 18 15:44:53 2020

* Version:        2018.3 (Build 2405991 on Thu Dec 06 23:56:15 MST 2018)
* Project:        HLS_SURF_Simplified
* Solution:       solution3
* Product family: zynq
* Target device:  xc7z020clg400-2


================================================================
== Performance Estimates
================================================================
+ Timing (ns): 
    * Summary: 
    +--------+-------+----------+------------+
    |  Clock | Target| Estimated| Uncertainty|
    +--------+-------+----------+------------+
    |ap_clk  |  10.00|     8.750|        1.25|
    +--------+-------+----------+------------+

+ Latency (clock cycles): 
    * Summary: 
    +---------+----------+---------+----------+---------+
    |       Latency      |      Interval      | Pipeline|
    |   min   |    max   |   min   |    max   |   Type  |
    +---------+----------+---------+----------+---------+
    |  1404223|  30855526|  1404223|  30855526|   none  |
    +---------+----------+---------+----------+---------+

    + Detail: 
        * Instance: 
        N/A

        * Loop: 
        +-------------------------------+---------+----------+--------------+-----------+-----------+------+----------+
        |                               |       Latency      |   Iteration  |  Initiation Interval  | Trip |          |
        |           Loop Name           |   min   |    max   |    Latency   |  achieved |   target  | Count| Pipelined|
        +-------------------------------+---------+----------+--------------+-----------+-----------+------+----------+
        |- findCharacteristicPoint_r0   |  1404216|  30855519| 2376 ~ 52209 |          -|          -|   591|    no    |
        | + findCharacteristicPoint_c0  |     2373|     52206|    3 ~ 66    |          -|          -|   791|    no    |
        +-------------------------------+---------+----------+--------------+-----------+-----------+------+----------+



================================================================
== Utilization Estimates
================================================================
* Summary: 
+-----------------+---------+-------+--------+-------+
|       Name      | BRAM_18K| DSP48E|   FF   |  LUT  |
+-----------------+---------+-------+--------+-------+
|DSP              |        -|      1|       -|      -|
|Expression       |        -|      0|       0|   1448|
|FIFO             |        -|      -|       -|      -|
|Instance         |        -|      0|      66|    239|
|Memory           |       16|      -|       0|      0|
|Multiplexer      |        -|      -|       -|     89|
|Register         |        -|      -|     933|      -|
+-----------------+---------+-------+--------+-------+
|Total            |       16|      1|     999|   1776|
+-----------------+---------+-------+--------+-------+
|Available        |      280|    220|  106400|  53200|
+-----------------+---------+-------+--------+-------+
|Utilization (%)  |        5|   ~0  |   ~0   |      3|
+-----------------+---------+-------+--------+-------+

+ Detail: 
    * Instance: 
    +---------------------------+----------------------+---------+-------+----+-----+
    |          Instance         |        Module        | BRAM_18K| DSP48E| FF | LUT |
    +---------------------------+----------------------+---------+-------+----+-----+
    |surfDetector_fcmpGfk_U148  |surfDetector_fcmpGfk  |        0|      0|  66|  239|
    +---------------------------+----------------------+---------+-------+----+-----+
    |Total                      |                      |        0|      0|  66|  239|
    +---------------------------+----------------------+---------+-------+----+-----+

    * DSP48: 
    +---------------------------+----------------------+-----------+
    |          Instance         |        Module        | Expression|
    +---------------------------+----------------------+-----------+
    |surfDetector_mul_Hfu_U149  |surfDetector_mul_Hfu  |  i0 * i1  |
    +---------------------------+----------------------+-----------+

    * Memory: 
    +-------+----------------------+---------+---+----+------+-----+------+-------------+
    | Memory|        Module        | BRAM_18K| FF| LUT| Words| Bits| Banks| W*Bits*Banks|
    +-------+----------------------+---------+---+----+------+-----+------+-------------+
    |N1_U   |findCharacteristiFfa  |       16|  0|   0|  7119|   32|     1|       227808|
    +-------+----------------------+---------+---+----+------+-----+------+-------------+
    |Total  |                      |       16|  0|   0|  7119|   32|     1|       227808|
    +-------+----------------------+---------+---+----+------+-----+------+-------------+

    * FIFO: 
    N/A

    * Expression: 
    +--------------------------------+----------+-------+---+----+------------+------------+
    |          Variable Name         | Operation| DSP48E| FF| LUT| Bitwidth P0| Bitwidth P1|
    +--------------------------------+----------+-------+---+----+------------+------------+
    |tmp_100_fu_1588_p2              |     *    |      0|  0|  63|          10|           2|
    |tmp_44_fu_1038_p2               |     *    |      0|  0|  63|          10|           2|
    |tmp_73_fu_1186_p2               |     *    |      0|  0|  63|          10|           2|
    |c_1_fu_915_p2                   |     +    |      0|  0|  10|          10|           1|
    |rIndex_2_fu_583_p2              |     +    |      0|  0|  32|          32|           1|
    |r_fu_561_p2                     |     +    |      0|  0|  10|          10|           1|
    |tmp_103_fu_1606_p2              |     +    |      0|  0|  14|          14|          14|
    |tmp_105_fu_1616_p2              |     +    |      0|  0|  14|          14|          14|
    |tmp_108_fu_1598_p2              |     +    |      0|  0|  12|          12|          12|
    |tmp_109_fu_1660_p2              |     +    |      0|  0|  13|          12|          13|
    |tmp_112_fu_1669_p2              |     +    |      0|  0|  14|          14|          14|
    |tmp_114_fu_1679_p2              |     +    |      0|  0|  14|          14|          14|
    |tmp_117_fu_1689_p2              |     +    |      0|  0|  13|          13|          13|
    |tmp_118_fu_1699_p2              |     +    |      0|  0|  13|          13|          13|
    |tmp_121_fu_1708_p2              |     +    |      0|  0|  14|          14|          14|
    |tmp_123_fu_1718_p2              |     +    |      0|  0|  14|          14|          14|
    |tmp_126_fu_1728_p2              |     +    |      0|  0|  13|          13|          13|
    |tmp_13_fu_1048_p2               |     +    |      0|  0|  11|           2|          11|
    |tmp_17_fu_1196_p2               |     +    |      0|  0|  11|           3|          11|
    |tmp_34_fu_855_p2                |     +    |      0|  0|  14|          12|          14|
    |tmp_35_fu_860_p2                |     +    |      0|  0|  14|          13|          14|
    |tmp_38_fu_933_p2                |     +    |      0|  0|  14|          14|          14|
    |tmp_40_fu_943_p2                |     +    |      0|  0|  14|          14|          14|
    |tmp_43_fu_953_p2                |     +    |      0|  0|  14|          14|          14|
    |tmp_48_fu_2505_p2               |     +    |      0|  0|  32|          32|           1|
    |tmp_49_fu_1057_p2               |     +    |      0|  0|  13|          12|          13|
    |tmp_51_fu_1066_p2               |     +    |      0|  0|  14|          14|          14|
    |tmp_54_fu_1080_p2               |     +    |      0|  0|  14|          14|          14|
    |tmp_55_fu_1090_p2               |     +    |      0|  0|  12|          12|          12|
    |tmp_58_fu_1099_p2               |     +    |      0|  0|  13|          13|          13|
    |tmp_60_fu_1108_p2               |     +    |      0|  0|  13|          13|          13|
    |tmp_63_fu_1117_p2               |     +    |      0|  0|  14|          14|          14|
    |tmp_64_fu_1127_p2               |     +    |      0|  0|  13|          13|          13|
    |tmp_67_fu_1205_p2               |     +    |      0|  0|  14|          14|          14|
    |tmp_69_fu_1215_p2               |     +    |      0|  0|  14|          14|          14|
    |tmp_72_fu_1225_p2               |     +    |      0|  0|  14|          14|          14|
    |tmp_76_fu_1238_p2               |     +    |      0|  0|  14|          14|          14|
    |tmp_78_fu_1249_p2               |     +    |      0|  0|  14|          14|          14|
    |tmp_81_fu_1289_p2               |     +    |      0|  0|  12|          12|          12|
    |tmp_82_fu_1298_p2               |     +    |      0|  0|  13|          12|          13|
    |tmp_85_fu_1307_p2               |     +    |      0|  0|  14|          14|          14|
    |tmp_87_fu_1317_p2               |     +    |      0|  0|  14|          14|          14|
    |tmp_90_fu_1327_p2               |     +    |      0|  0|  13|          13|          13|
    |tmp_91_fu_1337_p2               |     +    |      0|  0|  13|          13|          13|
    |tmp_94_fu_1346_p2               |     +    |      0|  0|  14|          14|          14|
    |tmp_96_fu_1356_p2               |     +    |      0|  0|  14|          14|          14|
    |tmp_99_fu_1366_p2               |     +    |      0|  0|  13|          13|          13|
    |val_assign_1_trunc_fu_893_p2    |     +    |      0|  0|  10|           3|          10|
    |val_assign_2_trunc_fu_2488_p2   |     +    |      0|  0|  10|          10|           3|
    |tmp_18_fu_720_p2                |     -    |      0|  0|   4|           3|           3|
    |tmp_9_fu_690_p2                 |     -    |      0|  0|   4|           3|           3|
    |ap_block_state2_io              |    and   |      0|  0|   1|           1|           1|
    |ap_block_state5                 |    and   |      0|  0|   1|           1|           1|
    |ap_block_state62_io             |    and   |      0|  0|   1|           1|           1|
    |ap_predicate_op182_read_state4  |    and   |      0|  0|   1|           1|           1|
    |ap_predicate_op193_read_state5  |    and   |      0|  0|   1|           1|           1|
    |or_cond3_fu_980_p2              |    and   |      0|  0|   1|           1|           1|
    |or_cond4_fu_997_p2              |    and   |      0|  0|   1|           1|           1|
    |or_cond5_fu_1024_p2             |    and   |      0|  0|   1|           1|           1|
    |p_demorgan_fu_774_p2            |    and   |      0|  0|   6|           6|           6|
    |tmp1_fu_975_p2                  |    and   |      0|  0|   1|           1|           1|
    |tmp2_fu_992_p2                  |    and   |      0|  0|   1|           1|           1|
    |tmp3_fu_1019_p2                 |    and   |      0|  0|   1|           1|           1|
    |tmp_107_fu_1820_p2              |    and   |      0|  0|   1|           1|           1|
    |tmp_116_fu_1859_p2              |    and   |      0|  0|   1|           1|           1|
    |tmp_125_fu_1898_p2              |    and   |      0|  0|   1|           1|           1|
    |tmp_131_fu_1937_p2              |    and   |      0|  0|   1|           1|           1|
    |tmp_136_fu_1976_p2              |    and   |      0|  0|   1|           1|           1|
    |tmp_141_fu_2015_p2              |    and   |      0|  0|   1|           1|           1|
    |tmp_146_fu_2054_p2              |    and   |      0|  0|   1|           1|           1|
    |tmp_151_fu_2093_p2              |    and   |      0|  0|   1|           1|           1|
    |tmp_156_fu_2132_p2              |    and   |      0|  0|   1|           1|           1|
    |tmp_161_fu_2171_p2              |    and   |      0|  0|   1|           1|           1|
    |tmp_166_fu_2210_p2              |    and   |      0|  0|   1|           1|           1|
    |tmp_171_fu_2249_p2              |    and   |      0|  0|   1|           1|           1|
    |tmp_176_fu_2288_p2              |    and   |      0|  0|   1|           1|           1|
    |tmp_181_fu_2327_p2              |    and   |      0|  0|   1|           1|           1|
    |tmp_186_fu_2366_p2              |    and   |      0|  0|   1|           1|           1|
    |tmp_191_fu_2405_p2              |    and   |      0|  0|   1|           1|           1|
    |tmp_196_fu_2444_p2              |    and   |      0|  0|   1|           1|           1|
    |tmp_201_fu_2483_p2              |    and   |      0|  0|   1|           1|           1|
    |tmp_23_fu_1172_p2               |    and   |      0|  0|   1|           1|           1|
    |tmp_33_fu_1380_p2               |    and   |      0|  0|   1|           1|           1|
    |tmp_42_fu_1419_p2               |    and   |      0|  0|   1|           1|           1|
    |tmp_53_fu_1458_p2               |    and   |      0|  0|   1|           1|           1|
    |tmp_57_fu_786_p2                |    and   |      0|  0|   6|           6|           6|
    |tmp_62_fu_1497_p2               |    and   |      0|  0|   1|           1|           1|
    |tmp_66_fu_792_p2                |    and   |      0|  0|   6|           6|           6|
    |tmp_71_fu_1536_p2               |    and   |      0|  0|   1|           1|           1|
    |tmp_80_fu_1575_p2               |    and   |      0|  0|   1|           1|           1|
    |tmp_89_fu_1742_p2               |    and   |      0|  0|   1|           1|           1|
    |tmp_98_fu_1781_p2               |    and   |      0|  0|   1|           1|           1|
    |exitcond1_fu_555_p2             |   icmp   |      0|  0|   5|          10|          10|
    |exitcond_fu_909_p2              |   icmp   |      0|  0|   5|          10|           9|
    |grp_fu_538_p2                   |   icmp   |      0|  0|   5|          10|           9|
    |icmp1_fu_577_p2                 |   icmp   |      0|  0|  12|          31|           1|
    |icmp2_fu_1013_p2                |   icmp   |      0|  0|   3|           7|           1|
    |icmp_fu_881_p2                  |   icmp   |      0|  0|   3|           7|           1|
    |notlhs10_fu_1765_p2             |   icmp   |      0|  0|   4|           8|           2|
    |notlhs11_fu_1804_p2             |   icmp   |      0|  0|   4|           8|           2|
    |notlhs12_fu_1843_p2             |   icmp   |      0|  0|   4|           8|           2|
    |notlhs13_fu_1882_p2             |   icmp   |      0|  0|   4|           8|           2|
    |notlhs14_fu_1921_p2             |   icmp   |      0|  0|   4|           8|           2|
    |notlhs15_fu_1960_p2             |   icmp   |      0|  0|   4|           8|           2|
    |notlhs16_fu_1999_p2             |   icmp   |      0|  0|   4|           8|           2|
    |notlhs17_fu_2038_p2             |   icmp   |      0|  0|   4|           8|           2|
    |notlhs18_fu_2077_p2             |   icmp   |      0|  0|   4|           8|           2|
    |notlhs19_fu_2116_p2             |   icmp   |      0|  0|   4|           8|           2|
    |notlhs1_fu_887_p2               |   icmp   |      0|  0|   5|          10|          10|
    |notlhs20_fu_2155_p2             |   icmp   |      0|  0|   4|           8|           2|
    |notlhs21_fu_2194_p2             |   icmp   |      0|  0|   4|           8|           2|
    |notlhs22_fu_2233_p2             |   icmp   |      0|  0|   4|           8|           2|
    |notlhs23_fu_2272_p2             |   icmp   |      0|  0|   4|           8|           2|
    |notlhs24_fu_2311_p2             |   icmp   |      0|  0|   4|           8|           2|
    |notlhs25_fu_2350_p2             |   icmp   |      0|  0|   4|           8|           2|
    |notlhs26_fu_2389_p2             |   icmp   |      0|  0|   4|           8|           2|
    |notlhs27_fu_2428_p2             |   icmp   |      0|  0|   4|           8|           2|
    |notlhs28_fu_2467_p2             |   icmp   |      0|  0|   4|           8|           2|
    |notlhs2_fu_1154_p2              |   icmp   |      0|  0|   4|           8|           2|
    |notlhs3_fu_1481_p2              |   icmp   |      0|  0|   4|           8|           2|
    |notlhs4_fu_1277_p2              |   icmp   |      0|  0|   4|           8|           2|
    |notlhs5_fu_1520_p2              |   icmp   |      0|  0|   4|           8|           2|
    |notlhs6_fu_1403_p2              |   icmp   |      0|  0|   4|           8|           2|
    |notlhs7_fu_1559_p2              |   icmp   |      0|  0|   4|           8|           2|
    |notlhs8_fu_1442_p2              |   icmp   |      0|  0|   4|           8|           2|
    |notlhs9_fu_1644_p2              |   icmp   |      0|  0|   4|           8|           2|
    |notlhs_fu_899_p2                |   icmp   |      0|  0|   5|          10|          10|
    |notrhs10_fu_1771_p2             |   icmp   |      0|  0|   9|          23|           1|
    |notrhs11_fu_1810_p2             |   icmp   |      0|  0|   9|          23|           1|
    |notrhs12_fu_1849_p2             |   icmp   |      0|  0|   9|          23|           1|
    |notrhs13_fu_1888_p2             |   icmp   |      0|  0|   9|          23|           1|
    |notrhs14_fu_1927_p2             |   icmp   |      0|  0|   9|          23|           1|
    |notrhs15_fu_1966_p2             |   icmp   |      0|  0|   9|          23|           1|
    |notrhs16_fu_2005_p2             |   icmp   |      0|  0|   9|          23|           1|
    |notrhs17_fu_2044_p2             |   icmp   |      0|  0|   9|          23|           1|
    |notrhs18_fu_2083_p2             |   icmp   |      0|  0|   9|          23|           1|
    |notrhs19_fu_2122_p2             |   icmp   |      0|  0|   9|          23|           1|
    |notrhs1_fu_986_p2               |   icmp   |      0|  0|   5|          10|           3|
    |notrhs20_fu_2161_p2             |   icmp   |      0|  0|   9|          23|           1|
    |notrhs21_fu_2200_p2             |   icmp   |      0|  0|   9|          23|           1|
    |notrhs22_fu_2239_p2             |   icmp   |      0|  0|   9|          23|           1|
    |notrhs23_fu_2278_p2             |   icmp   |      0|  0|   9|          23|           1|
    |notrhs24_fu_2317_p2             |   icmp   |      0|  0|   9|          23|           1|
    |notrhs25_fu_2356_p2             |   icmp   |      0|  0|   9|          23|           1|
    |notrhs26_fu_2395_p2             |   icmp   |      0|  0|   9|          23|           1|
    |notrhs27_fu_2434_p2             |   icmp   |      0|  0|   9|          23|           1|
    |notrhs28_fu_2473_p2             |   icmp   |      0|  0|   9|          23|           1|
    |notrhs2_fu_1650_p2              |   icmp   |      0|  0|   9|          23|           1|
    |notrhs3_fu_1160_p2              |   icmp   |      0|  0|   9|          23|           1|
    |notrhs4_fu_1487_p2              |   icmp   |      0|  0|   9|          23|           1|
    |notrhs5_fu_1283_p2              |   icmp   |      0|  0|   9|          23|           1|
    |notrhs6_fu_1526_p2              |   icmp   |      0|  0|   9|          23|           1|
    |notrhs7_fu_1409_p2              |   icmp   |      0|  0|   9|          23|           1|
    |notrhs8_fu_1565_p2              |   icmp   |      0|  0|   9|          23|           1|
    |notrhs9_fu_1448_p2              |   icmp   |      0|  0|   9|          23|           1|
    |notrhs_fu_963_p2                |   icmp   |      0|  0|   5|          10|           2|
    |tmp_2_fu_597_p2                 |   icmp   |      0|  0|   5|          10|           2|
    |tmp_4_fu_865_p2                 |   icmp   |      0|  0|   5|          10|           3|
    |tmp_7_fu_684_p2                 |   icmp   |      0|  0|   2|           3|           3|
    |tmp_8_fu_969_p2                 |   icmp   |      0|  0|   5|          10|           9|
    |tmp_37_fu_768_p2                |   lshr   |      0|  0|  13|           2|           6|
    |Hi_assign_fu_674_p2             |    or    |      0|  0|   3|           1|           3|
    |ap_block_state1                 |    or    |      0|  0|   1|           1|           1|
    |ap_block_state4                 |    or    |      0|  0|   1|           1|           1|
    |tmp_104_fu_1816_p2              |    or    |      0|  0|   1|           1|           1|
    |tmp_113_fu_1855_p2              |    or    |      0|  0|   1|           1|           1|
    |tmp_122_fu_1894_p2              |    or    |      0|  0|   1|           1|           1|
    |tmp_128_fu_1933_p2              |    or    |      0|  0|   1|           1|           1|
    |tmp_133_fu_1972_p2              |    or    |      0|  0|   1|           1|           1|
    |tmp_138_fu_2011_p2              |    or    |      0|  0|   1|           1|           1|
    |tmp_143_fu_2050_p2              |    or    |      0|  0|   1|           1|           1|
    |tmp_148_fu_2089_p2              |    or    |      0|  0|   1|           1|           1|
    |tmp_153_fu_2128_p2              |    or    |      0|  0|   1|           1|           1|
    |tmp_158_fu_2167_p2              |    or    |      0|  0|   1|           1|           1|
    |tmp_163_fu_2206_p2              |    or    |      0|  0|   1|           1|           1|
    |tmp_168_fu_2245_p2              |    or    |      0|  0|   1|           1|           1|
    |tmp_173_fu_2284_p2              |    or    |      0|  0|   1|           1|           1|
    |tmp_178_fu_2323_p2              |    or    |      0|  0|   1|           1|           1|
    |tmp_183_fu_2362_p2              |    or    |      0|  0|   1|           1|           1|
    |tmp_188_fu_2401_p2              |    or    |      0|  0|   1|           1|           1|
    |tmp_193_fu_2440_p2              |    or    |      0|  0|   1|           1|           1|
    |tmp_198_fu_2479_p2              |    or    |      0|  0|   1|           1|           1|
    |tmp_1_fu_643_p2                 |    or    |      0|  0|   4|           4|           4|
    |tmp_21_fu_1166_p2               |    or    |      0|  0|   1|           1|           1|
    |tmp_30_fu_1376_p2               |    or    |      0|  0|   1|           1|           1|
    |tmp_39_fu_1415_p2               |    or    |      0|  0|   1|           1|           1|
    |tmp_50_fu_1454_p2               |    or    |      0|  0|   1|           1|           1|
    |tmp_59_fu_1493_p2               |    or    |      0|  0|   1|           1|           1|
    |tmp_68_fu_1532_p2               |    or    |      0|  0|   1|           1|           1|
    |tmp_75_fu_798_p2                |    or    |      0|  0|   6|           6|           6|
    |tmp_77_fu_1571_p2               |    or    |      0|  0|   1|           1|           1|
    |tmp_86_fu_1738_p2               |    or    |      0|  0|   1|           1|           1|
    |tmp_95_fu_1777_p2               |    or    |      0|  0|   1|           1|           1|
    |rIndex_1_fu_589_p3              |  select  |      0|  0|  32|           1|          32|
    |tmp_11_fu_696_p3                |  select  |      0|  0|   3|           1|           3|
    |tmp_14_fu_704_p3                |  select  |      0|  0|   3|           1|           3|
    |tmp_15_fu_712_p3                |  select  |      0|  0|   3|           1|           3|
    |tmp_28_fu_754_p3                |  select  |      0|  0|   6|           1|           6|
    |tmp_25_fu_738_p2                |    shl   |      0|  0|  13|           6|           6|
    |tmp_31_fu_762_p2                |    shl   |      0|  0|  13|           2|           6|
    |tmp_46_fu_780_p2                |    xor   |      0|  0|   6|           6|           2|
    +--------------------------------+----------+-------+---+----+------------+------------+
    |Total                           |          |      0|  0|1448|        1748|         884|
    +--------------------------------+----------+-------+---+----+------------+------------+

    * Multiplexer: 
    +------------------------------------------+----+-----------+-----+-----------+
    |                   Name                   | LUT| Input Size| Bits| Total Bits|
    +------------------------------------------+----+-----------+-----+-----------+
    |N1_address0                               |   6|         16|   13|        208|
    |N1_address1                               |   6|         16|   13|        208|
    |N1_d0                                     |   3|          3|   32|         96|
    |ap_NS_fsm                                 |  11|         76|    1|         76|
    |ap_done                                   |   3|          2|    1|          2|
    |ap_sig_ioackin_m_axi_keyPoints_V_AWREADY  |   3|          2|    1|          2|
    |ap_sig_ioackin_m_axi_keyPoints_V_WREADY   |   3|          2|    1|          2|
    |ap_sig_ioackin_m_axi_pointNumber_AWREADY  |   3|          2|    1|          2|
    |ap_sig_ioackin_m_axi_pointNumber_WREADY   |   3|          2|    1|          2|
    |c_reg_516                                 |   3|          2|   10|         20|
    |det0_V_blk_n                              |   3|          2|    1|          2|
    |det1_V3_blk_n                             |   3|          2|    1|          2|
    |det2_V6_blk_n                             |   3|          2|    1|          2|
    |grp_fu_528_p1                             |   3|          4|   32|        128|
    |grp_fu_538_p0                             |   3|          3|   10|         30|
    |keyPoints_V_blk_n_AW                      |   3|          2|    1|          2|
    |keyPoints_V_blk_n_B                       |   3|          2|    1|          2|
    |keyPoints_V_blk_n_W                       |   3|          2|    1|          2|
    |p_Val2_s_fu_210                           |   3|          3|    6|         18|
    |pointNumber_blk_n_AW                      |   3|          2|    1|          2|
    |pointNumber_blk_n_B                       |   3|          2|    1|          2|
    |pointNumber_blk_n_W                       |   3|          2|    1|          2|
    |rIndex_reg_493                            |   3|          2|   32|         64|
    |tmpPointNum                               |   3|          2|   32|         64|
    |val_assign_reg_504                        |   3|          2|   10|         20|
    +------------------------------------------+----+-----------+-----+-----------+
    |Total                                     |  89|        157|  205|        960|
    +------------------------------------------+----+-----------+-----+-----------+

    * Register: 
    +------------------------------------------+----+----+-----+-----------+
    |                   Name                   | FF | LUT| Bits| Const Bits|
    +------------------------------------------+----+----+-----+-----------+
    |MSB_V_1                                   |   6|   0|    6|          0|
    |N1_addr_11_reg_2953                       |  13|   0|   13|          0|
    |N1_addr_12_reg_2973                       |  12|   0|   13|          1|
    |N1_addr_13_reg_2813                       |  13|   0|   13|          0|
    |N1_addr_14_reg_2818                       |  13|   0|   13|          0|
    |N1_addr_15_reg_2823                       |  13|   0|   13|          0|
    |N1_addr_16_reg_2773                       |  13|   0|   13|          0|
    |N1_addr_17_reg_2723                       |  13|   0|   13|          0|
    |N1_addr_18_reg_2978                       |  13|   0|   13|          0|
    |N1_addr_19_reg_2983                       |  13|   0|   13|          0|
    |N1_addr_20_reg_2988                       |  13|   0|   13|          0|
    |N1_addr_21_reg_2828                       |  13|   0|   13|          0|
    |N1_addr_22_reg_2833                       |  13|   0|   13|          0|
    |N1_addr_23_reg_2838                       |  13|   0|   13|          0|
    |N1_addr_24_reg_2778                       |  13|   0|   13|          0|
    |N1_addr_25_reg_2733                       |  13|   0|   13|          0|
    |N1_addr_26_reg_2738                       |  13|   0|   13|          0|
    |N1_addr_27_reg_2993                       |  13|   0|   13|          0|
    |N1_addr_28_reg_2998                       |  13|   0|   13|          0|
    |N1_addr_29_reg_3003                       |  13|   0|   13|          0|
    |N1_addr_2_reg_2647                        |  13|   0|   13|          0|
    |N1_addr_5_reg_2788                        |  13|   0|   13|          0|
    |N1_addr_6_reg_2808                        |  12|   0|   13|          1|
    |N1_addr_7_reg_2768                        |  13|   0|   13|          0|
    |N1_addr_8_reg_2713                        |  13|   0|   13|          0|
    |N1_addr_9_reg_2718                        |  12|   0|   13|          1|
    |N1_load_reg_2702                          |  32|   0|   32|          0|
    |ap_CS_fsm                                 |  75|   0|   75|          0|
    |ap_done_reg                               |   1|   0|    1|          0|
    |ap_reg_ioackin_m_axi_keyPoints_V_AWREADY  |   1|   0|    1|          0|
    |ap_reg_ioackin_m_axi_keyPoints_V_WREADY   |   1|   0|    1|          0|
    |ap_reg_ioackin_m_axi_pointNumber_AWREADY  |   1|   0|    1|          0|
    |ap_reg_ioackin_m_axi_pointNumber_WREADY   |   1|   0|    1|          0|
    |bRow_V_0                                  |   2|   0|    2|          0|
    |bRow_V_1                                  |   2|   0|    2|          0|
    |bRow_V_2                                  |   2|   0|    2|          0|
    |c_1_reg_2625                              |  10|   0|   10|          0|
    |c_cast_reg_2616                           |  10|   0|   11|          1|
    |c_reg_516                                 |  10|   0|   10|          0|
    |icmp_reg_2596                             |   1|   0|    1|          0|
    |notlhs10_reg_3011                         |   1|   0|    1|          0|
    |notlhs11_reg_3029                         |   1|   0|    1|          0|
    |notlhs12_reg_3047                         |   1|   0|    1|          0|
    |notlhs13_reg_3065                         |   1|   0|    1|          0|
    |notlhs14_reg_3083                         |   1|   0|    1|          0|
    |notlhs15_reg_3101                         |   1|   0|    1|          0|
    |notlhs16_reg_3119                         |   1|   0|    1|          0|
    |notlhs17_reg_3137                         |   1|   0|    1|          0|
    |notlhs18_reg_3155                         |   1|   0|    1|          0|
    |notlhs19_reg_3173                         |   1|   0|    1|          0|
    |notlhs1_reg_2600                          |   1|   0|    1|          0|
    |notlhs20_reg_3191                         |   1|   0|    1|          0|
    |notlhs21_reg_3209                         |   1|   0|    1|          0|
    |notlhs22_reg_3227                         |   1|   0|    1|          0|
    |notlhs23_reg_3245                         |   1|   0|    1|          0|
    |notlhs24_reg_3263                         |   1|   0|    1|          0|
    |notlhs25_reg_3281                         |   1|   0|    1|          0|
    |notlhs26_reg_3299                         |   1|   0|    1|          0|
    |notlhs27_reg_3317                         |   1|   0|    1|          0|
    |notlhs28_reg_3335                         |   1|   0|    1|          0|
    |notlhs3_reg_2882                          |   1|   0|    1|          0|
    |notlhs4_reg_2793                          |   1|   0|    1|          0|
    |notlhs5_reg_2900                          |   1|   0|    1|          0|
    |notlhs6_reg_2846                          |   1|   0|    1|          0|
    |notlhs7_reg_2918                          |   1|   0|    1|          0|
    |notlhs8_reg_2864                          |   1|   0|    1|          0|
    |notlhs9_reg_2958                          |   1|   0|    1|          0|
    |notlhs_reg_2611                           |   1|   0|    1|          0|
    |notrhs10_reg_3016                         |   1|   0|    1|          0|
    |notrhs11_reg_3034                         |   1|   0|    1|          0|
    |notrhs12_reg_3052                         |   1|   0|    1|          0|
    |notrhs13_reg_3070                         |   1|   0|    1|          0|
    |notrhs14_reg_3088                         |   1|   0|    1|          0|
    |notrhs15_reg_3106                         |   1|   0|    1|          0|
    |notrhs16_reg_3124                         |   1|   0|    1|          0|
    |notrhs17_reg_3142                         |   1|   0|    1|          0|
    |notrhs18_reg_3160                         |   1|   0|    1|          0|
    |notrhs19_reg_3178                         |   1|   0|    1|          0|
    |notrhs20_reg_3196                         |   1|   0|    1|          0|
    |notrhs21_reg_3214                         |   1|   0|    1|          0|
    |notrhs22_reg_3232                         |   1|   0|    1|          0|
    |notrhs23_reg_3250                         |   1|   0|    1|          0|
    |notrhs24_reg_3268                         |   1|   0|    1|          0|
    |notrhs25_reg_3286                         |   1|   0|    1|          0|
    |notrhs26_reg_3304                         |   1|   0|    1|          0|
    |notrhs27_reg_3322                         |   1|   0|    1|          0|
    |notrhs28_reg_3340                         |   1|   0|    1|          0|
    |notrhs2_reg_2963                          |   1|   0|    1|          0|
    |notrhs4_reg_2887                          |   1|   0|    1|          0|
    |notrhs5_reg_2798                          |   1|   0|    1|          0|
    |notrhs6_reg_2905                          |   1|   0|    1|          0|
    |notrhs7_reg_2851                          |   1|   0|    1|          0|
    |notrhs8_reg_2923                          |   1|   0|    1|          0|
    |notrhs9_reg_2869                          |   1|   0|    1|          0|
    |or_cond4_reg_2655                         |   1|   0|    1|          0|
    |p_Val2_s_fu_210                           |   6|   0|    6|          0|
    |rIndex_1_reg_2563                         |  32|   0|   32|          0|
    |rIndex_reg_493                            |  32|   0|   32|          0|
    |r_reg_2558                                |  10|   0|   10|          0|
    |tmpPointNum                               |  32|   0|   32|          0|
    |tmp_100_reg_2936                          |  13|   0|   13|          0|
    |tmp_106_reg_3039                          |   1|   0|    1|          0|
    |tmp_108_reg_2943                          |  12|   0|   12|          0|
    |tmp_111_reg_2572                          |  14|   0|   14|          0|
    |tmp_115_reg_3057                          |   1|   0|    1|          0|
    |tmp_124_reg_3075                          |   1|   0|    1|          0|
    |tmp_130_reg_3093                          |   1|   0|    1|          0|
    |tmp_135_reg_3111                          |   1|   0|    1|          0|
    |tmp_140_reg_3129                          |   1|   0|    1|          0|
    |tmp_145_reg_3147                          |   1|   0|    1|          0|
    |tmp_149_reg_2670                          |  12|   0|   12|          0|
    |tmp_14_cast_reg_2675                      |  14|   0|   14|          0|
    |tmp_150_reg_3165                          |   1|   0|    1|          0|
    |tmp_155_reg_3183                          |   1|   0|    1|          0|
    |tmp_159_reg_2754                          |  12|   0|   12|          0|
    |tmp_160_reg_3201                          |   1|   0|    1|          0|
    |tmp_165_reg_3219                          |   1|   0|    1|          0|
    |tmp_170_reg_3237                          |   1|   0|    1|          0|
    |tmp_175_reg_3255                          |   1|   0|    1|          0|
    |tmp_180_reg_3273                          |   1|   0|    1|          0|
    |tmp_185_reg_3291                          |   1|   0|    1|          0|
    |tmp_18_cast_reg_2759                      |  14|   0|   14|          0|
    |tmp_190_reg_3309                          |   1|   0|    1|          0|
    |tmp_195_reg_3327                          |   1|   0|    1|          0|
    |tmp_200_reg_3345                          |   1|   0|    1|          0|
    |tmp_29_reg_2577                           |  14|   0|   14|          0|
    |tmp_2_reg_2568                            |   1|   0|    1|          0|
    |tmp_32_reg_2803                           |   1|   0|    1|          0|
    |tmp_34_reg_2582                           |  14|   0|   14|          0|
    |tmp_35_reg_2587                           |  14|   0|   14|          0|
    |tmp_41_reg_2856                           |   1|   0|    1|          0|
    |tmp_44_reg_2663                           |  13|   0|   13|          0|
    |tmp_49_cast_reg_2708                      |  13|   0|   14|          1|
    |tmp_49_reg_2687                           |  13|   0|   13|          0|
    |tmp_4_reg_2592                            |   1|   0|    1|          0|
    |tmp_51_cast_reg_2692                      |  13|   0|   14|          1|
    |tmp_52_reg_2874                           |   1|   0|    1|          0|
    |tmp_61_reg_2892                           |   1|   0|    1|          0|
    |tmp_63_cast_reg_2728                      |  13|   0|   14|          1|
    |tmp_6_cast1_reg_2630                      |  10|   0|   13|          3|
    |tmp_6_cast2_reg_2640                      |  10|   0|   12|          2|
    |tmp_70_reg_2910                           |   1|   0|    1|          0|
    |tmp_73_reg_2747                           |  13|   0|   13|          0|
    |tmp_79_reg_2928                           |   1|   0|    1|          0|
    |tmp_88_reg_2968                           |   1|   0|    1|          0|
    |tmp_97_reg_3021                           |   1|   0|    1|          0|
    |val_assign_1_trunc_reg_2606               |  10|   0|   10|          0|
    |val_assign_2_trunc_reg_3353               |  10|   0|   10|          0|
    |val_assign_reg_504                        |  10|   0|   10|          0|
    +------------------------------------------+----+----+-----+-----------+
    |Total                                     | 933|   0|  945|         12|
    +------------------------------------------+----+----+-----+-----------+



================================================================
== Interface
================================================================
* Summary: 
+----------------------------+-----+-----+------------+----------------------+--------------+
|          RTL Ports         | Dir | Bits|  Protocol  |     Source Object    |    C Type    |
+----------------------------+-----+-----+------------+----------------------+--------------+
|ap_clk                      |  in |    1| ap_ctrl_hs | findCharacteristicPo | return value |
|ap_rst                      |  in |    1| ap_ctrl_hs | findCharacteristicPo | return value |
|ap_start                    |  in |    1| ap_ctrl_hs | findCharacteristicPo | return value |
|ap_done                     | out |    1| ap_ctrl_hs | findCharacteristicPo | return value |
|ap_continue                 |  in |    1| ap_ctrl_hs | findCharacteristicPo | return value |
|ap_idle                     | out |    1| ap_ctrl_hs | findCharacteristicPo | return value |
|ap_ready                    | out |    1| ap_ctrl_hs | findCharacteristicPo | return value |
|det0_V_dout                 |  in |   32|   ap_fifo  |        det0_V        |    pointer   |
|det0_V_empty_n              |  in |    1|   ap_fifo  |        det0_V        |    pointer   |
|det0_V_read                 | out |    1|   ap_fifo  |        det0_V        |    pointer   |
|det1_V3_dout                |  in |   32|   ap_fifo  |        det1_V3       |    pointer   |
|det1_V3_empty_n             |  in |    1|   ap_fifo  |        det1_V3       |    pointer   |
|det1_V3_read                | out |    1|   ap_fifo  |        det1_V3       |    pointer   |
|det2_V6_dout                |  in |   32|   ap_fifo  |        det2_V6       |    pointer   |
|det2_V6_empty_n             |  in |    1|   ap_fifo  |        det2_V6       |    pointer   |
|det2_V6_read                | out |    1|   ap_fifo  |        det2_V6       |    pointer   |
|m_axi_keyPoints_V_AWVALID   | out |    1|    m_axi   |      keyPoints_V     |    pointer   |
|m_axi_keyPoints_V_AWREADY   |  in |    1|    m_axi   |      keyPoints_V     |    pointer   |
|m_axi_keyPoints_V_AWADDR    | out |   32|    m_axi   |      keyPoints_V     |    pointer   |
|m_axi_keyPoints_V_AWID      | out |    1|    m_axi   |      keyPoints_V     |    pointer   |
|m_axi_keyPoints_V_AWLEN     | out |   32|    m_axi   |      keyPoints_V     |    pointer   |
|m_axi_keyPoints_V_AWSIZE    | out |    3|    m_axi   |      keyPoints_V     |    pointer   |
|m_axi_keyPoints_V_AWBURST   | out |    2|    m_axi   |      keyPoints_V     |    pointer   |
|m_axi_keyPoints_V_AWLOCK    | out |    2|    m_axi   |      keyPoints_V     |    pointer   |
|m_axi_keyPoints_V_AWCACHE   | out |    4|    m_axi   |      keyPoints_V     |    pointer   |
|m_axi_keyPoints_V_AWPROT    | out |    3|    m_axi   |      keyPoints_V     |    pointer   |
|m_axi_keyPoints_V_AWQOS     | out |    4|    m_axi   |      keyPoints_V     |    pointer   |
|m_axi_keyPoints_V_AWREGION  | out |    4|    m_axi   |      keyPoints_V     |    pointer   |
|m_axi_keyPoints_V_AWUSER    | out |    1|    m_axi   |      keyPoints_V     |    pointer   |
|m_axi_keyPoints_V_WVALID    | out |    1|    m_axi   |      keyPoints_V     |    pointer   |
|m_axi_keyPoints_V_WREADY    |  in |    1|    m_axi   |      keyPoints_V     |    pointer   |
|m_axi_keyPoints_V_WDATA     | out |   32|    m_axi   |      keyPoints_V     |    pointer   |
|m_axi_keyPoints_V_WSTRB     | out |    4|    m_axi   |      keyPoints_V     |    pointer   |
|m_axi_keyPoints_V_WLAST     | out |    1|    m_axi   |      keyPoints_V     |    pointer   |
|m_axi_keyPoints_V_WID       | out |    1|    m_axi   |      keyPoints_V     |    pointer   |
|m_axi_keyPoints_V_WUSER     | out |    1|    m_axi   |      keyPoints_V     |    pointer   |
|m_axi_keyPoints_V_ARVALID   | out |    1|    m_axi   |      keyPoints_V     |    pointer   |
|m_axi_keyPoints_V_ARREADY   |  in |    1|    m_axi   |      keyPoints_V     |    pointer   |
|m_axi_keyPoints_V_ARADDR    | out |   32|    m_axi   |      keyPoints_V     |    pointer   |
|m_axi_keyPoints_V_ARID      | out |    1|    m_axi   |      keyPoints_V     |    pointer   |
|m_axi_keyPoints_V_ARLEN     | out |   32|    m_axi   |      keyPoints_V     |    pointer   |
|m_axi_keyPoints_V_ARSIZE    | out |    3|    m_axi   |      keyPoints_V     |    pointer   |
|m_axi_keyPoints_V_ARBURST   | out |    2|    m_axi   |      keyPoints_V     |    pointer   |
|m_axi_keyPoints_V_ARLOCK    | out |    2|    m_axi   |      keyPoints_V     |    pointer   |
|m_axi_keyPoints_V_ARCACHE   | out |    4|    m_axi   |      keyPoints_V     |    pointer   |
|m_axi_keyPoints_V_ARPROT    | out |    3|    m_axi   |      keyPoints_V     |    pointer   |
|m_axi_keyPoints_V_ARQOS     | out |    4|    m_axi   |      keyPoints_V     |    pointer   |
|m_axi_keyPoints_V_ARREGION  | out |    4|    m_axi   |      keyPoints_V     |    pointer   |
|m_axi_keyPoints_V_ARUSER    | out |    1|    m_axi   |      keyPoints_V     |    pointer   |
|m_axi_keyPoints_V_RVALID    |  in |    1|    m_axi   |      keyPoints_V     |    pointer   |
|m_axi_keyPoints_V_RREADY    | out |    1|    m_axi   |      keyPoints_V     |    pointer   |
|m_axi_keyPoints_V_RDATA     |  in |   32|    m_axi   |      keyPoints_V     |    pointer   |
|m_axi_keyPoints_V_RLAST     |  in |    1|    m_axi   |      keyPoints_V     |    pointer   |
|m_axi_keyPoints_V_RID       |  in |    1|    m_axi   |      keyPoints_V     |    pointer   |
|m_axi_keyPoints_V_RUSER     |  in |    1|    m_axi   |      keyPoints_V     |    pointer   |
|m_axi_keyPoints_V_RRESP     |  in |    2|    m_axi   |      keyPoints_V     |    pointer   |
|m_axi_keyPoints_V_BVALID    |  in |    1|    m_axi   |      keyPoints_V     |    pointer   |
|m_axi_keyPoints_V_BREADY    | out |    1|    m_axi   |      keyPoints_V     |    pointer   |
|m_axi_keyPoints_V_BRESP     |  in |    2|    m_axi   |      keyPoints_V     |    pointer   |
|m_axi_keyPoints_V_BID       |  in |    1|    m_axi   |      keyPoints_V     |    pointer   |
|m_axi_keyPoints_V_BUSER     |  in |    1|    m_axi   |      keyPoints_V     |    pointer   |
|m_axi_pointNumber_AWVALID   | out |    1|    m_axi   |      pointNumber     |    pointer   |
|m_axi_pointNumber_AWREADY   |  in |    1|    m_axi   |      pointNumber     |    pointer   |
|m_axi_pointNumber_AWADDR    | out |   32|    m_axi   |      pointNumber     |    pointer   |
|m_axi_pointNumber_AWID      | out |    1|    m_axi   |      pointNumber     |    pointer   |
|m_axi_pointNumber_AWLEN     | out |   32|    m_axi   |      pointNumber     |    pointer   |
|m_axi_pointNumber_AWSIZE    | out |    3|    m_axi   |      pointNumber     |    pointer   |
|m_axi_pointNumber_AWBURST   | out |    2|    m_axi   |      pointNumber     |    pointer   |
|m_axi_pointNumber_AWLOCK    | out |    2|    m_axi   |      pointNumber     |    pointer   |
|m_axi_pointNumber_AWCACHE   | out |    4|    m_axi   |      pointNumber     |    pointer   |
|m_axi_pointNumber_AWPROT    | out |    3|    m_axi   |      pointNumber     |    pointer   |
|m_axi_pointNumber_AWQOS     | out |    4|    m_axi   |      pointNumber     |    pointer   |
|m_axi_pointNumber_AWREGION  | out |    4|    m_axi   |      pointNumber     |    pointer   |
|m_axi_pointNumber_AWUSER    | out |    1|    m_axi   |      pointNumber     |    pointer   |
|m_axi_pointNumber_WVALID    | out |    1|    m_axi   |      pointNumber     |    pointer   |
|m_axi_pointNumber_WREADY    |  in |    1|    m_axi   |      pointNumber     |    pointer   |
|m_axi_pointNumber_WDATA     | out |   32|    m_axi   |      pointNumber     |    pointer   |
|m_axi_pointNumber_WSTRB     | out |    4|    m_axi   |      pointNumber     |    pointer   |
|m_axi_pointNumber_WLAST     | out |    1|    m_axi   |      pointNumber     |    pointer   |
|m_axi_pointNumber_WID       | out |    1|    m_axi   |      pointNumber     |    pointer   |
|m_axi_pointNumber_WUSER     | out |    1|    m_axi   |      pointNumber     |    pointer   |
|m_axi_pointNumber_ARVALID   | out |    1|    m_axi   |      pointNumber     |    pointer   |
|m_axi_pointNumber_ARREADY   |  in |    1|    m_axi   |      pointNumber     |    pointer   |
|m_axi_pointNumber_ARADDR    | out |   32|    m_axi   |      pointNumber     |    pointer   |
|m_axi_pointNumber_ARID      | out |    1|    m_axi   |      pointNumber     |    pointer   |
|m_axi_pointNumber_ARLEN     | out |   32|    m_axi   |      pointNumber     |    pointer   |
|m_axi_pointNumber_ARSIZE    | out |    3|    m_axi   |      pointNumber     |    pointer   |
|m_axi_pointNumber_ARBURST   | out |    2|    m_axi   |      pointNumber     |    pointer   |
|m_axi_pointNumber_ARLOCK    | out |    2|    m_axi   |      pointNumber     |    pointer   |
|m_axi_pointNumber_ARCACHE   | out |    4|    m_axi   |      pointNumber     |    pointer   |
|m_axi_pointNumber_ARPROT    | out |    3|    m_axi   |      pointNumber     |    pointer   |
|m_axi_pointNumber_ARQOS     | out |    4|    m_axi   |      pointNumber     |    pointer   |
|m_axi_pointNumber_ARREGION  | out |    4|    m_axi   |      pointNumber     |    pointer   |
|m_axi_pointNumber_ARUSER    | out |    1|    m_axi   |      pointNumber     |    pointer   |
|m_axi_pointNumber_RVALID    |  in |    1|    m_axi   |      pointNumber     |    pointer   |
|m_axi_pointNumber_RREADY    | out |    1|    m_axi   |      pointNumber     |    pointer   |
|m_axi_pointNumber_RDATA     |  in |   32|    m_axi   |      pointNumber     |    pointer   |
|m_axi_pointNumber_RLAST     |  in |    1|    m_axi   |      pointNumber     |    pointer   |
|m_axi_pointNumber_RID       |  in |    1|    m_axi   |      pointNumber     |    pointer   |
|m_axi_pointNumber_RUSER     |  in |    1|    m_axi   |      pointNumber     |    pointer   |
|m_axi_pointNumber_RRESP     |  in |    2|    m_axi   |      pointNumber     |    pointer   |
|m_axi_pointNumber_BVALID    |  in |    1|    m_axi   |      pointNumber     |    pointer   |
|m_axi_pointNumber_BREADY    | out |    1|    m_axi   |      pointNumber     |    pointer   |
|m_axi_pointNumber_BRESP     |  in |    2|    m_axi   |      pointNumber     |    pointer   |
|m_axi_pointNumber_BID       |  in |    1|    m_axi   |      pointNumber     |    pointer   |
|m_axi_pointNumber_BUSER     |  in |    1|    m_axi   |      pointNumber     |    pointer   |
+----------------------------+-----+-----+------------+----------------------+--------------+

