

================================================================
== Vivado HLS Report for 'integralImg'
================================================================
* Date:           Tue Aug 18 15:44:12 2020

* Version:        2018.3 (Build 2405991 on Thu Dec 06 23:56:15 MST 2018)
* Project:        HLS_SURF_Simplified
* Solution:       solution3
* Product family: zynq
* Target device:  xc7z020clg400-2


================================================================
== Performance Estimates
================================================================
+ Timing (ns): 
    * Summary: 
    +--------+-------+----------+------------+
    |  Clock | Target| Estimated| Uncertainty|
    +--------+-------+----------+------------+
    |ap_clk  |  10.00|     8.253|        1.25|
    +--------+-------+----------+------------+

+ Latency (clock cycles): 
    * Summary: 
    +--------+---------+--------+---------+---------+
    |      Latency     |     Interval     | Pipeline|
    |   min  |   max   |   min  |   max   |   Type  |
    +--------+---------+--------+---------+---------+
    |  964005|  3371010|  964005|  3371010|   none  |
    +--------+---------+--------+---------+---------+

    + Detail: 
        * Instance: 
        N/A

        * Loop: 
        +--------------------------+--------+---------+-------------+-----------+-----------+------+----------+
        |                          |      Latency     |  Iteration  |  Initiation Interval  | Trip |          |
        |         Loop Name        |   min  |   max   |   Latency   |  achieved |   target  | Count| Pipelined|
        +--------------------------+--------+---------+-------------+-----------+-----------+------+----------+
        |- integralImg_row         |  964004|  3371009| 1604 ~ 5609 |          -|          -|   601|    no    |
        | + integralImg_col        |    1602|     5607|    2 ~ 7    |          -|          -|   801|    no    |
        |  ++ integralImg_channel  |       3|        3|            1|          -|          -|     3|    no    |
        +--------------------------+--------+---------+-------------+-----------+-----------+------+----------+



================================================================
== Utilization Estimates
================================================================
* Summary: 
+-----------------+---------+-------+--------+-------+
|       Name      | BRAM_18K| DSP48E|   FF   |  LUT  |
+-----------------+---------+-------+--------+-------+
|DSP              |        -|      -|       -|      -|
|Expression       |        -|      1|       0|    377|
|FIFO             |        -|      -|       -|      -|
|Instance         |        -|      -|       -|      -|
|Memory           |        4|      -|       0|      0|
|Multiplexer      |        -|      -|       -|     52|
|Register         |        -|      -|     226|      -|
+-----------------+---------+-------+--------+-------+
|Total            |        4|      1|     226|    429|
+-----------------+---------+-------+--------+-------+
|Available        |      280|    220|  106400|  53200|
+-----------------+---------+-------+--------+-------+
|Utilization (%)  |        1|   ~0  |   ~0   |   ~0  |
+-----------------+---------+-------+--------+-------+

+ Detail: 
    * Instance: 
    N/A

    * DSP48: 
    N/A

    * Memory: 
    +---------+-------------------+---------+---+----+------+-----+------+-------------+
    |  Memory |       Module      | BRAM_18K| FF| LUT| Words| Bits| Banks| W*Bits*Banks|
    +---------+-------------------+---------+---+----+------+-----+------+-------------+
    |buf_1_U  |integralImg_buf_1  |        2|  0|   0|   800|   32|     1|        25600|
    |buf_0_U  |integralImg_buf_1  |        2|  0|   0|   800|   32|     1|        25600|
    +---------+-------------------+---------+---+----+------+-----+------+-------------+
    |Total    |                   |        4|  0|   0|  1600|   64|     2|        51200|
    +---------+-------------------+---------+---+----+------+-----+------+-------------+

    * FIFO: 
    N/A

    * Expression: 
    +------------------------------------+----------+-------+---+----+------------+------------+
    |            Variable Name           | Operation| DSP48E| FF| LUT| Bitwidth P0| Bitwidth P1|
    +------------------------------------+----------+-------+---+----+------------+------------+
    |mul_fu_394_p2                       |     *    |      1|  0|  24|          32|          33|
    |c_V_fu_308_p2                       |     +    |      0|  0|  10|          10|           1|
    |i_fu_353_p2                         |     +    |      0|  0|   3|           2|           1|
    |r_V_fu_290_p2                       |     +    |      0|  0|  10|          10|           1|
    |ret_V_fu_416_p2                     |     +    |      0|  0|  10|          10|           2|
    |tmp_11_i_fu_473_p2                  |     +    |      0|  0|  32|          32|          32|
    |tmp_15_i_fu_384_p2                  |     +    |      0|  0|  32|          32|          32|
    |tmp_7_i_fu_461_p2                   |     +    |      0|  0|  32|          32|          32|
    |tmp_10_i_fu_467_p2                  |     -    |      0|  0|  32|          32|          32|
    |ap_block_state3                     |    and   |      0|  0|   1|           1|           1|
    |ap_predicate_op32_read_state3       |    and   |      0|  0|   1|           1|           1|
    |video_in_V_data_V_0_load_A          |    and   |      0|  0|   1|           1|           1|
    |video_in_V_data_V_0_load_B          |    and   |      0|  0|   1|           1|           1|
    |exitcond_i_fu_347_p2                |   icmp   |      0|  0|   1|           2|           2|
    |tmp_1_i_fu_296_p2                   |   icmp   |      0|  0|   5|          10|           1|
    |tmp_4_i_fu_302_p2                   |   icmp   |      0|  0|   5|          10|           9|
    |tmp_6_i_fu_314_p2                   |   icmp   |      0|  0|   5|          10|           1|
    |tmp_i_fu_284_p2                     |   icmp   |      0|  0|   5|          10|          10|
    |video_in_V_data_V_0_state_cmp_full  |   icmp   |      0|  0|   1|           2|           1|
    |tmp_13_i_fu_371_p2                  |   lshr   |      0|  0|  64|          24|          24|
    |ap_block_state1                     |    or    |      0|  0|   1|           1|           1|
    |or_cond_i_fu_320_p2                 |    or    |      0|  0|   1|           1|           1|
    |buf_load_1_phi_i_fu_445_p3          |  select  |      0|  0|  32|           1|          32|
    |buf_load_2_phi_i_fu_453_p3          |  select  |      0|  0|  32|           1|          32|
    |buf_load_phi_i_fu_437_p3            |  select  |      0|  0|  32|           1|          32|
    |phitmp1_i_fu_335_p2                 |    xor   |      0|  0|   2|           1|           2|
    |phitmp_i_fu_329_p2                  |    xor   |      0|  0|   2|           1|           2|
    +------------------------------------+----------+-------+---+----+------------+------------+
    |Total                               |          |      1|  0| 377|         271|         320|
    +------------------------------------+----------+-------+---+----+------------+------------+

    * Multiplexer: 
    +------------------------------+----+-----------+-----+-----------+
    |             Name             | LUT| Input Size| Bits| Total Bits|
    +------------------------------+----+-----------+-----+-----------+
    |ap_NS_fsm                     |   4|          7|    1|          7|
    |ap_done                       |   3|          2|    1|          2|
    |buf_0_address0                |   3|          3|   10|         30|
    |buf_1_address0                |   3|          3|   10|         30|
    |i_i_reg_259                   |   3|          2|    2|          4|
    |pix_val_load_1_reg_248        |   3|          2|   32|         64|
    |r_V_3_reg_201                 |   3|          2|    1|          2|
    |r_V_4_reg_213                 |   3|          2|    1|          2|
    |real_start                    |   3|          2|    1|          2|
    |sum_V_blk_n                   |   3|          2|    1|          2|
    |t_V_1_reg_236                 |   3|          2|   10|         20|
    |t_V_reg_225                   |   3|          2|   10|         20|
    |tmp_1_reg_270                 |   3|          2|   32|         64|
    |video_in_TDATA_blk_n          |   3|          2|    1|          2|
    |video_in_V_data_V_0_data_out  |   3|          2|   24|         48|
    |video_in_V_data_V_0_state     |   3|          3|    2|          6|
    |video_in_V_dest_V_0_state     |   3|          3|    2|          6|
    +------------------------------+----+-----------+-----+-----------+
    |Total                         |  52|         43|  141|        311|
    +------------------------------+----+-----------+-----+-----------+

    * Register: 
    +-------------------------------+----+----+-----+-----------+
    |              Name             | FF | LUT| Bits| Const Bits|
    +-------------------------------+----+----+-----+-----------+
    |ap_CS_fsm                      |   6|   0|    6|          0|
    |ap_done_reg                    |   1|   0|    1|          0|
    |c_V_reg_501                    |  10|   0|   10|          0|
    |i_i_reg_259                    |   2|   0|    2|          0|
    |pix_val_load_1_reg_248         |  32|   0|   32|          0|
    |r_V_3_reg_201                  |   1|   0|    1|          0|
    |r_V_4_reg_213                  |   1|   0|    1|          0|
    |r_V_reg_488                    |  10|   0|   10|          0|
    |start_once_reg                 |   1|   0|    1|          0|
    |t_V_1_reg_236                  |  10|   0|   10|          0|
    |t_V_reg_225                    |  10|   0|   10|          0|
    |tmp_1_i_reg_493                |   1|   0|    1|          0|
    |tmp_1_reg_270                  |  32|   0|   32|          0|
    |tmp_data_V_reg_509             |  24|   0|   24|          0|
    |tmp_reg_537                    |  31|   0|   31|          0|
    |video_in_V_data_V_0_payload_A  |  24|   0|   24|          0|
    |video_in_V_data_V_0_payload_B  |  24|   0|   24|          0|
    |video_in_V_data_V_0_sel_rd     |   1|   0|    1|          0|
    |video_in_V_data_V_0_sel_wr     |   1|   0|    1|          0|
    |video_in_V_data_V_0_state      |   2|   0|    2|          0|
    |video_in_V_dest_V_0_state      |   2|   0|    2|          0|
    +-------------------------------+----+----+-----+-----------+
    |Total                          | 226|   0|  226|          0|
    +-------------------------------+----+----+-----+-----------+



================================================================
== Interface
================================================================
* Summary: 
+-----------------+-----+-----+------------+-------------------+--------------+
|    RTL Ports    | Dir | Bits|  Protocol  |   Source Object   |    C Type    |
+-----------------+-----+-----+------------+-------------------+--------------+
|ap_clk           |  in |    1| ap_ctrl_hs |    integralImg    | return value |
|ap_rst           |  in |    1| ap_ctrl_hs |    integralImg    | return value |
|ap_start         |  in |    1| ap_ctrl_hs |    integralImg    | return value |
|start_full_n     |  in |    1| ap_ctrl_hs |    integralImg    | return value |
|ap_done          | out |    1| ap_ctrl_hs |    integralImg    | return value |
|ap_continue      |  in |    1| ap_ctrl_hs |    integralImg    | return value |
|ap_idle          | out |    1| ap_ctrl_hs |    integralImg    | return value |
|ap_ready         | out |    1| ap_ctrl_hs |    integralImg    | return value |
|start_out        | out |    1| ap_ctrl_hs |    integralImg    | return value |
|start_write      | out |    1| ap_ctrl_hs |    integralImg    | return value |
|video_in_TDATA   |  in |   24|    axis    | video_in_V_data_V |    pointer   |
|video_in_TVALID  |  in |    1|    axis    | video_in_V_dest_V |    pointer   |
|video_in_TREADY  | out |    1|    axis    | video_in_V_dest_V |    pointer   |
|video_in_TDEST   |  in |    1|    axis    | video_in_V_dest_V |    pointer   |
|video_in_TKEEP   |  in |    3|    axis    | video_in_V_keep_V |    pointer   |
|video_in_TSTRB   |  in |    3|    axis    | video_in_V_strb_V |    pointer   |
|video_in_TUSER   |  in |    1|    axis    | video_in_V_user_V |    pointer   |
|video_in_TLAST   |  in |    1|    axis    | video_in_V_last_V |    pointer   |
|video_in_TID     |  in |    1|    axis    |  video_in_V_id_V  |    pointer   |
|sum_V_din        | out |   32|   ap_fifo  |       sum_V       |    pointer   |
|sum_V_full_n     |  in |    1|   ap_fifo  |       sum_V       |    pointer   |
|sum_V_write      | out |    1|   ap_fifo  |       sum_V       |    pointer   |
+-----------------+-----+-----+------------+-------------------+--------------+

