INFO: [COSIM-47] Using XSIM for RTL simulation.
INFO: [COSIM-14] Instrumenting C test bench ...
   Build using "C:/Xilinx/Vivado/2018.3/msys64/mingw64/bin/g++"
   Compiling apatb_surf_Simplified.cpp
   Compiling test.cpp_pre.cpp.tb.cpp
   Compiling top.cpp_pre.cpp.tb.cpp
   Compiling mSURF.cpp_pre.cpp.tb.cpp
   Generating cosim.tv.exe
INFO: [COSIM-302] Starting C TB testing ... 
INFO: [COSIM-333] Generating C post check test bench ...
INFO: [COSIM-12] Generating RTL test bench ...
INFO: [COSIM-323] Starting verilog simulation. 
INFO: [COSIM-15] Starting XSIM ...
INFO: [COSIM-316] Starting C post checking ...
WARNING: Hls::stream 'hls::stream<ap_fixed<32, 22, (ap_q_mode)0, (ap_o_mode)3, 0> >.3' contains leftover data, which may result in RTL simulation hanging.
WARNING: Hls::stream 'hls::stream<ap_fixed<32, 22, (ap_q_mode)0, (ap_o_mode)3, 0> >.2' contains leftover data, which may result in RTL simulation hanging.
WARNING: Hls::stream 'hls::stream<ap_fixed<32, 22, (ap_q_mode)0, (ap_o_mode)3, 0> >.1' contains leftover data, which may result in RTL simulation hanging.
done

C:\Users\GUDONG\Desktop\HLS_SURF_Simplified\HLS_SURF_Simplified\solution1\sim\verilog>set PATH= 

C:\Users\GUDONG\Desktop\HLS_SURF_Simplified\HLS_SURF_Simplified\solution1\sim\verilog>call C:/Xilinx/Vivado/2018.3/bin/xelab xil_defaultlib.apatb_surf_Simplified_top glbl -prj surf_Simplified.prj -L smartconnect_v1_0 -L axi_protocol_checker_v1_1_12 -L axi_protocol_checker_v1_1_13 -L axis_protocol_checker_v1_1_11 -L axis_protocol_checker_v1_1_12 -L xil_defaultlib -L unisims_ver -L xpm --initfile "C:/Xilinx/Vivado/2018.3/data/xsim/ip/xsim_ip.ini" --lib "ieee_proposed=./ieee_proposed" -s surf_Simplified -debug wave 
INFO: [XSIM 43-3496] Using init file passed via -initfile option "C:/Xilinx/Vivado/2018.3/data/xsim/ip/xsim_ip.ini".
Vivado Simulator 2018.3
Copyright 1986-1999, 2001-2018 Xilinx, Inc. All Rights Reserved.
Running: C:/Xilinx/Vivado/2018.3/bin/unwrapped/win64.o/xelab.exe xil_defaultlib.apatb_surf_Simplified_top glbl -prj surf_Simplified.prj -L smartconnect_v1_0 -L axi_protocol_checker_v1_1_12 -L axi_protocol_checker_v1_1_13 -L axis_protocol_checker_v1_1_11 -L axis_protocol_checker_v1_1_12 -L xil_defaultlib -L unisims_ver -L xpm --initfile C:/Xilinx/Vivado/2018.3/data/xsim/ip/xsim_ip.ini --lib ieee_proposed=./ieee_proposed -s surf_Simplified -debug wave 
Multi-threading is on. Using 6 slave threads.
INFO: [VRFC 10-2263] Analyzing SystemVerilog file "C:/Users/GUDONG/Desktop/HLS_SURF_Simplified/HLS_SURF_Simplified/solution1/sim/verilog/glbl.v" into library work
INFO: [VRFC 10-311] analyzing module glbl
INFO: [VRFC 10-2263] Analyzing SystemVerilog file "C:/Users/GUDONG/Desktop/HLS_SURF_Simplified/HLS_SURF_Simplified/solution1/sim/verilog/AESL_axi_slave_AXILiteS.v" into library xil_defaultlib
INFO: [VRFC 10-311] analyzing module AESL_axi_slave_AXILiteS
INFO: [VRFC 10-2263] Analyzing SystemVerilog file "C:/Users/GUDONG/Desktop/HLS_SURF_Simplified/HLS_SURF_Simplified/solution1/sim/verilog/AESL_axi_slave_threshold.v" into library xil_defaultlib
INFO: [VRFC 10-311] analyzing module AESL_axi_slave_threshold
INFO: [VRFC 10-2263] Analyzing SystemVerilog file "C:/Users/GUDONG/Desktop/HLS_SURF_Simplified/HLS_SURF_Simplified/solution1/sim/verilog/AESL_axi_s_video_in.v" into library xil_defaultlib
INFO: [VRFC 10-311] analyzing module AESL_axi_s_video_in
INFO: [VRFC 10-2263] Analyzing SystemVerilog file "C:/Users/GUDONG/Desktop/HLS_SURF_Simplified/HLS_SURF_Simplified/solution1/sim/verilog/AESL_fifo.v" into library xil_defaultlib
INFO: [VRFC 10-311] analyzing module fifo
INFO: [VRFC 10-2263] Analyzing SystemVerilog file "C:/Users/GUDONG/Desktop/HLS_SURF_Simplified/HLS_SURF_Simplified/solution1/sim/verilog/AXIvideo2Mat.v" into library xil_defaultlib
INFO: [VRFC 10-311] analyzing module AXIvideo2Mat
INFO: [VRFC 10-2263] Analyzing SystemVerilog file "C:/Users/GUDONG/Desktop/HLS_SURF_Simplified/HLS_SURF_Simplified/solution1/sim/verilog/calcHaarPattern_x_y.v" into library xil_defaultlib
INFO: [VRFC 10-311] analyzing module calcHaarPattern_x_y
INFO: [VRFC 10-2263] Analyzing SystemVerilog file "C:/Users/GUDONG/Desktop/HLS_SURF_Simplified/HLS_SURF_Simplified/solution1/sim/verilog/calcLayerDetAndTrace.v" into library xil_defaultlib
INFO: [VRFC 10-311] analyzing module calcLayerDetAndTrace
INFO: [VRFC 10-2263] Analyzing SystemVerilog file "C:/Users/GUDONG/Desktop/HLS_SURF_Simplified/HLS_SURF_Simplified/solution1/sim/verilog/calcLayerDetAndTrcud.v" into library xil_defaultlib
INFO: [VRFC 10-311] analyzing module calcLayerDetAndTrcud_ram
INFO: [VRFC 10-311] analyzing module calcLayerDetAndTrcud
INFO: [VRFC 10-2263] Analyzing SystemVerilog file "C:/Users/GUDONG/Desktop/HLS_SURF_Simplified/HLS_SURF_Simplified/solution1/sim/verilog/calcLayerDetAndTrdEe.v" into library xil_defaultlib
INFO: [VRFC 10-311] analyzing module calcLayerDetAndTrdEe_rom
INFO: [VRFC 10-311] analyzing module calcLayerDetAndTrdEe
INFO: [VRFC 10-2263] Analyzing SystemVerilog file "C:/Users/GUDONG/Desktop/HLS_SURF_Simplified/HLS_SURF_Simplified/solution1/sim/verilog/calcLayerDetAndTreOg.v" into library xil_defaultlib
INFO: [VRFC 10-311] analyzing module calcLayerDetAndTreOg_rom
INFO: [VRFC 10-311] analyzing module calcLayerDetAndTreOg
INFO: [VRFC 10-2263] Analyzing SystemVerilog file "C:/Users/GUDONG/Desktop/HLS_SURF_Simplified/HLS_SURF_Simplified/solution1/sim/verilog/calcLayerDetAndTrfYi.v" into library xil_defaultlib
INFO: [VRFC 10-311] analyzing module calcLayerDetAndTrfYi_rom
INFO: [VRFC 10-311] analyzing module calcLayerDetAndTrfYi
INFO: [VRFC 10-2263] Analyzing SystemVerilog file "C:/Users/GUDONG/Desktop/HLS_SURF_Simplified/HLS_SURF_Simplified/solution1/sim/verilog/calcLayerDetAndTrg8j.v" into library xil_defaultlib
INFO: [VRFC 10-311] analyzing module calcLayerDetAndTrg8j_rom
INFO: [VRFC 10-311] analyzing module calcLayerDetAndTrg8j
INFO: [VRFC 10-2263] Analyzing SystemVerilog file "C:/Users/GUDONG/Desktop/HLS_SURF_Simplified/HLS_SURF_Simplified/solution1/sim/verilog/calcLayerDetAndTrhbi.v" into library xil_defaultlib
INFO: [VRFC 10-311] analyzing module calcLayerDetAndTrhbi_rom
INFO: [VRFC 10-311] analyzing module calcLayerDetAndTrhbi
INFO: [VRFC 10-2263] Analyzing SystemVerilog file "C:/Users/GUDONG/Desktop/HLS_SURF_Simplified/HLS_SURF_Simplified/solution1/sim/verilog/calcLayerDetAndTribs.v" into library xil_defaultlib
INFO: [VRFC 10-311] analyzing module calcLayerDetAndTribs_rom
INFO: [VRFC 10-311] analyzing module calcLayerDetAndTribs
INFO: [VRFC 10-2263] Analyzing SystemVerilog file "C:/Users/GUDONG/Desktop/HLS_SURF_Simplified/HLS_SURF_Simplified/solution1/sim/verilog/calcLayerDetAndTrocq.v" into library xil_defaultlib
INFO: [VRFC 10-311] analyzing module calcLayerDetAndTrocq_rom
INFO: [VRFC 10-311] analyzing module calcLayerDetAndTrocq
INFO: [VRFC 10-2263] Analyzing SystemVerilog file "C:/Users/GUDONG/Desktop/HLS_SURF_Simplified/HLS_SURF_Simplified/solution1/sim/verilog/calcLayerDetAndTrpcA.v" into library xil_defaultlib
INFO: [VRFC 10-311] analyzing module calcLayerDetAndTrpcA_rom
INFO: [VRFC 10-311] analyzing module calcLayerDetAndTrpcA
INFO: [VRFC 10-2263] Analyzing SystemVerilog file "C:/Users/GUDONG/Desktop/HLS_SURF_Simplified/HLS_SURF_Simplified/solution1/sim/verilog/calcLayerDetAndTrqcK.v" into library xil_defaultlib
INFO: [VRFC 10-311] analyzing module calcLayerDetAndTrqcK_rom
INFO: [VRFC 10-311] analyzing module calcLayerDetAndTrqcK
INFO: [VRFC 10-2263] Analyzing SystemVerilog file "C:/Users/GUDONG/Desktop/HLS_SURF_Simplified/HLS_SURF_Simplified/solution1/sim/verilog/calcLayerDetAndTrrcU.v" into library xil_defaultlib
INFO: [VRFC 10-311] analyzing module calcLayerDetAndTrrcU_rom
INFO: [VRFC 10-311] analyzing module calcLayerDetAndTrrcU
INFO: [VRFC 10-2263] Analyzing SystemVerilog file "C:/Users/GUDONG/Desktop/HLS_SURF_Simplified/HLS_SURF_Simplified/solution1/sim/verilog/calcLayerDetAndTrsc4.v" into library xil_defaultlib
INFO: [VRFC 10-311] analyzing module calcLayerDetAndTrsc4_rom
INFO: [VRFC 10-311] analyzing module calcLayerDetAndTrsc4
INFO: [VRFC 10-2263] Analyzing SystemVerilog file "C:/Users/GUDONG/Desktop/HLS_SURF_Simplified/HLS_SURF_Simplified/solution1/sim/verilog/fifo_w32_d2_A.v" into library xil_defaultlib
INFO: [VRFC 10-311] analyzing module fifo_w32_d2_A_shiftReg
INFO: [VRFC 10-311] analyzing module fifo_w32_d2_A
INFO: [VRFC 10-2263] Analyzing SystemVerilog file "C:/Users/GUDONG/Desktop/HLS_SURF_Simplified/HLS_SURF_Simplified/solution1/sim/verilog/fifo_w8_d2_A.v" into library xil_defaultlib
INFO: [VRFC 10-311] analyzing module fifo_w8_d2_A_shiftReg
INFO: [VRFC 10-311] analyzing module fifo_w8_d2_A
INFO: [VRFC 10-2263] Analyzing SystemVerilog file "C:/Users/GUDONG/Desktop/HLS_SURF_Simplified/HLS_SURF_Simplified/solution1/sim/verilog/findCharacteristicPo.v" into library xil_defaultlib
INFO: [VRFC 10-311] analyzing module findCharacteristicPo
INFO: [VRFC 10-2263] Analyzing SystemVerilog file "C:/Users/GUDONG/Desktop/HLS_SURF_Simplified/HLS_SURF_Simplified/solution1/sim/verilog/HessianDetector.v" into library xil_defaultlib
INFO: [VRFC 10-311] analyzing module HessianDetector
INFO: [VRFC 10-2263] Analyzing SystemVerilog file "C:/Users/GUDONG/Desktop/HLS_SURF_Simplified/HLS_SURF_Simplified/solution1/sim/verilog/integralImg.v" into library xil_defaultlib
INFO: [VRFC 10-311] analyzing module integralImg
INFO: [VRFC 10-2263] Analyzing SystemVerilog file "C:/Users/GUDONG/Desktop/HLS_SURF_Simplified/HLS_SURF_Simplified/solution1/sim/verilog/integralImg_buf_1.v" into library xil_defaultlib
INFO: [VRFC 10-311] analyzing module integralImg_buf_1_ram
INFO: [VRFC 10-311] analyzing module integralImg_buf_1
INFO: [VRFC 10-2263] Analyzing SystemVerilog file "C:/Users/GUDONG/Desktop/HLS_SURF_Simplified/HLS_SURF_Simplified/solution1/sim/verilog/start_for_Hessianvdy.v" into library xil_defaultlib
INFO: [VRFC 10-311] analyzing module start_for_Hessianvdy_shiftReg
INFO: [VRFC 10-311] analyzing module start_for_Hessianvdy
INFO: [VRFC 10-2263] Analyzing SystemVerilog file "C:/Users/GUDONG/Desktop/HLS_SURF_Simplified/HLS_SURF_Simplified/solution1/sim/verilog/start_for_integraudo.v" into library xil_defaultlib
INFO: [VRFC 10-311] analyzing module start_for_integraudo_shiftReg
INFO: [VRFC 10-311] analyzing module start_for_integraudo
INFO: [VRFC 10-2263] Analyzing SystemVerilog file "C:/Users/GUDONG/Desktop/HLS_SURF_Simplified/HLS_SURF_Simplified/solution1/sim/verilog/surf_Simplified.autotb.v" into library xil_defaultlib
INFO: [VRFC 10-311] analyzing module apatb_surf_Simplified_top
INFO: [VRFC 10-2263] Analyzing SystemVerilog file "C:/Users/GUDONG/Desktop/HLS_SURF_Simplified/HLS_SURF_Simplified/solution1/sim/verilog/surf_Simplified.v" into library xil_defaultlib
INFO: [VRFC 10-311] analyzing module surf_Simplified
INFO: [VRFC 10-2263] Analyzing SystemVerilog file "C:/Users/GUDONG/Desktop/HLS_SURF_Simplified/HLS_SURF_Simplified/solution1/sim/verilog/surf_Simplified_AXILiteS_s_axi.v" into library xil_defaultlib
INFO: [VRFC 10-311] analyzing module surf_Simplified_AXILiteS_s_axi
INFO: [VRFC 10-2263] Analyzing SystemVerilog file "C:/Users/GUDONG/Desktop/HLS_SURF_Simplified/HLS_SURF_Simplified/solution1/sim/verilog/surf_Simplified_mbkb.v" into library xil_defaultlib
INFO: [VRFC 10-311] analyzing module surf_Simplified_mbkb_DSP48_0
INFO: [VRFC 10-311] analyzing module surf_Simplified_mbkb
INFO: [VRFC 10-2263] Analyzing SystemVerilog file "C:/Users/GUDONG/Desktop/HLS_SURF_Simplified/HLS_SURF_Simplified/solution1/sim/verilog/surf_Simplified_mtde.v" into library xil_defaultlib
INFO: [VRFC 10-311] analyzing module surf_Simplified_mtde_DSP48_1
INFO: [VRFC 10-311] analyzing module surf_Simplified_mtde
INFO: [VRFC 10-2263] Analyzing SystemVerilog file "C:/Users/GUDONG/Desktop/HLS_SURF_Simplified/HLS_SURF_Simplified/solution1/sim/verilog/surf_Simplified_threshold_s_axi.v" into library xil_defaultlib
INFO: [VRFC 10-311] analyzing module surf_Simplified_threshold_s_axi
Starting static elaboration
Completed static elaboration
Starting simulation data flow analysis
Completed simulation data flow analysis
Time Resolution for simulation is 1ps
Compiling module xil_defaultlib.surf_Simplified_AXILiteS_s_axi
Compiling module xil_defaultlib.surf_Simplified_threshold_s_axi
Compiling module xil_defaultlib.AXIvideo2Mat
Compiling module xil_defaultlib.integralImg_buf_1_ram
Compiling module xil_defaultlib.integralImg_buf_1(DataWidth=32,A...
Compiling module xil_defaultlib.integralImg
Compiling module xil_defaultlib.calcLayerDetAndTrcud_ram
Compiling module xil_defaultlib.calcLayerDetAndTrcud(DataWidth=3...
Compiling module xil_defaultlib.calcLayerDetAndTrdEe_rom
Compiling module xil_defaultlib.calcLayerDetAndTrdEe(DataWidth=5...
Compiling module xil_defaultlib.calcLayerDetAndTreOg_rom
Compiling module xil_defaultlib.calcLayerDetAndTreOg(DataWidth=3...
Compiling module xil_defaultlib.calcLayerDetAndTrfYi_rom
Compiling module xil_defaultlib.calcLayerDetAndTrfYi(DataWidth=3...
Compiling module xil_defaultlib.calcLayerDetAndTrg8j_rom
Compiling module xil_defaultlib.calcLayerDetAndTrg8j(DataWidth=3...
Compiling module xil_defaultlib.calcLayerDetAndTrhbi_rom
Compiling module xil_defaultlib.calcLayerDetAndTrhbi(DataWidth=3...
Compiling module xil_defaultlib.calcLayerDetAndTribs_rom
Compiling module xil_defaultlib.calcLayerDetAndTribs(DataWidth=3...
Compiling module xil_defaultlib.calcLayerDetAndTrocq_rom
Compiling module xil_defaultlib.calcLayerDetAndTrocq(DataWidth=1...
Compiling module xil_defaultlib.calcLayerDetAndTrpcA_rom
Compiling module xil_defaultlib.calcLayerDetAndTrpcA(DataWidth=1...
Compiling module xil_defaultlib.calcLayerDetAndTrqcK_rom
Compiling module xil_defaultlib.calcLayerDetAndTrqcK(DataWidth=1...
Compiling module xil_defaultlib.calcLayerDetAndTrrcU_rom
Compiling module xil_defaultlib.calcLayerDetAndTrrcU(DataWidth=1...
Compiling module xil_defaultlib.calcLayerDetAndTrsc4_rom
Compiling module xil_defaultlib.calcLayerDetAndTrsc4(DataWidth=8...
Compiling module xil_defaultlib.surf_Simplified_mbkb_DSP48_0
Compiling module xil_defaultlib.surf_Simplified_mbkb(ID=1,NUM_ST...
Compiling module xil_defaultlib.calcHaarPattern_x_y
Compiling module xil_defaultlib.surf_Simplified_mtde_DSP48_1
Compiling module xil_defaultlib.surf_Simplified_mtde(ID=1,NUM_ST...
Compiling module xil_defaultlib.calcLayerDetAndTrace
Compiling module xil_defaultlib.findCharacteristicPo
Compiling module xil_defaultlib.HessianDetector
Compiling module xil_defaultlib.fifo_w8_d2_A_shiftReg
Compiling module xil_defaultlib.fifo_w8_d2_A
Compiling module xil_defaultlib.fifo_w32_d2_A_shiftReg
Compiling module xil_defaultlib.fifo_w32_d2_A
Compiling module xil_defaultlib.start_for_integraudo_shiftReg
Compiling module xil_defaultlib.start_for_integraudo
Compiling module xil_defaultlib.start_for_Hessianvdy_shiftReg
Compiling module xil_defaultlib.start_for_Hessianvdy
Compiling module xil_defaultlib.surf_Simplified
Compiling module xil_defaultlib.fifo(DEPTH=480000,WIDTH=24)
Compiling module xil_defaultlib.fifo(DEPTH=480000,WIDTH=3)
Compiling module xil_defaultlib.fifo(DEPTH=480000,WIDTH=1)
Compiling module xil_defaultlib.AESL_axi_s_video_in
Compiling module xil_defaultlib.AESL_axi_slave_AXILiteS
Compiling module xil_defaultlib.AESL_axi_slave_threshold
Compiling module xil_defaultlib.apatb_surf_Simplified_top
Compiling module work.glbl
Built simulation snapshot surf_Simplified

****** Webtalk v2018.3 (64-bit)
  **** SW Build 2405991 on Thu Dec  6 23:38:27 MST 2018
  **** IP Build 2404404 on Fri Dec  7 01:43:56 MST 2018
    ** Copyright 1986-2018 Xilinx, Inc. All Rights Reserved.

source C:/Users/GUDONG/Desktop/HLS_SURF_Simplified/HLS_SURF_Simplified/solution1/sim/verilog/xsim.dir/surf_Simplified/webtalk/xsim_webtalk.tcl -notrace
INFO: [Common 17-206] Exiting Webtalk at Thu Aug 27 15:08:38 2020...

****** xsim v2018.3 (64-bit)
  **** SW Build 2405991 on Thu Dec  6 23:38:27 MST 2018
  **** IP Build 2404404 on Fri Dec  7 01:43:56 MST 2018
    ** Copyright 1986-2018 Xilinx, Inc. All Rights Reserved.

source xsim.dir/surf_Simplified/xsim_script.tcl
# xsim {surf_Simplified} -autoloadwcfg -tclbatch {surf_Simplified.tcl}
Vivado Simulator 2018.3
Time resolution is 1 ps
source surf_Simplified.tcl
## log_wave -r /
WARNING: [Simtcl 6-197] One or more HDL objects could not be logged because of object type or size limitations.  To see details please rerun the command with -verbose (-v).
## set designtopgroup [add_wave_group "Design Top Signals"]
## set cinoutgroup [add_wave_group "C InOuts" -into $designtopgroup]
## set keyPoints_V__kpn__return_group [add_wave_group keyPoints_V__kpn__return(axi_slave) -into $cinoutgroup]
## add_wave /apatb_surf_Simplified_top/AESL_inst_surf_Simplified/interrupt -into $keyPoints_V__kpn__return_group -color #ffff00 -radix hex
## add_wave /apatb_surf_Simplified_top/AESL_inst_surf_Simplified/s_axi_AXILiteS_BRESP -into $keyPoints_V__kpn__return_group -radix hex
## add_wave /apatb_surf_Simplified_top/AESL_inst_surf_Simplified/s_axi_AXILiteS_BREADY -into $keyPoints_V__kpn__return_group -color #ffff00 -radix hex
## add_wave /apatb_surf_Simplified_top/AESL_inst_surf_Simplified/s_axi_AXILiteS_BVALID -into $keyPoints_V__kpn__return_group -color #ffff00 -radix hex
## add_wave /apatb_surf_Simplified_top/AESL_inst_surf_Simplified/s_axi_AXILiteS_RRESP -into $keyPoints_V__kpn__return_group -radix hex
## add_wave /apatb_surf_Simplified_top/AESL_inst_surf_Simplified/s_axi_AXILiteS_RDATA -into $keyPoints_V__kpn__return_group -radix hex
## add_wave /apatb_surf_Simplified_top/AESL_inst_surf_Simplified/s_axi_AXILiteS_RREADY -into $keyPoints_V__kpn__return_group -color #ffff00 -radix hex
## add_wave /apatb_surf_Simplified_top/AESL_inst_surf_Simplified/s_axi_AXILiteS_RVALID -into $keyPoints_V__kpn__return_group -color #ffff00 -radix hex
## add_wave /apatb_surf_Simplified_top/AESL_inst_surf_Simplified/s_axi_AXILiteS_ARREADY -into $keyPoints_V__kpn__return_group -color #ffff00 -radix hex
## add_wave /apatb_surf_Simplified_top/AESL_inst_surf_Simplified/s_axi_AXILiteS_ARVALID -into $keyPoints_V__kpn__return_group -color #ffff00 -radix hex
## add_wave /apatb_surf_Simplified_top/AESL_inst_surf_Simplified/s_axi_AXILiteS_ARADDR -into $keyPoints_V__kpn__return_group -radix hex
## add_wave /apatb_surf_Simplified_top/AESL_inst_surf_Simplified/s_axi_AXILiteS_WSTRB -into $keyPoints_V__kpn__return_group -radix hex
## add_wave /apatb_surf_Simplified_top/AESL_inst_surf_Simplified/s_axi_AXILiteS_WDATA -into $keyPoints_V__kpn__return_group -radix hex
## add_wave /apatb_surf_Simplified_top/AESL_inst_surf_Simplified/s_axi_AXILiteS_WREADY -into $keyPoints_V__kpn__return_group -color #ffff00 -radix hex
## add_wave /apatb_surf_Simplified_top/AESL_inst_surf_Simplified/s_axi_AXILiteS_WVALID -into $keyPoints_V__kpn__return_group -color #ffff00 -radix hex
## add_wave /apatb_surf_Simplified_top/AESL_inst_surf_Simplified/s_axi_AXILiteS_AWREADY -into $keyPoints_V__kpn__return_group -color #ffff00 -radix hex
## add_wave /apatb_surf_Simplified_top/AESL_inst_surf_Simplified/s_axi_AXILiteS_AWVALID -into $keyPoints_V__kpn__return_group -color #ffff00 -radix hex
## add_wave /apatb_surf_Simplified_top/AESL_inst_surf_Simplified/s_axi_AXILiteS_AWADDR -into $keyPoints_V__kpn__return_group -radix hex
## set cinputgroup [add_wave_group "C Inputs" -into $designtopgroup]
## set video_in_group [add_wave_group video_in(axis) -into $cinputgroup]
## add_wave /apatb_surf_Simplified_top/AESL_inst_surf_Simplified/video_in_TREADY -into $video_in_group -color #ffff00 -radix hex
## add_wave /apatb_surf_Simplified_top/AESL_inst_surf_Simplified/video_in_TVALID -into $video_in_group -color #ffff00 -radix hex
## add_wave /apatb_surf_Simplified_top/AESL_inst_surf_Simplified/video_in_TDEST -into $video_in_group -radix hex
## add_wave /apatb_surf_Simplified_top/AESL_inst_surf_Simplified/video_in_TID -into $video_in_group -radix hex
## add_wave /apatb_surf_Simplified_top/AESL_inst_surf_Simplified/video_in_TLAST -into $video_in_group -color #ffff00 -radix hex
## add_wave /apatb_surf_Simplified_top/AESL_inst_surf_Simplified/video_in_TUSER -into $video_in_group -radix hex
## add_wave /apatb_surf_Simplified_top/AESL_inst_surf_Simplified/video_in_TSTRB -into $video_in_group -radix hex
## add_wave /apatb_surf_Simplified_top/AESL_inst_surf_Simplified/video_in_TKEEP -into $video_in_group -radix hex
## add_wave /apatb_surf_Simplified_top/AESL_inst_surf_Simplified/video_in_TDATA -into $video_in_group -radix hex
## set kpn_group [add_wave_group kpn(axi_master) -into $cinputgroup]
## set rdata_group [add_wave_group "Read Channel" -into $kpn_group]
## set wdata_group [add_wave_group "Write Channel" -into $kpn_group]
## set ctrl_group [add_wave_group "Handshakes" -into $kpn_group]
## add_wave /apatb_surf_Simplified_top/AESL_inst_surf_Simplified/m_axi_pointNumber_BUSER -into $wdata_group -radix hex
## add_wave /apatb_surf_Simplified_top/AESL_inst_surf_Simplified/m_axi_pointNumber_BID -into $wdata_group -radix hex
## add_wave /apatb_surf_Simplified_top/AESL_inst_surf_Simplified/m_axi_pointNumber_BRESP -into $wdata_group -radix hex
## add_wave /apatb_surf_Simplified_top/AESL_inst_surf_Simplified/m_axi_pointNumber_BREADY -into $ctrl_group -color #ffff00 -radix hex
## add_wave /apatb_surf_Simplified_top/AESL_inst_surf_Simplified/m_axi_pointNumber_BVALID -into $ctrl_group -color #ffff00 -radix hex
## add_wave /apatb_surf_Simplified_top/AESL_inst_surf_Simplified/m_axi_pointNumber_RRESP -into $rdata_group -radix hex
## add_wave /apatb_surf_Simplified_top/AESL_inst_surf_Simplified/m_axi_pointNumber_RUSER -into $rdata_group -radix hex
## add_wave /apatb_surf_Simplified_top/AESL_inst_surf_Simplified/m_axi_pointNumber_RID -into $rdata_group -radix hex
## add_wave /apatb_surf_Simplified_top/AESL_inst_surf_Simplified/m_axi_pointNumber_RLAST -into $ctrl_group -color #ffff00 -radix hex
## add_wave /apatb_surf_Simplified_top/AESL_inst_surf_Simplified/m_axi_pointNumber_RDATA -into $rdata_group -radix hex
## add_wave /apatb_surf_Simplified_top/AESL_inst_surf_Simplified/m_axi_pointNumber_RREADY -into $ctrl_group -color #ffff00 -radix hex
## add_wave /apatb_surf_Simplified_top/AESL_inst_surf_Simplified/m_axi_pointNumber_RVALID -into $ctrl_group -color #ffff00 -radix hex
## add_wave /apatb_surf_Simplified_top/AESL_inst_surf_Simplified/m_axi_pointNumber_ARUSER -into $rdata_group -radix hex
## add_wave /apatb_surf_Simplified_top/AESL_inst_surf_Simplified/m_axi_pointNumber_ARREGION -into $rdata_group -radix hex
## add_wave /apatb_surf_Simplified_top/AESL_inst_surf_Simplified/m_axi_pointNumber_ARQOS -into $rdata_group -radix hex
## add_wave /apatb_surf_Simplified_top/AESL_inst_surf_Simplified/m_axi_pointNumber_ARPROT -into $rdata_group -radix hex
## add_wave /apatb_surf_Simplified_top/AESL_inst_surf_Simplified/m_axi_pointNumber_ARCACHE -into $rdata_group -radix hex
## add_wave /apatb_surf_Simplified_top/AESL_inst_surf_Simplified/m_axi_pointNumber_ARLOCK -into $rdata_group -radix hex
## add_wave /apatb_surf_Simplified_top/AESL_inst_surf_Simplified/m_axi_pointNumber_ARBURST -into $rdata_group -radix hex
## add_wave /apatb_surf_Simplified_top/AESL_inst_surf_Simplified/m_axi_pointNumber_ARSIZE -into $rdata_group -radix hex
## add_wave /apatb_surf_Simplified_top/AESL_inst_surf_Simplified/m_axi_pointNumber_ARLEN -into $rdata_group -radix hex
## add_wave /apatb_surf_Simplified_top/AESL_inst_surf_Simplified/m_axi_pointNumber_ARID -into $rdata_group -radix hex
## add_wave /apatb_surf_Simplified_top/AESL_inst_surf_Simplified/m_axi_pointNumber_ARADDR -into $rdata_group -radix hex
## add_wave /apatb_surf_Simplified_top/AESL_inst_surf_Simplified/m_axi_pointNumber_ARREADY -into $ctrl_group -color #ffff00 -radix hex
## add_wave /apatb_surf_Simplified_top/AESL_inst_surf_Simplified/m_axi_pointNumber_ARVALID -into $ctrl_group -color #ffff00 -radix hex
## add_wave /apatb_surf_Simplified_top/AESL_inst_surf_Simplified/m_axi_pointNumber_WUSER -into $wdata_group -radix hex
## add_wave /apatb_surf_Simplified_top/AESL_inst_surf_Simplified/m_axi_pointNumber_WID -into $wdata_group -radix hex
## add_wave /apatb_surf_Simplified_top/AESL_inst_surf_Simplified/m_axi_pointNumber_WLAST -into $ctrl_group -color #ffff00 -radix hex
## add_wave /apatb_surf_Simplified_top/AESL_inst_surf_Simplified/m_axi_pointNumber_WSTRB -into $wdata_group -radix hex
## add_wave /apatb_surf_Simplified_top/AESL_inst_surf_Simplified/m_axi_pointNumber_WDATA -into $wdata_group -radix hex
## add_wave /apatb_surf_Simplified_top/AESL_inst_surf_Simplified/m_axi_pointNumber_WREADY -into $ctrl_group -color #ffff00 -radix hex
## add_wave /apatb_surf_Simplified_top/AESL_inst_surf_Simplified/m_axi_pointNumber_WVALID -into $ctrl_group -color #ffff00 -radix hex
## add_wave /apatb_surf_Simplified_top/AESL_inst_surf_Simplified/m_axi_pointNumber_AWUSER -into $wdata_group -radix hex
## add_wave /apatb_surf_Simplified_top/AESL_inst_surf_Simplified/m_axi_pointNumber_AWREGION -into $wdata_group -radix hex
## add_wave /apatb_surf_Simplified_top/AESL_inst_surf_Simplified/m_axi_pointNumber_AWQOS -into $wdata_group -radix hex
## add_wave /apatb_surf_Simplified_top/AESL_inst_surf_Simplified/m_axi_pointNumber_AWPROT -into $wdata_group -radix hex
## add_wave /apatb_surf_Simplified_top/AESL_inst_surf_Simplified/m_axi_pointNumber_AWCACHE -into $wdata_group -radix hex
## add_wave /apatb_surf_Simplified_top/AESL_inst_surf_Simplified/m_axi_pointNumber_AWLOCK -into $wdata_group -radix hex
## add_wave /apatb_surf_Simplified_top/AESL_inst_surf_Simplified/m_axi_pointNumber_AWBURST -into $wdata_group -radix hex
## add_wave /apatb_surf_Simplified_top/AESL_inst_surf_Simplified/m_axi_pointNumber_AWSIZE -into $wdata_group -radix hex
## add_wave /apatb_surf_Simplified_top/AESL_inst_surf_Simplified/m_axi_pointNumber_AWLEN -into $wdata_group -radix hex
## add_wave /apatb_surf_Simplified_top/AESL_inst_surf_Simplified/m_axi_pointNumber_AWID -into $wdata_group -radix hex
## add_wave /apatb_surf_Simplified_top/AESL_inst_surf_Simplified/m_axi_pointNumber_AWADDR -into $wdata_group -radix hex
## add_wave /apatb_surf_Simplified_top/AESL_inst_surf_Simplified/m_axi_pointNumber_AWREADY -into $ctrl_group -color #ffff00 -radix hex
## add_wave /apatb_surf_Simplified_top/AESL_inst_surf_Simplified/m_axi_pointNumber_AWVALID -into $ctrl_group -color #ffff00 -radix hex
## set keyPoints_group [add_wave_group keyPoints(axi_master) -into $cinputgroup]
## set rdata_group [add_wave_group "Read Channel" -into $keyPoints_group]
## set wdata_group [add_wave_group "Write Channel" -into $keyPoints_group]
## set ctrl_group [add_wave_group "Handshakes" -into $keyPoints_group]
## add_wave /apatb_surf_Simplified_top/AESL_inst_surf_Simplified/m_axi_keyPoints_BUSER -into $wdata_group -radix hex
## add_wave /apatb_surf_Simplified_top/AESL_inst_surf_Simplified/m_axi_keyPoints_BID -into $wdata_group -radix hex
## add_wave /apatb_surf_Simplified_top/AESL_inst_surf_Simplified/m_axi_keyPoints_BRESP -into $wdata_group -radix hex
## add_wave /apatb_surf_Simplified_top/AESL_inst_surf_Simplified/m_axi_keyPoints_BREADY -into $ctrl_group -color #ffff00 -radix hex
## add_wave /apatb_surf_Simplified_top/AESL_inst_surf_Simplified/m_axi_keyPoints_BVALID -into $ctrl_group -color #ffff00 -radix hex
## add_wave /apatb_surf_Simplified_top/AESL_inst_surf_Simplified/m_axi_keyPoints_RRESP -into $rdata_group -radix hex
## add_wave /apatb_surf_Simplified_top/AESL_inst_surf_Simplified/m_axi_keyPoints_RUSER -into $rdata_group -radix hex
## add_wave /apatb_surf_Simplified_top/AESL_inst_surf_Simplified/m_axi_keyPoints_RID -into $rdata_group -radix hex
## add_wave /apatb_surf_Simplified_top/AESL_inst_surf_Simplified/m_axi_keyPoints_RLAST -into $ctrl_group -color #ffff00 -radix hex
## add_wave /apatb_surf_Simplified_top/AESL_inst_surf_Simplified/m_axi_keyPoints_RDATA -into $rdata_group -radix hex
## add_wave /apatb_surf_Simplified_top/AESL_inst_surf_Simplified/m_axi_keyPoints_RREADY -into $ctrl_group -color #ffff00 -radix hex
## add_wave /apatb_surf_Simplified_top/AESL_inst_surf_Simplified/m_axi_keyPoints_RVALID -into $ctrl_group -color #ffff00 -radix hex
## add_wave /apatb_surf_Simplified_top/AESL_inst_surf_Simplified/m_axi_keyPoints_ARUSER -into $rdata_group -radix hex
## add_wave /apatb_surf_Simplified_top/AESL_inst_surf_Simplified/m_axi_keyPoints_ARREGION -into $rdata_group -radix hex
## add_wave /apatb_surf_Simplified_top/AESL_inst_surf_Simplified/m_axi_keyPoints_ARQOS -into $rdata_group -radix hex
## add_wave /apatb_surf_Simplified_top/AESL_inst_surf_Simplified/m_axi_keyPoints_ARPROT -into $rdata_group -radix hex
## add_wave /apatb_surf_Simplified_top/AESL_inst_surf_Simplified/m_axi_keyPoints_ARCACHE -into $rdata_group -radix hex
## add_wave /apatb_surf_Simplified_top/AESL_inst_surf_Simplified/m_axi_keyPoints_ARLOCK -into $rdata_group -radix hex
## add_wave /apatb_surf_Simplified_top/AESL_inst_surf_Simplified/m_axi_keyPoints_ARBURST -into $rdata_group -radix hex
## add_wave /apatb_surf_Simplified_top/AESL_inst_surf_Simplified/m_axi_keyPoints_ARSIZE -into $rdata_group -radix hex
## add_wave /apatb_surf_Simplified_top/AESL_inst_surf_Simplified/m_axi_keyPoints_ARLEN -into $rdata_group -radix hex
## add_wave /apatb_surf_Simplified_top/AESL_inst_surf_Simplified/m_axi_keyPoints_ARID -into $rdata_group -radix hex
## add_wave /apatb_surf_Simplified_top/AESL_inst_surf_Simplified/m_axi_keyPoints_ARADDR -into $rdata_group -radix hex
## add_wave /apatb_surf_Simplified_top/AESL_inst_surf_Simplified/m_axi_keyPoints_ARREADY -into $ctrl_group -color #ffff00 -radix hex
## add_wave /apatb_surf_Simplified_top/AESL_inst_surf_Simplified/m_axi_keyPoints_ARVALID -into $ctrl_group -color #ffff00 -radix hex
## add_wave /apatb_surf_Simplified_top/AESL_inst_surf_Simplified/m_axi_keyPoints_WUSER -into $wdata_group -radix hex
## add_wave /apatb_surf_Simplified_top/AESL_inst_surf_Simplified/m_axi_keyPoints_WID -into $wdata_group -radix hex
## add_wave /apatb_surf_Simplified_top/AESL_inst_surf_Simplified/m_axi_keyPoints_WLAST -into $ctrl_group -color #ffff00 -radix hex
## add_wave /apatb_surf_Simplified_top/AESL_inst_surf_Simplified/m_axi_keyPoints_WSTRB -into $wdata_group -radix hex
## add_wave /apatb_surf_Simplified_top/AESL_inst_surf_Simplified/m_axi_keyPoints_WDATA -into $wdata_group -radix hex
## add_wave /apatb_surf_Simplified_top/AESL_inst_surf_Simplified/m_axi_keyPoints_WREADY -into $ctrl_group -color #ffff00 -radix hex
## add_wave /apatb_surf_Simplified_top/AESL_inst_surf_Simplified/m_axi_keyPoints_WVALID -into $ctrl_group -color #ffff00 -radix hex
## add_wave /apatb_surf_Simplified_top/AESL_inst_surf_Simplified/m_axi_keyPoints_AWUSER -into $wdata_group -radix hex
## add_wave /apatb_surf_Simplified_top/AESL_inst_surf_Simplified/m_axi_keyPoints_AWREGION -into $wdata_group -radix hex
## add_wave /apatb_surf_Simplified_top/AESL_inst_surf_Simplified/m_axi_keyPoints_AWQOS -into $wdata_group -radix hex
## add_wave /apatb_surf_Simplified_top/AESL_inst_surf_Simplified/m_axi_keyPoints_AWPROT -into $wdata_group -radix hex
## add_wave /apatb_surf_Simplified_top/AESL_inst_surf_Simplified/m_axi_keyPoints_AWCACHE -into $wdata_group -radix hex
## add_wave /apatb_surf_Simplified_top/AESL_inst_surf_Simplified/m_axi_keyPoints_AWLOCK -into $wdata_group -radix hex
## add_wave /apatb_surf_Simplified_top/AESL_inst_surf_Simplified/m_axi_keyPoints_AWBURST -into $wdata_group -radix hex
## add_wave /apatb_surf_Simplified_top/AESL_inst_surf_Simplified/m_axi_keyPoints_AWSIZE -into $wdata_group -radix hex
## add_wave /apatb_surf_Simplified_top/AESL_inst_surf_Simplified/m_axi_keyPoints_AWLEN -into $wdata_group -radix hex
## add_wave /apatb_surf_Simplified_top/AESL_inst_surf_Simplified/m_axi_keyPoints_AWID -into $wdata_group -radix hex
## add_wave /apatb_surf_Simplified_top/AESL_inst_surf_Simplified/m_axi_keyPoints_AWADDR -into $wdata_group -radix hex
## add_wave /apatb_surf_Simplified_top/AESL_inst_surf_Simplified/m_axi_keyPoints_AWREADY -into $ctrl_group -color #ffff00 -radix hex
## add_wave /apatb_surf_Simplified_top/AESL_inst_surf_Simplified/m_axi_keyPoints_AWVALID -into $ctrl_group -color #ffff00 -radix hex
## set threshold_group [add_wave_group threshold(axi_slave) -into $cinputgroup]
## add_wave /apatb_surf_Simplified_top/AESL_inst_surf_Simplified/s_axi_threshold_BRESP -into $threshold_group -radix hex
## add_wave /apatb_surf_Simplified_top/AESL_inst_surf_Simplified/s_axi_threshold_BREADY -into $threshold_group -color #ffff00 -radix hex
## add_wave /apatb_surf_Simplified_top/AESL_inst_surf_Simplified/s_axi_threshold_BVALID -into $threshold_group -color #ffff00 -radix hex
## add_wave /apatb_surf_Simplified_top/AESL_inst_surf_Simplified/s_axi_threshold_RRESP -into $threshold_group -radix hex
## add_wave /apatb_surf_Simplified_top/AESL_inst_surf_Simplified/s_axi_threshold_RDATA -into $threshold_group -radix hex
## add_wave /apatb_surf_Simplified_top/AESL_inst_surf_Simplified/s_axi_threshold_RREADY -into $threshold_group -color #ffff00 -radix hex
## add_wave /apatb_surf_Simplified_top/AESL_inst_surf_Simplified/s_axi_threshold_RVALID -into $threshold_group -color #ffff00 -radix hex
## add_wave /apatb_surf_Simplified_top/AESL_inst_surf_Simplified/s_axi_threshold_ARREADY -into $threshold_group -color #ffff00 -radix hex
## add_wave /apatb_surf_Simplified_top/AESL_inst_surf_Simplified/s_axi_threshold_ARVALID -into $threshold_group -color #ffff00 -radix hex
## add_wave /apatb_surf_Simplified_top/AESL_inst_surf_Simplified/s_axi_threshold_ARADDR -into $threshold_group -radix hex
## add_wave /apatb_surf_Simplified_top/AESL_inst_surf_Simplified/s_axi_threshold_WSTRB -into $threshold_group -radix hex
## add_wave /apatb_surf_Simplified_top/AESL_inst_surf_Simplified/s_axi_threshold_WDATA -into $threshold_group -radix hex
## add_wave /apatb_surf_Simplified_top/AESL_inst_surf_Simplified/s_axi_threshold_WREADY -into $threshold_group -color #ffff00 -radix hex
## add_wave /apatb_surf_Simplified_top/AESL_inst_surf_Simplified/s_axi_threshold_WVALID -into $threshold_group -color #ffff00 -radix hex
## add_wave /apatb_surf_Simplified_top/AESL_inst_surf_Simplified/s_axi_threshold_AWREADY -into $threshold_group -color #ffff00 -radix hex
## add_wave /apatb_surf_Simplified_top/AESL_inst_surf_Simplified/s_axi_threshold_AWVALID -into $threshold_group -color #ffff00 -radix hex
## add_wave /apatb_surf_Simplified_top/AESL_inst_surf_Simplified/s_axi_threshold_AWADDR -into $threshold_group -radix hex
## set blocksiggroup [add_wave_group "Block-level IO Handshake(internal)" -into $designtopgroup]
## add_wave /apatb_surf_Simplified_top/AESL_inst_surf_Simplified/ap_done -into $blocksiggroup
## add_wave /apatb_surf_Simplified_top/AESL_inst_surf_Simplified/ap_idle -into $blocksiggroup
## add_wave /apatb_surf_Simplified_top/AESL_inst_surf_Simplified/ap_ready -into $blocksiggroup
## add_wave /apatb_surf_Simplified_top/AESL_inst_surf_Simplified/ap_start -into $blocksiggroup
## set resetgroup [add_wave_group "Reset" -into $designtopgroup]
## add_wave /apatb_surf_Simplified_top/AESL_inst_surf_Simplified/ap_rst_n -into $resetgroup
## set clockgroup [add_wave_group "Clock" -into $designtopgroup]
## add_wave /apatb_surf_Simplified_top/AESL_inst_surf_Simplified/ap_clk -into $clockgroup
## set testbenchgroup [add_wave_group "Test Bench Signals"]
## set tbinternalsiggroup [add_wave_group "Internal Signals" -into $testbenchgroup]
## set tb_simstatus_group [add_wave_group "Simulation Status" -into $tbinternalsiggroup]
## set tb_portdepth_group [add_wave_group "Port Depth" -into $tbinternalsiggroup]
## add_wave /apatb_surf_Simplified_top/AUTOTB_TRANSACTION_NUM -into $tb_simstatus_group -radix hex
## add_wave /apatb_surf_Simplified_top/ready_cnt -into $tb_simstatus_group -radix hex
## add_wave /apatb_surf_Simplified_top/done_cnt -into $tb_simstatus_group -radix hex
## add_wave /apatb_surf_Simplified_top/LENGTH_video_in_V_data_V -into $tb_portdepth_group -radix hex
## add_wave /apatb_surf_Simplified_top/LENGTH_video_in_V_keep_V -into $tb_portdepth_group -radix hex
## add_wave /apatb_surf_Simplified_top/LENGTH_video_in_V_strb_V -into $tb_portdepth_group -radix hex
## add_wave /apatb_surf_Simplified_top/LENGTH_video_in_V_user_V -into $tb_portdepth_group -radix hex
## add_wave /apatb_surf_Simplified_top/LENGTH_video_in_V_last_V -into $tb_portdepth_group -radix hex
## add_wave /apatb_surf_Simplified_top/LENGTH_video_in_V_id_V -into $tb_portdepth_group -radix hex
## add_wave /apatb_surf_Simplified_top/LENGTH_video_in_V_dest_V -into $tb_portdepth_group -radix hex
## set tbcinoutgroup [add_wave_group "C InOuts" -into $testbenchgroup]
## set tb_keyPoints_V__kpn__return_group [add_wave_group keyPoints_V__kpn__return(axi_slave) -into $tbcinoutgroup]
## add_wave /apatb_surf_Simplified_top/AXILiteS_INTERRUPT -into $tb_keyPoints_V__kpn__return_group -color #ffff00 -radix hex
## add_wave /apatb_surf_Simplified_top/AXILiteS_BRESP -into $tb_keyPoints_V__kpn__return_group -radix hex
## add_wave /apatb_surf_Simplified_top/AXILiteS_BREADY -into $tb_keyPoints_V__kpn__return_group -color #ffff00 -radix hex
## add_wave /apatb_surf_Simplified_top/AXILiteS_BVALID -into $tb_keyPoints_V__kpn__return_group -color #ffff00 -radix hex
## add_wave /apatb_surf_Simplified_top/AXILiteS_RRESP -into $tb_keyPoints_V__kpn__return_group -radix hex
## add_wave /apatb_surf_Simplified_top/AXILiteS_RDATA -into $tb_keyPoints_V__kpn__return_group -radix hex
## add_wave /apatb_surf_Simplified_top/AXILiteS_RREADY -into $tb_keyPoints_V__kpn__return_group -color #ffff00 -radix hex
## add_wave /apatb_surf_Simplified_top/AXILiteS_RVALID -into $tb_keyPoints_V__kpn__return_group -color #ffff00 -radix hex
## add_wave /apatb_surf_Simplified_top/AXILiteS_ARREADY -into $tb_keyPoints_V__kpn__return_group -color #ffff00 -radix hex
## add_wave /apatb_surf_Simplified_top/AXILiteS_ARVALID -into $tb_keyPoints_V__kpn__return_group -color #ffff00 -radix hex
## add_wave /apatb_surf_Simplified_top/AXILiteS_ARADDR -into $tb_keyPoints_V__kpn__return_group -radix hex
## add_wave /apatb_surf_Simplified_top/AXILiteS_WSTRB -into $tb_keyPoints_V__kpn__return_group -radix hex
## add_wave /apatb_surf_Simplified_top/AXILiteS_WDATA -into $tb_keyPoints_V__kpn__return_group -radix hex
## add_wave /apatb_surf_Simplified_top/AXILiteS_WREADY -into $tb_keyPoints_V__kpn__return_group -color #ffff00 -radix hex
## add_wave /apatb_surf_Simplified_top/AXILiteS_WVALID -into $tb_keyPoints_V__kpn__return_group -color #ffff00 -radix hex
## add_wave /apatb_surf_Simplified_top/AXILiteS_AWREADY -into $tb_keyPoints_V__kpn__return_group -color #ffff00 -radix hex
## add_wave /apatb_surf_Simplified_top/AXILiteS_AWVALID -into $tb_keyPoints_V__kpn__return_group -color #ffff00 -radix hex
## add_wave /apatb_surf_Simplified_top/AXILiteS_AWADDR -into $tb_keyPoints_V__kpn__return_group -radix hex
## set tbcinputgroup [add_wave_group "C Inputs" -into $testbenchgroup]
## set tb_video_in_group [add_wave_group video_in(axis) -into $tbcinputgroup]
## add_wave /apatb_surf_Simplified_top/video_in_TREADY -into $tb_video_in_group -color #ffff00 -radix hex
## add_wave /apatb_surf_Simplified_top/video_in_TVALID -into $tb_video_in_group -color #ffff00 -radix hex
## add_wave /apatb_surf_Simplified_top/video_in_TDEST -into $tb_video_in_group -radix hex
## add_wave /apatb_surf_Simplified_top/video_in_TID -into $tb_video_in_group -radix hex
## add_wave /apatb_surf_Simplified_top/video_in_TLAST -into $tb_video_in_group -color #ffff00 -radix hex
## add_wave /apatb_surf_Simplified_top/video_in_TUSER -into $tb_video_in_group -radix hex
## add_wave /apatb_surf_Simplified_top/video_in_TSTRB -into $tb_video_in_group -radix hex
## add_wave /apatb_surf_Simplified_top/video_in_TKEEP -into $tb_video_in_group -radix hex
## add_wave /apatb_surf_Simplified_top/video_in_TDATA -into $tb_video_in_group -radix hex
## set tb_kpn_group [add_wave_group kpn(axi_master) -into $tbcinputgroup]
## set rdata_group [add_wave_group "Read Channel" -into $tb_kpn_group]
## set wdata_group [add_wave_group "Write Channel" -into $tb_kpn_group]
## set ctrl_group [add_wave_group "Handshakes" -into $tb_kpn_group]
## add_wave /apatb_surf_Simplified_top/m_axi_pointNumber_BUSER -into $wdata_group -radix hex
## add_wave /apatb_surf_Simplified_top/m_axi_pointNumber_BID -into $wdata_group -radix hex
## add_wave /apatb_surf_Simplified_top/m_axi_pointNumber_BRESP -into $wdata_group -radix hex
## add_wave /apatb_surf_Simplified_top/m_axi_pointNumber_BREADY -into $ctrl_group -color #ffff00 -radix hex
## add_wave /apatb_surf_Simplified_top/m_axi_pointNumber_BVALID -into $ctrl_group -color #ffff00 -radix hex
## add_wave /apatb_surf_Simplified_top/m_axi_pointNumber_RRESP -into $rdata_group -radix hex
## add_wave /apatb_surf_Simplified_top/m_axi_pointNumber_RUSER -into $rdata_group -radix hex
## add_wave /apatb_surf_Simplified_top/m_axi_pointNumber_RID -into $rdata_group -radix hex
## add_wave /apatb_surf_Simplified_top/m_axi_pointNumber_RLAST -into $ctrl_group -color #ffff00 -radix hex
## add_wave /apatb_surf_Simplified_top/m_axi_pointNumber_RDATA -into $rdata_group -radix hex
## add_wave /apatb_surf_Simplified_top/m_axi_pointNumber_RREADY -into $ctrl_group -color #ffff00 -radix hex
## add_wave /apatb_surf_Simplified_top/m_axi_pointNumber_RVALID -into $ctrl_group -color #ffff00 -radix hex
## add_wave /apatb_surf_Simplified_top/m_axi_pointNumber_ARUSER -into $rdata_group -radix hex
## add_wave /apatb_surf_Simplified_top/m_axi_pointNumber_ARREGION -into $rdata_group -radix hex
## add_wave /apatb_surf_Simplified_top/m_axi_pointNumber_ARQOS -into $rdata_group -radix hex
## add_wave /apatb_surf_Simplified_top/m_axi_pointNumber_ARPROT -into $rdata_group -radix hex
## add_wave /apatb_surf_Simplified_top/m_axi_pointNumber_ARCACHE -into $rdata_group -radix hex
## add_wave /apatb_surf_Simplified_top/m_axi_pointNumber_ARLOCK -into $rdata_group -radix hex
## add_wave /apatb_surf_Simplified_top/m_axi_pointNumber_ARBURST -into $rdata_group -radix hex
## add_wave /apatb_surf_Simplified_top/m_axi_pointNumber_ARSIZE -into $rdata_group -radix hex
## add_wave /apatb_surf_Simplified_top/m_axi_pointNumber_ARLEN -into $rdata_group -radix hex
## add_wave /apatb_surf_Simplified_top/m_axi_pointNumber_ARID -into $rdata_group -radix hex
## add_wave /apatb_surf_Simplified_top/m_axi_pointNumber_ARADDR -into $rdata_group -radix hex
## add_wave /apatb_surf_Simplified_top/m_axi_pointNumber_ARREADY -into $ctrl_group -color #ffff00 -radix hex
## add_wave /apatb_surf_Simplified_top/m_axi_pointNumber_ARVALID -into $ctrl_group -color #ffff00 -radix hex
## add_wave /apatb_surf_Simplified_top/m_axi_pointNumber_WUSER -into $wdata_group -radix hex
## add_wave /apatb_surf_Simplified_top/m_axi_pointNumber_WID -into $wdata_group -radix hex
## add_wave /apatb_surf_Simplified_top/m_axi_pointNumber_WLAST -into $ctrl_group -color #ffff00 -radix hex
## add_wave /apatb_surf_Simplified_top/m_axi_pointNumber_WSTRB -into $wdata_group -radix hex
## add_wave /apatb_surf_Simplified_top/m_axi_pointNumber_WDATA -into $wdata_group -radix hex
## add_wave /apatb_surf_Simplified_top/m_axi_pointNumber_WREADY -into $ctrl_group -color #ffff00 -radix hex
## add_wave /apatb_surf_Simplified_top/m_axi_pointNumber_WVALID -into $ctrl_group -color #ffff00 -radix hex
## add_wave /apatb_surf_Simplified_top/m_axi_pointNumber_AWUSER -into $wdata_group -radix hex
## add_wave /apatb_surf_Simplified_top/m_axi_pointNumber_AWREGION -into $wdata_group -radix hex
## add_wave /apatb_surf_Simplified_top/m_axi_pointNumber_AWQOS -into $wdata_group -radix hex
## add_wave /apatb_surf_Simplified_top/m_axi_pointNumber_AWPROT -into $wdata_group -radix hex
## add_wave /apatb_surf_Simplified_top/m_axi_pointNumber_AWCACHE -into $wdata_group -radix hex
## add_wave /apatb_surf_Simplified_top/m_axi_pointNumber_AWLOCK -into $wdata_group -radix hex
## add_wave /apatb_surf_Simplified_top/m_axi_pointNumber_AWBURST -into $wdata_group -radix hex
## add_wave /apatb_surf_Simplified_top/m_axi_pointNumber_AWSIZE -into $wdata_group -radix hex
## add_wave /apatb_surf_Simplified_top/m_axi_pointNumber_AWLEN -into $wdata_group -radix hex
## add_wave /apatb_surf_Simplified_top/m_axi_pointNumber_AWID -into $wdata_group -radix hex
## add_wave /apatb_surf_Simplified_top/m_axi_pointNumber_AWADDR -into $wdata_group -radix hex
## add_wave /apatb_surf_Simplified_top/m_axi_pointNumber_AWREADY -into $ctrl_group -color #ffff00 -radix hex
## add_wave /apatb_surf_Simplified_top/m_axi_pointNumber_AWVALID -into $ctrl_group -color #ffff00 -radix hex
## set tb_keyPoints_group [add_wave_group keyPoints(axi_master) -into $tbcinputgroup]
## set rdata_group [add_wave_group "Read Channel" -into $tb_keyPoints_group]
## set wdata_group [add_wave_group "Write Channel" -into $tb_keyPoints_group]
## set ctrl_group [add_wave_group "Handshakes" -into $tb_keyPoints_group]
## add_wave /apatb_surf_Simplified_top/m_axi_keyPoints_BUSER -into $wdata_group -radix hex
## add_wave /apatb_surf_Simplified_top/m_axi_keyPoints_BID -into $wdata_group -radix hex
## add_wave /apatb_surf_Simplified_top/m_axi_keyPoints_BRESP -into $wdata_group -radix hex
## add_wave /apatb_surf_Simplified_top/m_axi_keyPoints_BREADY -into $ctrl_group -color #ffff00 -radix hex
## add_wave /apatb_surf_Simplified_top/m_axi_keyPoints_BVALID -into $ctrl_group -color #ffff00 -radix hex
## add_wave /apatb_surf_Simplified_top/m_axi_keyPoints_RRESP -into $rdata_group -radix hex
## add_wave /apatb_surf_Simplified_top/m_axi_keyPoints_RUSER -into $rdata_group -radix hex
## add_wave /apatb_surf_Simplified_top/m_axi_keyPoints_RID -into $rdata_group -radix hex
## add_wave /apatb_surf_Simplified_top/m_axi_keyPoints_RLAST -into $ctrl_group -color #ffff00 -radix hex
## add_wave /apatb_surf_Simplified_top/m_axi_keyPoints_RDATA -into $rdata_group -radix hex
## add_wave /apatb_surf_Simplified_top/m_axi_keyPoints_RREADY -into $ctrl_group -color #ffff00 -radix hex
## add_wave /apatb_surf_Simplified_top/m_axi_keyPoints_RVALID -into $ctrl_group -color #ffff00 -radix hex
## add_wave /apatb_surf_Simplified_top/m_axi_keyPoints_ARUSER -into $rdata_group -radix hex
## add_wave /apatb_surf_Simplified_top/m_axi_keyPoints_ARREGION -into $rdata_group -radix hex
## add_wave /apatb_surf_Simplified_top/m_axi_keyPoints_ARQOS -into $rdata_group -radix hex
## add_wave /apatb_surf_Simplified_top/m_axi_keyPoints_ARPROT -into $rdata_group -radix hex
## add_wave /apatb_surf_Simplified_top/m_axi_keyPoints_ARCACHE -into $rdata_group -radix hex
## add_wave /apatb_surf_Simplified_top/m_axi_keyPoints_ARLOCK -into $rdata_group -radix hex
## add_wave /apatb_surf_Simplified_top/m_axi_keyPoints_ARBURST -into $rdata_group -radix hex
## add_wave /apatb_surf_Simplified_top/m_axi_keyPoints_ARSIZE -into $rdata_group -radix hex
## add_wave /apatb_surf_Simplified_top/m_axi_keyPoints_ARLEN -into $rdata_group -radix hex
## add_wave /apatb_surf_Simplified_top/m_axi_keyPoints_ARID -into $rdata_group -radix hex
## add_wave /apatb_surf_Simplified_top/m_axi_keyPoints_ARADDR -into $rdata_group -radix hex
## add_wave /apatb_surf_Simplified_top/m_axi_keyPoints_ARREADY -into $ctrl_group -color #ffff00 -radix hex
## add_wave /apatb_surf_Simplified_top/m_axi_keyPoints_ARVALID -into $ctrl_group -color #ffff00 -radix hex
## add_wave /apatb_surf_Simplified_top/m_axi_keyPoints_WUSER -into $wdata_group -radix hex
## add_wave /apatb_surf_Simplified_top/m_axi_keyPoints_WID -into $wdata_group -radix hex
## add_wave /apatb_surf_Simplified_top/m_axi_keyPoints_WLAST -into $ctrl_group -color #ffff00 -radix hex
## add_wave /apatb_surf_Simplified_top/m_axi_keyPoints_WSTRB -into $wdata_group -radix hex
## add_wave /apatb_surf_Simplified_top/m_axi_keyPoints_WDATA -into $wdata_group -radix hex
## add_wave /apatb_surf_Simplified_top/m_axi_keyPoints_WREADY -into $ctrl_group -color #ffff00 -radix hex
## add_wave /apatb_surf_Simplified_top/m_axi_keyPoints_WVALID -into $ctrl_group -color #ffff00 -radix hex
## add_wave /apatb_surf_Simplified_top/m_axi_keyPoints_AWUSER -into $wdata_group -radix hex
## add_wave /apatb_surf_Simplified_top/m_axi_keyPoints_AWREGION -into $wdata_group -radix hex
## add_wave /apatb_surf_Simplified_top/m_axi_keyPoints_AWQOS -into $wdata_group -radix hex
## add_wave /apatb_surf_Simplified_top/m_axi_keyPoints_AWPROT -into $wdata_group -radix hex
## add_wave /apatb_surf_Simplified_top/m_axi_keyPoints_AWCACHE -into $wdata_group -radix hex
## add_wave /apatb_surf_Simplified_top/m_axi_keyPoints_AWLOCK -into $wdata_group -radix hex
## add_wave /apatb_surf_Simplified_top/m_axi_keyPoints_AWBURST -into $wdata_group -radix hex
## add_wave /apatb_surf_Simplified_top/m_axi_keyPoints_AWSIZE -into $wdata_group -radix hex
## add_wave /apatb_surf_Simplified_top/m_axi_keyPoints_AWLEN -into $wdata_group -radix hex
## add_wave /apatb_surf_Simplified_top/m_axi_keyPoints_AWID -into $wdata_group -radix hex
## add_wave /apatb_surf_Simplified_top/m_axi_keyPoints_AWADDR -into $wdata_group -radix hex
## add_wave /apatb_surf_Simplified_top/m_axi_keyPoints_AWREADY -into $ctrl_group -color #ffff00 -radix hex
## add_wave /apatb_surf_Simplified_top/m_axi_keyPoints_AWVALID -into $ctrl_group -color #ffff00 -radix hex
## set tb_threshold_group [add_wave_group threshold(axi_slave) -into $tbcinputgroup]
## add_wave /apatb_surf_Simplified_top/threshold_BRESP -into $tb_threshold_group -radix hex
## add_wave /apatb_surf_Simplified_top/threshold_BREADY -into $tb_threshold_group -color #ffff00 -radix hex
## add_wave /apatb_surf_Simplified_top/threshold_BVALID -into $tb_threshold_group -color #ffff00 -radix hex
## add_wave /apatb_surf_Simplified_top/threshold_RRESP -into $tb_threshold_group -radix hex
## add_wave /apatb_surf_Simplified_top/threshold_RDATA -into $tb_threshold_group -radix hex
## add_wave /apatb_surf_Simplified_top/threshold_RREADY -into $tb_threshold_group -color #ffff00 -radix hex
## add_wave /apatb_surf_Simplified_top/threshold_RVALID -into $tb_threshold_group -color #ffff00 -radix hex
## add_wave /apatb_surf_Simplified_top/threshold_ARREADY -into $tb_threshold_group -color #ffff00 -radix hex
## add_wave /apatb_surf_Simplified_top/threshold_ARVALID -into $tb_threshold_group -color #ffff00 -radix hex
## add_wave /apatb_surf_Simplified_top/threshold_ARADDR -into $tb_threshold_group -radix hex
## add_wave /apatb_surf_Simplified_top/threshold_WSTRB -into $tb_threshold_group -radix hex
## add_wave /apatb_surf_Simplified_top/threshold_WDATA -into $tb_threshold_group -radix hex
## add_wave /apatb_surf_Simplified_top/threshold_WREADY -into $tb_threshold_group -color #ffff00 -radix hex
## add_wave /apatb_surf_Simplified_top/threshold_WVALID -into $tb_threshold_group -color #ffff00 -radix hex
## add_wave /apatb_surf_Simplified_top/threshold_AWREADY -into $tb_threshold_group -color #ffff00 -radix hex
## add_wave /apatb_surf_Simplified_top/threshold_AWVALID -into $tb_threshold_group -color #ffff00 -radix hex
## add_wave /apatb_surf_Simplified_top/threshold_AWADDR -into $tb_threshold_group -radix hex
## save_wave_config surf_Simplified.wcfg
## run all
////////////////////////////////////////////////////////////////////////////////////
// Inter-Transaction Progress: Completed Transaction / Total Transaction
// Intra-Transaction Progress: Measured Latency / Latency Estimation * 100%
//
// RTL Simulation : "Inter-Transaction Progress" ["Intra-Transaction Progress"] @ "Simulation Time"
////////////////////////////////////////////////////////////////////////////////////
// RTL Simulation : 0 / 1 [0.00%] @ "125000"
// RTL Simulation : 1 / 1 [100.00%] @ "6245000"
////////////////////////////////////////////////////////////////////////////////////
$finish called at time : 6285 ns : File "C:/Users/GUDONG/Desktop/HLS_SURF_Simplified/HLS_SURF_Simplified/solution1/sim/verilog/surf_Simplified.autotb.v" Line 602
run: Time (s): cpu = 00:00:11 ; elapsed = 00:00:26 . Memory (MB): peak = 217.824 ; gain = 0.000
## quit
INFO: [Common 17-206] Exiting xsim at Thu Aug 27 15:09:12 2020...
done
INFO: [COSIM-1000] *** C/RTL co-simulation finished: PASS ***
INFO: [COSIM-211] II is measurable only when transaction number is greater than 1 in RTL simulation. Otherwise, they will be marked as all NA. If user wants to calculate them, please make sure there are at least 2 transactions in RTL simulation.
