

================================================================
== Vivado HLS Report for 'surf_Simplified_entr'
================================================================
* Date:           Thu Aug 27 17:06:03 2020

* Version:        2018.3 (Build 2405991 on Thu Dec 06 23:56:15 MST 2018)
* Project:        HLS_SURF_Simplified
* Solution:       solution1
* Product family: zynq
* Target device:  xc7z020clg400-2


================================================================
== Performance Estimates
================================================================
+ Timing (ns): 
    * Summary: 
    +--------+-------+----------+------------+
    |  Clock | Target| Estimated| Uncertainty|
    +--------+-------+----------+------------+
    |ap_clk  |  10.00|     3.401|        1.25|
    +--------+-------+----------+------------+

+ Latency (clock cycles): 
    * Summary: 
    +-----+-----+-----+-----+---------+
    |  Latency  |  Interval | Pipeline|
    | min | max | min | max |   Type  |
    +-----+-----+-----+-----+---------+
    |    0|    0|    0|    0|   none  |
    +-----+-----+-----+-----+---------+

    + Detail: 
        * Instance: 
        N/A

        * Loop: 
        N/A



================================================================
== Utilization Estimates
================================================================
* Summary: 
+-----------------+---------+-------+--------+-------+
|       Name      | BRAM_18K| DSP48E|   FF   |  LUT  |
+-----------------+---------+-------+--------+-------+
|DSP              |        -|      -|       -|      -|
|Expression       |        -|      -|       0|      1|
|FIFO             |        -|      -|       -|      -|
|Instance         |        -|      -|       -|      -|
|Memory           |        -|      -|       -|      -|
|Multiplexer      |        -|      -|       -|     12|
|Register         |        -|      -|       3|      -|
+-----------------+---------+-------+--------+-------+
|Total            |        0|      0|       3|     13|
+-----------------+---------+-------+--------+-------+
|Available        |      280|    220|  106400|  53200|
+-----------------+---------+-------+--------+-------+
|Utilization (%)  |        0|      0|   ~0   |   ~0  |
+-----------------+---------+-------+--------+-------+

+ Detail: 
    * Instance: 
    N/A

    * DSP48: 
    N/A

    * Memory: 
    N/A

    * FIFO: 
    N/A

    * Expression: 
    +-----------------+----------+-------+---+----+------------+------------+
    |  Variable Name  | Operation| DSP48E| FF| LUT| Bitwidth P0| Bitwidth P1|
    +-----------------+----------+-------+---+----+------------+------------+
    |ap_block_state1  |    or    |      0|  0|   1|           1|           1|
    +-----------------+----------+-------+---+----+------------+------------+
    |Total            |          |      0|  0|   1|           1|           1|
    +-----------------+----------+-------+---+----+------------+------------+

    * Multiplexer: 
    +-----------------------+----+-----------+-----+-----------+
    |          Name         | LUT| Input Size| Bits| Total Bits|
    +-----------------------+----+-----------+-----+-----------+
    |ap_done                |   3|          2|    1|          2|
    |keyPoints_V_out_blk_n  |   3|          2|    1|          2|
    |kpn_out_blk_n          |   3|          2|    1|          2|
    |real_start             |   3|          2|    1|          2|
    +-----------------------+----+-----------+-----+-----------+
    |Total                  |  12|          8|    4|          8|
    +-----------------------+----+-----------+-----+-----------+

    * Register: 
    +----------------+---+----+-----+-----------+
    |      Name      | FF| LUT| Bits| Const Bits|
    +----------------+---+----+-----+-----------+
    |ap_CS_fsm       |  1|   0|    1|          0|
    |ap_done_reg     |  1|   0|    1|          0|
    |start_once_reg  |  1|   0|    1|          0|
    +----------------+---+----+-----+-----------+
    |Total           |  3|   0|    3|          0|
    +----------------+---+----+-----+-----------+



================================================================
== Interface
================================================================
* Summary: 
+------------------------+-----+-----+------------+----------------------+--------------+
|        RTL Ports       | Dir | Bits|  Protocol  |     Source Object    |    C Type    |
+------------------------+-----+-----+------------+----------------------+--------------+
|ap_clk                  |  in |    1| ap_ctrl_hs | surf_Simplified.entr | return value |
|ap_rst                  |  in |    1| ap_ctrl_hs | surf_Simplified.entr | return value |
|ap_start                |  in |    1| ap_ctrl_hs | surf_Simplified.entr | return value |
|start_full_n            |  in |    1| ap_ctrl_hs | surf_Simplified.entr | return value |
|ap_done                 | out |    1| ap_ctrl_hs | surf_Simplified.entr | return value |
|ap_continue             |  in |    1| ap_ctrl_hs | surf_Simplified.entr | return value |
|ap_idle                 | out |    1| ap_ctrl_hs | surf_Simplified.entr | return value |
|ap_ready                | out |    1| ap_ctrl_hs | surf_Simplified.entr | return value |
|start_out               | out |    1| ap_ctrl_hs | surf_Simplified.entr | return value |
|start_write             | out |    1| ap_ctrl_hs | surf_Simplified.entr | return value |
|keyPoints_V             |  in |   32|   ap_none  |      keyPoints_V     |    scalar    |
|kpn                     |  in |   32|   ap_none  |          kpn         |    scalar    |
|keyPoints_V_out_din     | out |   32|   ap_fifo  |    keyPoints_V_out   |    pointer   |
|keyPoints_V_out_full_n  |  in |    1|   ap_fifo  |    keyPoints_V_out   |    pointer   |
|keyPoints_V_out_write   | out |    1|   ap_fifo  |    keyPoints_V_out   |    pointer   |
|kpn_out_din             | out |   32|   ap_fifo  |        kpn_out       |    pointer   |
|kpn_out_full_n          |  in |    1|   ap_fifo  |        kpn_out       |    pointer   |
|kpn_out_write           | out |    1|   ap_fifo  |        kpn_out       |    pointer   |
+------------------------+-----+-----+------------+----------------------+--------------+

