

================================================================
== Vivado HLS Report for 'surf_Simplified'
================================================================
* Date:           Thu Aug 27 17:06:03 2020

* Version:        2018.3 (Build 2405991 on Thu Dec 06 23:56:15 MST 2018)
* Project:        HLS_SURF_Simplified
* Solution:       solution1
* Product family: zynq
* Target device:  xc7z020clg400-2


================================================================
== Performance Estimates
================================================================
+ Timing (ns): 
    * Summary: 
    +--------+-------+----------+------------+
    |  Clock | Target| Estimated| Uncertainty|
    +--------+-------+----------+------------+
    |ap_clk  |  10.00|     8.750|        1.25|
    +--------+-------+----------+------------+

+ Latency (clock cycles): 
    * Summary: 
    +---------+-----------+---------+-----------+----------+
    |       Latency       |       Interval      | Pipeline |
    |   min   |    max    |   min   |    max    |   Type   |
    +---------+-----------+---------+-----------+----------+
    |  5296622|  145384313|  5296615|  145384306| dataflow |
    +---------+-----------+---------+-----------+----------+

    + Detail: 
        * Instance: 
        +-----------------------------------------+----------------------+---------+-----------+---------+-----------+----------+
        |                                         |                      |       Latency       |       Interval      | Pipeline |
        |                 Instance                |        Module        |   min   |    max    |   min   |    max    |   Type   |
        +-----------------------------------------+----------------------+---------+-----------+---------+-----------+----------+
        |grp_HessianDetector_fu_210               |HessianDetector       |  5296614|  145384305|  5296615|  145384306| dataflow |
        |grp_integralImg_fu_271                   |integralImg           |   964005|    3371010|   964005|    3371010|   none   |
        |grp_AXIvideo2Mat_fu_286                  |AXIvideo2Mat          |   483003|     483003|   483003|     483003|   none   |
        |StgValue_19_surf_Simplified_entr_fu_307  |surf_Simplified_entr  |        0|          0|        0|          0|   none   |
        |StgValue_21_Block_codeRepl47_pro_fu_317  |Block_codeRepl47_pro  |        0|          0|        0|          0|   none   |
        +-----------------------------------------+----------------------+---------+-----------+---------+-----------+----------+

        * Loop: 
        N/A

============================================================
+ Verbose Summary: Synthesis Manager
============================================================
InlineROM: 1
ExposeGlobal: 0
============================================================
+ Verbose Summary: CDFG Model
============================================================
IsTopModel: 1
ResetActiveHigh: 1
IsCombinational: 2
IsDatapathOnly: 0
HasWiredReturn: 1
HasMFsm: 0
HasVarLatency: 1
IsPipeline: 0
IsRtlPipelined: 0
IsInstanceOverlapped: 0
IsDontTouch: 0
HasImplIP: 0
IsGatedGlobalClock: 0


============================================================
+ Verbose Summary: Schedule
============================================================
* Number of FSM states : 6
* Pipeline : 0
* Dataflow Pipeline: 1
  DF-Pipeline-0: Size = 6, States = { 1 2 3 4 5 6 }

* FSM state transitions: 
1 --> 
	2  / true
2 --> 
	3  / true
3 --> 
	4  / true
4 --> 
	5  / true
5 --> 
	6  / true
6 --> 

* FSM state operations: 

State 1 <SV = 0> <Delay = 0.00>
ST_1 : Operation 7 [1/1] (0.00ns)   --->   "%kpn_c = alloca i32, align 4" [top.cpp:17]   --->   Operation 7 'alloca' 'kpn_c' <Predicate = true> <Delay = 0.00> <Core = "FIFO">   --->   Core 32 'FIFO' <Latency = 0> <II = 1> <Delay = 3.40> <Storage> <Opcode : 'read' 'write' 'nbread' 'nbwrite'> <Ports = 0> <Width = 32> <Depth = 3> <FIFO>
ST_1 : Operation 8 [1/1] (0.00ns)   --->   "%keyPoints_V_c = alloca i32, align 4" [top.cpp:17]   --->   Operation 8 'alloca' 'keyPoints_V_c' <Predicate = true> <Delay = 0.00> <Core = "FIFO">   --->   Core 32 'FIFO' <Latency = 0> <II = 1> <Delay = 3.40> <Storage> <Opcode : 'read' 'write' 'nbread' 'nbwrite'> <Ports = 0> <Width = 32> <Depth = 3> <FIFO>
ST_1 : Operation 9 [1/1] (0.00ns)   --->   "%this_assign_1_loc_c = alloca i32, align 4"   --->   Operation 9 'alloca' 'this_assign_1_loc_c' <Predicate = true> <Delay = 0.00> <Core = "FIFO">   --->   Core 32 'FIFO' <Latency = 0> <II = 1> <Delay = 3.40> <Storage> <Opcode : 'read' 'write' 'nbread' 'nbwrite'> <Ports = 0> <Width = 32> <Depth = 3> <FIFO>
ST_1 : Operation 10 [1/1] (0.00ns)   --->   "%img_data_stream_0_V = alloca i8, align 1" [top.cpp:27]   --->   Operation 10 'alloca' 'img_data_stream_0_V' <Predicate = true> <Delay = 0.00> <Core = "FIFO">   --->   Core 32 'FIFO' <Latency = 0> <II = 1> <Delay = 3.40> <Storage> <Opcode : 'read' 'write' 'nbread' 'nbwrite'> <Ports = 0> <Width = 32> <Depth = 3> <FIFO>
ST_1 : Operation 11 [1/1] (0.00ns)   --->   "%img_data_stream_1_V = alloca i8, align 1" [top.cpp:27]   --->   Operation 11 'alloca' 'img_data_stream_1_V' <Predicate = true> <Delay = 0.00> <Core = "FIFO">   --->   Core 32 'FIFO' <Latency = 0> <II = 1> <Delay = 3.40> <Storage> <Opcode : 'read' 'write' 'nbread' 'nbwrite'> <Ports = 0> <Width = 32> <Depth = 3> <FIFO>
ST_1 : Operation 12 [1/1] (0.00ns)   --->   "%img_data_stream_2_V = alloca i8, align 1" [top.cpp:27]   --->   Operation 12 'alloca' 'img_data_stream_2_V' <Predicate = true> <Delay = 0.00> <Core = "FIFO">   --->   Core 32 'FIFO' <Latency = 0> <II = 1> <Delay = 3.40> <Storage> <Opcode : 'read' 'write' 'nbread' 'nbwrite'> <Ports = 0> <Width = 32> <Depth = 3> <FIFO>

State 2 <SV = 1> <Delay = 0.00>
ST_2 : Operation 13 [2/2] (0.00ns)   --->   "call fastcc void @AXIvideo2Mat(i24* %video_in_V_data_V, i3* %video_in_V_keep_V, i3* %video_in_V_strb_V, i1* %video_in_V_user_V, i1* %video_in_V_last_V, i1* %video_in_V_id_V, i1* %video_in_V_dest_V, i8* %img_data_stream_0_V, i8* %img_data_stream_1_V, i8* %img_data_stream_2_V)" [top.cpp:30]   --->   Operation 13 'call' <Predicate = true> <Delay = 0.00> <CoreType = "Generic">   --->   Core 0 '' <Latency = 0> <II = 1> <Delay = 1.00> <Generic> <Opcode : >

State 3 <SV = 2> <Delay = 0.00>
ST_3 : Operation 14 [1/2] (0.00ns)   --->   "call fastcc void @AXIvideo2Mat(i24* %video_in_V_data_V, i3* %video_in_V_keep_V, i3* %video_in_V_strb_V, i1* %video_in_V_user_V, i1* %video_in_V_last_V, i1* %video_in_V_id_V, i1* %video_in_V_dest_V, i8* %img_data_stream_0_V, i8* %img_data_stream_1_V, i8* %img_data_stream_2_V)" [top.cpp:30]   --->   Operation 14 'call' <Predicate = true> <Delay = 0.00> <CoreType = "Generic">   --->   Core 0 '' <Latency = 0> <II = 1> <Delay = 1.00> <Generic> <Opcode : >
ST_3 : Operation 15 [2/2] (0.00ns)   --->   "call fastcc void @integralImg(i8* %img_data_stream_0_V, i8* %img_data_stream_1_V, i8* %img_data_stream_2_V)" [top.cpp:31]   --->   Operation 15 'call' <Predicate = true> <Delay = 0.00> <CoreType = "Generic">   --->   Core 0 '' <Latency = 0> <II = 1> <Delay = 1.00> <Generic> <Opcode : >

State 4 <SV = 3> <Delay = 4.40>
ST_4 : Operation 16 [1/1] (0.00ns)   --->   "%threshold_read = call i32 @_ssdm_op_Read.ap_stable.i32(i32 %threshold)" [top.cpp:17]   --->   Operation 16 'read' 'threshold_read' <Predicate = true> <Delay = 0.00>
ST_4 : Operation 17 [1/1] (1.00ns)   --->   "%kpn_read = call i32 @_ssdm_op_Read.s_axilite.i32(i32 %kpn)" [top.cpp:17]   --->   Operation 17 'read' 'kpn_read' <Predicate = true> <Delay = 1.00> <Core = "s_axilite">   --->   Core 10 's_axilite' <Latency = 0> <II = 1> <Delay = 1.00> <Adapter> <Opcode : 'read' 'write'>
ST_4 : Operation 18 [1/1] (1.00ns)   --->   "%keyPoints_V_read = call i32 @_ssdm_op_Read.s_axilite.i32(i32 %keyPoints_V)" [top.cpp:17]   --->   Operation 18 'read' 'keyPoints_V_read' <Predicate = true> <Delay = 1.00> <Core = "s_axilite">   --->   Core 10 's_axilite' <Latency = 0> <II = 1> <Delay = 1.00> <Adapter> <Opcode : 'read' 'write'>
ST_4 : Operation 19 [1/1] (3.40ns)   --->   "call void @surf_Simplified.entr(i32 %keyPoints_V_read, i32 %kpn_read, i32* %keyPoints_V_c, i32* %kpn_c)" [top.cpp:17]   --->   Operation 19 'call' <Predicate = true> <Delay = 3.40> <CoreType = "Generic">   --->   Core 0 '' <Latency = 0> <II = 1> <Delay = 1.00> <Generic> <Opcode : >
ST_4 : Operation 20 [1/2] (0.00ns)   --->   "call fastcc void @integralImg(i8* %img_data_stream_0_V, i8* %img_data_stream_1_V, i8* %img_data_stream_2_V)" [top.cpp:31]   --->   Operation 20 'call' <Predicate = true> <Delay = 0.00> <CoreType = "Generic">   --->   Core 0 '' <Latency = 0> <II = 1> <Delay = 1.00> <Generic> <Opcode : >
ST_4 : Operation 21 [1/1] (3.40ns)   --->   "call fastcc void @Block_codeRepl47_pro(i32 %threshold_read, i32* %this_assign_1_loc_c)" [top.cpp:17]   --->   Operation 21 'call' <Predicate = true> <Delay = 3.40> <CoreType = "Generic">   --->   Core 0 '' <Latency = 0> <II = 1> <Delay = 1.00> <Generic> <Opcode : >

State 5 <SV = 4> <Delay = 0.00>
ST_5 : Operation 22 [2/2] (0.00ns)   --->   "call fastcc void @HessianDetector(i32* %keyPoints, i32* nocapture %keyPoints_V_c, i32* %pointNumber, i32* nocapture %kpn_c, i32* nocapture %this_assign_1_loc_c)" [top.cpp:17]   --->   Operation 22 'call' <Predicate = true> <Delay = 0.00> <CoreType = "Generic">   --->   Core 0 '' <Latency = 0> <II = 1> <Delay = 1.00> <Generic> <Opcode : >

State 6 <SV = 5> <Delay = 0.00>
ST_6 : Operation 23 [1/1] (0.00ns)   --->   "call void (...)* @_ssdm_op_SpecBitsMap(i32* %pointNumber), !map !275"   --->   Operation 23 'specbitsmap' <Predicate = true> <Delay = 0.00>
ST_6 : Operation 24 [1/1] (0.00ns)   --->   "call void (...)* @_ssdm_op_SpecBitsMap(i32* %keyPoints), !map !281"   --->   Operation 24 'specbitsmap' <Predicate = true> <Delay = 0.00>
ST_6 : Operation 25 [1/1] (0.00ns)   --->   "call void (...)* @_ssdm_op_SpecDataflowPipeline(i32 -1, i32 0, [1 x i8]* @p_str116) nounwind" [top.cpp:25]   --->   Operation 25 'specdataflowpipeline' <Predicate = true> <Delay = 0.00>
ST_6 : Operation 26 [1/1] (0.00ns)   --->   "%empty = call i32 (...)* @_ssdm_op_SpecChannel([6 x i8]* @sum_OC_V_str, i32 1, [1 x i8]* @p_str, [1 x i8]* @p_str, i32 2, i32 2, i32* @sum_V, i32* @sum_V)"   --->   Operation 26 'specchannel' 'empty' <Predicate = true> <Delay = 0.00>
ST_6 : Operation 27 [1/1] (0.00ns)   --->   "call void (...)* @_ssdm_op_SpecInterface(i32* @sum_V, [8 x i8]* @ap_fifo_str, i32 0, i32 0, [1 x i8]* @p_str, i32 0, i32 0, [1 x i8]* @p_str, [1 x i8]* @p_str, [1 x i8]* @p_str, i32 2, i32 2, i32 16, i32 16, [1 x i8]* @p_str, [1 x i8]* @p_str)"   --->   Operation 27 'specinterface' <Predicate = true> <Delay = 0.00>
ST_6 : Operation 28 [1/1] (0.00ns)   --->   "call void (...)* @_ssdm_op_SpecBitsMap(i24* %video_in_V_data_V), !map !287"   --->   Operation 28 'specbitsmap' <Predicate = true> <Delay = 0.00>
ST_6 : Operation 29 [1/1] (0.00ns)   --->   "call void (...)* @_ssdm_op_SpecBitsMap(i3* %video_in_V_keep_V), !map !291"   --->   Operation 29 'specbitsmap' <Predicate = true> <Delay = 0.00>
ST_6 : Operation 30 [1/1] (0.00ns)   --->   "call void (...)* @_ssdm_op_SpecBitsMap(i3* %video_in_V_strb_V), !map !295"   --->   Operation 30 'specbitsmap' <Predicate = true> <Delay = 0.00>
ST_6 : Operation 31 [1/1] (0.00ns)   --->   "call void (...)* @_ssdm_op_SpecBitsMap(i1* %video_in_V_user_V), !map !299"   --->   Operation 31 'specbitsmap' <Predicate = true> <Delay = 0.00>
ST_6 : Operation 32 [1/1] (0.00ns)   --->   "call void (...)* @_ssdm_op_SpecBitsMap(i1* %video_in_V_last_V), !map !303"   --->   Operation 32 'specbitsmap' <Predicate = true> <Delay = 0.00>
ST_6 : Operation 33 [1/1] (0.00ns)   --->   "call void (...)* @_ssdm_op_SpecBitsMap(i1* %video_in_V_id_V), !map !307"   --->   Operation 33 'specbitsmap' <Predicate = true> <Delay = 0.00>
ST_6 : Operation 34 [1/1] (0.00ns)   --->   "call void (...)* @_ssdm_op_SpecBitsMap(i1* %video_in_V_dest_V), !map !311"   --->   Operation 34 'specbitsmap' <Predicate = true> <Delay = 0.00>
ST_6 : Operation 35 [1/1] (0.00ns)   --->   "call void (...)* @_ssdm_op_SpecBitsMap(i32 %threshold), !map !315"   --->   Operation 35 'specbitsmap' <Predicate = true> <Delay = 0.00>
ST_6 : Operation 36 [1/1] (0.00ns)   --->   "call void (...)* @_ssdm_op_SpecTopModule([16 x i8]* @surf_Simplified_str) nounwind"   --->   Operation 36 'spectopmodule' <Predicate = true> <Delay = 0.00>
ST_6 : Operation 37 [1/1] (0.00ns)   --->   "%empty_29 = call i32 (...)* @_ssdm_op_SpecChannel([21 x i8]* @img_OC_data_stream_L_2, i32 1, [1 x i8]* @p_str, [1 x i8]* @p_str, i32 2, i32 2, i8* %img_data_stream_0_V, i8* %img_data_stream_0_V)"   --->   Operation 37 'specchannel' 'empty_29' <Predicate = true> <Delay = 0.00>
ST_6 : Operation 38 [1/1] (0.00ns)   --->   "call void (...)* @_ssdm_op_SpecInterface(i8* %img_data_stream_0_V, [8 x i8]* @ap_fifo_str, i32 0, i32 0, [1 x i8]* @p_str, i32 0, i32 0, [1 x i8]* @p_str, [1 x i8]* @p_str, [1 x i8]* @p_str, i32 2, i32 2, i32 16, i32 16, [1 x i8]* @p_str, [1 x i8]* @p_str)"   --->   Operation 38 'specinterface' <Predicate = true> <Delay = 0.00>
ST_6 : Operation 39 [1/1] (0.00ns)   --->   "%empty_30 = call i32 (...)* @_ssdm_op_SpecChannel([21 x i8]* @img_OC_data_stream_L_1, i32 1, [1 x i8]* @p_str, [1 x i8]* @p_str, i32 2, i32 2, i8* %img_data_stream_1_V, i8* %img_data_stream_1_V)"   --->   Operation 39 'specchannel' 'empty_30' <Predicate = true> <Delay = 0.00>
ST_6 : Operation 40 [1/1] (0.00ns)   --->   "call void (...)* @_ssdm_op_SpecInterface(i8* %img_data_stream_1_V, [8 x i8]* @ap_fifo_str, i32 0, i32 0, [1 x i8]* @p_str, i32 0, i32 0, [1 x i8]* @p_str, [1 x i8]* @p_str, [1 x i8]* @p_str, i32 2, i32 2, i32 16, i32 16, [1 x i8]* @p_str, [1 x i8]* @p_str)"   --->   Operation 40 'specinterface' <Predicate = true> <Delay = 0.00>
ST_6 : Operation 41 [1/1] (0.00ns)   --->   "%empty_31 = call i32 (...)* @_ssdm_op_SpecChannel([21 x i8]* @img_OC_data_stream_L, i32 1, [1 x i8]* @p_str, [1 x i8]* @p_str, i32 2, i32 2, i8* %img_data_stream_2_V, i8* %img_data_stream_2_V)"   --->   Operation 41 'specchannel' 'empty_31' <Predicate = true> <Delay = 0.00>
ST_6 : Operation 42 [1/1] (0.00ns)   --->   "call void (...)* @_ssdm_op_SpecInterface(i8* %img_data_stream_2_V, [8 x i8]* @ap_fifo_str, i32 0, i32 0, [1 x i8]* @p_str, i32 0, i32 0, [1 x i8]* @p_str, [1 x i8]* @p_str, [1 x i8]* @p_str, i32 2, i32 2, i32 16, i32 16, [1 x i8]* @p_str, [1 x i8]* @p_str)"   --->   Operation 42 'specinterface' <Predicate = true> <Delay = 0.00>
ST_6 : Operation 43 [1/1] (0.00ns)   --->   "call void (...)* @_ssdm_op_SpecInterface(i32 %threshold, [10 x i8]* @p_str15, i32 0, i32 0, [1 x i8]* @p_str116, i32 0, i32 0, [1 x i8]* @p_str116, [1 x i8]* @p_str116, [1 x i8]* @p_str116, i32 0, i32 0, i32 0, i32 0, [1 x i8]* @p_str116, [1 x i8]* @p_str116) nounwind" [top.cpp:18]   --->   Operation 43 'specinterface' <Predicate = true> <Delay = 0.00>
ST_6 : Operation 44 [1/1] (0.00ns)   --->   "call void (...)* @_ssdm_op_SpecInterface(i32 0, [10 x i8]* @p_str217, i32 0, i32 0, [1 x i8]* @p_str116, i32 0, i32 0, [1 x i8]* @p_str116, [1 x i8]* @p_str116, [1 x i8]* @p_str116, i32 0, i32 0, i32 0, i32 0, [1 x i8]* @p_str116, [1 x i8]* @p_str116) nounwind" [top.cpp:19]   --->   Operation 44 'specinterface' <Predicate = true> <Delay = 0.00>
ST_6 : Operation 45 [1/1] (0.00ns)   --->   "call void (...)* @_ssdm_op_SpecInterface(i32 %threshold, [10 x i8]* @p_str217, i32 0, i32 0, [1 x i8]* @p_str116, i32 0, i32 0, [10 x i8]* @p_str318, [1 x i8]* @p_str116, [1 x i8]* @p_str116, i32 0, i32 0, i32 0, i32 0, [1 x i8]* @p_str116, [1 x i8]* @p_str116) nounwind" [top.cpp:20]   --->   Operation 45 'specinterface' <Predicate = true> <Delay = 0.00>
ST_6 : Operation 46 [1/1] (0.00ns)   --->   "call void (...)* @_ssdm_op_SpecInterface(i32* %keyPoints, [6 x i8]* @p_str419, i32 0, i32 0, [1 x i8]* @p_str116, i32 0, i32 600, [10 x i8]* @p_str520, [6 x i8]* @p_str621, [1 x i8]* @p_str116, i32 16, i32 16, i32 16, i32 16, [1 x i8]* @p_str116, [1 x i8]* @p_str116) nounwind" [top.cpp:21]   --->   Operation 46 'specinterface' <Predicate = true> <Delay = 0.00>
ST_6 : Operation 47 [1/1] (0.00ns)   --->   "call void (...)* @_ssdm_op_SpecInterface(i32 %keyPoints_V, [10 x i8]* @mode, i32 0, i32 0, [1 x i8]* @p_str116, i32 0, i32 600, [1 x i8]* @bundle, [6 x i8]* @p_str621, [1 x i8]* @p_str116, i32 16, i32 16, i32 16, i32 16, [1 x i8]* @p_str116, [1 x i8]* @p_str116) nounwind" [top.cpp:21]   --->   Operation 47 'specinterface' <Predicate = true> <Delay = 0.00>
ST_6 : Operation 48 [1/1] (0.00ns)   --->   "call void (...)* @_ssdm_op_SpecInterface(i32* %pointNumber, [6 x i8]* @p_str419, i32 0, i32 0, [1 x i8]* @p_str116, i32 0, i32 1, [12 x i8]* @p_str722, [6 x i8]* @p_str621, [1 x i8]* @p_str116, i32 16, i32 16, i32 16, i32 16, [1 x i8]* @p_str116, [1 x i8]* @p_str116) nounwind" [top.cpp:22]   --->   Operation 48 'specinterface' <Predicate = true> <Delay = 0.00>
ST_6 : Operation 49 [1/1] (0.00ns)   --->   "call void (...)* @_ssdm_op_SpecInterface(i32 %kpn, [10 x i8]* @mode2, i32 0, i32 0, [1 x i8]* @p_str116, i32 0, i32 1, [1 x i8]* @bundle3, [6 x i8]* @p_str621, [1 x i8]* @p_str116, i32 16, i32 16, i32 16, i32 16, [1 x i8]* @p_str116, [1 x i8]* @p_str116) nounwind" [top.cpp:22]   --->   Operation 49 'specinterface' <Predicate = true> <Delay = 0.00>
ST_6 : Operation 50 [1/1] (0.00ns)   --->   "call void (...)* @_ssdm_op_SpecInterface(i24* %video_in_V_data_V, i3* %video_in_V_keep_V, i3* %video_in_V_strb_V, i1* %video_in_V_user_V, i1* %video_in_V_last_V, i1* %video_in_V_id_V, i1* %video_in_V_dest_V, [5 x i8]* @p_str823, i32 1, i32 1, [5 x i8]* @p_str924, i32 0, i32 0, [1 x i8]* @p_str116, [1 x i8]* @p_str116, [1 x i8]* @p_str116, i32 0, i32 0, i32 0, i32 0, [1 x i8]* @p_str116, [1 x i8]* @p_str116) nounwind" [top.cpp:23]   --->   Operation 50 'specinterface' <Predicate = true> <Delay = 0.00>
ST_6 : Operation 51 [1/1] (0.00ns)   --->   "%empty_32 = call i32 (...)* @_ssdm_op_SpecChannel([14 x i8]* @keyPoints_OC_V_c_str, i32 1, [1 x i8]* @p_str, [1 x i8]* @p_str, i32 3, i32 0, i32* %keyPoints_V_c, i32* %keyPoints_V_c)" [top.cpp:17]   --->   Operation 51 'specchannel' 'empty_32' <Predicate = true> <Delay = 0.00>
ST_6 : Operation 52 [1/1] (0.00ns)   --->   "call void (...)* @_ssdm_op_SpecInterface(i32* %keyPoints_V_c, [8 x i8]* @ap_fifo_str, i32 0, i32 0, [1 x i8]* @p_str, i32 0, i32 0, [1 x i8]* @p_str, [1 x i8]* @p_str, [1 x i8]* @p_str, i32 2, i32 2, i32 16, i32 16, [1 x i8]* @p_str, [1 x i8]* @p_str)" [top.cpp:17]   --->   Operation 52 'specinterface' <Predicate = true> <Delay = 0.00>
ST_6 : Operation 53 [1/1] (0.00ns)   --->   "%empty_33 = call i32 (...)* @_ssdm_op_SpecChannel([6 x i8]* @kpn_c_str, i32 1, [1 x i8]* @p_str, [1 x i8]* @p_str, i32 3, i32 0, i32* %kpn_c, i32* %kpn_c)" [top.cpp:17]   --->   Operation 53 'specchannel' 'empty_33' <Predicate = true> <Delay = 0.00>
ST_6 : Operation 54 [1/1] (0.00ns)   --->   "call void (...)* @_ssdm_op_SpecInterface(i32* %kpn_c, [8 x i8]* @ap_fifo_str, i32 0, i32 0, [1 x i8]* @p_str, i32 0, i32 0, [1 x i8]* @p_str, [1 x i8]* @p_str, [1 x i8]* @p_str, i32 2, i32 2, i32 16, i32 16, [1 x i8]* @p_str, [1 x i8]* @p_str)" [top.cpp:17]   --->   Operation 54 'specinterface' <Predicate = true> <Delay = 0.00>
ST_6 : Operation 55 [1/1] (0.00ns)   --->   "%empty_34 = call i32 (...)* @_ssdm_op_SpecChannel([20 x i8]* @this_OC_assign_OC_1_1, i32 1, [1 x i8]* @p_str, [1 x i8]* @p_str, i32 3, i32 0, i32* %this_assign_1_loc_c, i32* %this_assign_1_loc_c)"   --->   Operation 55 'specchannel' 'empty_34' <Predicate = true> <Delay = 0.00>
ST_6 : Operation 56 [1/1] (0.00ns)   --->   "call void (...)* @_ssdm_op_SpecInterface(i32* %this_assign_1_loc_c, [8 x i8]* @ap_fifo_str, i32 0, i32 0, [1 x i8]* @p_str, i32 0, i32 0, [1 x i8]* @p_str, [1 x i8]* @p_str, [1 x i8]* @p_str, i32 2, i32 2, i32 16, i32 16, [1 x i8]* @p_str, [1 x i8]* @p_str)"   --->   Operation 56 'specinterface' <Predicate = true> <Delay = 0.00>
ST_6 : Operation 57 [1/2] (0.00ns)   --->   "call fastcc void @HessianDetector(i32* %keyPoints, i32* nocapture %keyPoints_V_c, i32* %pointNumber, i32* nocapture %kpn_c, i32* nocapture %this_assign_1_loc_c)" [top.cpp:17]   --->   Operation 57 'call' <Predicate = true> <Delay = 0.00> <CoreType = "Generic">   --->   Core 0 '' <Latency = 0> <II = 1> <Delay = 1.00> <Generic> <Opcode : >
ST_6 : Operation 58 [1/1] (0.00ns)   --->   "ret void" [top.cpp:35]   --->   Operation 58 'ret' <Predicate = true> <Delay = 0.00>


============================================================
+ Verbose Summary: Binding
============================================================
STG Binding: 
---------------- STG Properties BEGIN ----------------
- Is combinational: 0
- Is one-state seq: 0
- Is datapath-only: 0
- Is pipelined: 0
- Is top level: 1
Port [ Return ] is wired: 1; IO mode=ap_ctrl_hs:ce=0
Port [ keyPoints]:  wired=1; compound=1; hidden=0; nouse=0; global=0; static=0; extern=0; dir=1; type=4; pingpong=0; private_global=0; IO mode=m_axi:ce=0
Port [ pointNumber]:  wired=1; compound=1; hidden=0; nouse=0; global=0; static=0; extern=0; dir=1; type=4; pingpong=0; private_global=0; IO mode=m_axi:ce=0
Port [ video_in_V_data_V]:  wired=1; compound=1; hidden=0; nouse=0; global=0; static=0; extern=0; dir=0; type=0; pingpong=0; private_global=0; IO mode=axis:ce=0
Port [ video_in_V_keep_V]:  wired=1; compound=1; hidden=0; nouse=0; global=0; static=0; extern=0; dir=0; type=0; pingpong=0; private_global=0; IO mode=axis:ce=0
Port [ video_in_V_strb_V]:  wired=1; compound=1; hidden=0; nouse=0; global=0; static=0; extern=0; dir=0; type=0; pingpong=0; private_global=0; IO mode=axis:ce=0
Port [ video_in_V_user_V]:  wired=1; compound=1; hidden=0; nouse=0; global=0; static=0; extern=0; dir=0; type=0; pingpong=0; private_global=0; IO mode=axis:ce=0
Port [ video_in_V_last_V]:  wired=1; compound=1; hidden=0; nouse=0; global=0; static=0; extern=0; dir=0; type=0; pingpong=0; private_global=0; IO mode=axis:ce=0
Port [ video_in_V_id_V]:  wired=1; compound=1; hidden=0; nouse=0; global=0; static=0; extern=0; dir=0; type=0; pingpong=0; private_global=0; IO mode=axis:ce=0
Port [ video_in_V_dest_V]:  wired=1; compound=1; hidden=0; nouse=0; global=0; static=0; extern=0; dir=0; type=0; pingpong=0; private_global=0; IO mode=axis:ce=0
Port [ keyPoints_V]:  wired=1; compound=0; hidden=0; nouse=0; global=0; static=0; extern=0; dir=0; type=0; pingpong=0; private_global=0; IO mode=ap_none:ce=0
Port [ kpn]:  wired=1; compound=0; hidden=0; nouse=0; global=0; static=0; extern=0; dir=0; type=0; pingpong=0; private_global=0; IO mode=ap_none:ce=0
Port [ threshold]:  wired=1; compound=0; hidden=0; nouse=0; global=0; static=0; extern=0; dir=0; type=0; pingpong=0; private_global=0; IO mode=ap_stable:ce=0
Port [ pix_val]:  wired=0; compound=0; hidden=1; nouse=1; global=1; static=1; extern=0; dir=1; type=0; pingpong=0; private_global=0; linkage=7; visibility=0; IO mode=ap_vld:ce=0
Port [ buf_1]:  wired=0; compound=1; hidden=1; nouse=1; global=1; static=1; extern=0; dir=2; type=1; pingpong=0; private_global=0; linkage=7; visibility=0; MemPort=[21]; IO mode=ap_memory:ce=0
Port [ buf_0]:  wired=0; compound=1; hidden=1; nouse=1; global=1; static=1; extern=0; dir=2; type=1; pingpong=0; private_global=0; linkage=7; visibility=0; MemPort=[21]; IO mode=ap_memory:ce=0
Port [ sum_V]:  wired=0; compound=1; hidden=1; nouse=0; global=1; static=1; extern=0; dir=2; type=3; pingpong=0; private_global=1; linkage=7; visibility=0; IO mode=ap_fifo:ce=0
Port [ MSB_V]:  wired=0; compound=0; hidden=1; nouse=1; global=1; static=1; extern=0; dir=2; type=0; pingpong=0; private_global=0; linkage=7; visibility=0; IO mode=ap_ovld:ce=0
Port [ sumBuf]:  wired=0; compound=1; hidden=1; nouse=1; global=1; static=1; extern=0; dir=2; type=1; pingpong=0; private_global=0; linkage=7; visibility=0; MemPort=[21]; IO mode=ap_memory:ce=0
Port [ sizes]:  wired=0; compound=1; hidden=1; nouse=1; global=1; static=1; extern=0; dir=0; type=1; pingpong=0; private_global=0; linkage=7; visibility=0; MemPort=[1]; IO mode=ap_memory:ce=0
Port [ Dx_V_0]:  wired=0; compound=1; hidden=1; nouse=1; global=1; static=1; extern=0; dir=0; type=1; pingpong=0; private_global=0; linkage=7; visibility=0; MemPort=[13]; IO mode=ap_memory:ce=0
Port [ Dx_V_1]:  wired=0; compound=1; hidden=1; nouse=1; global=1; static=1; extern=0; dir=0; type=1; pingpong=0; private_global=0; linkage=7; visibility=0; MemPort=[13]; IO mode=ap_memory:ce=0
Port [ Dx_V_2]:  wired=0; compound=1; hidden=1; nouse=1; global=1; static=1; extern=0; dir=0; type=1; pingpong=0; private_global=0; linkage=7; visibility=0; MemPort=[13]; IO mode=ap_memory:ce=0
Port [ Dx_V_3]:  wired=0; compound=1; hidden=1; nouse=1; global=1; static=1; extern=0; dir=0; type=1; pingpong=0; private_global=0; linkage=7; visibility=0; MemPort=[13]; IO mode=ap_memory:ce=0
Port [ Dx_V_4]:  wired=0; compound=1; hidden=1; nouse=1; global=1; static=1; extern=0; dir=0; type=1; pingpong=0; private_global=0; linkage=7; visibility=0; MemPort=[13]; IO mode=ap_memory:ce=0
Port [ Dy_V_0]:  wired=0; compound=1; hidden=1; nouse=1; global=1; static=1; extern=0; dir=0; type=1; pingpong=0; private_global=0; linkage=7; visibility=0; MemPort=[13]; IO mode=ap_memory:ce=0
Port [ Dy_V_1]:  wired=0; compound=1; hidden=1; nouse=1; global=1; static=1; extern=0; dir=0; type=1; pingpong=0; private_global=0; linkage=7; visibility=0; MemPort=[13]; IO mode=ap_memory:ce=0
Port [ Dy_V_2]:  wired=0; compound=1; hidden=1; nouse=1; global=1; static=1; extern=0; dir=0; type=1; pingpong=0; private_global=0; linkage=7; visibility=0; MemPort=[13]; IO mode=ap_memory:ce=0
Port [ Dy_V_3]:  wired=0; compound=1; hidden=1; nouse=1; global=1; static=1; extern=0; dir=0; type=1; pingpong=0; private_global=0; linkage=7; visibility=0; MemPort=[13]; IO mode=ap_memory:ce=0
Port [ Dy_V_4]:  wired=0; compound=1; hidden=1; nouse=1; global=1; static=1; extern=0; dir=0; type=1; pingpong=0; private_global=0; linkage=7; visibility=0; MemPort=[13]; IO mode=ap_memory:ce=0
Port [ Dxy_V_2]:  wired=0; compound=1; hidden=1; nouse=1; global=1; static=1; extern=0; dir=0; type=1; pingpong=0; private_global=0; linkage=7; visibility=0; MemPort=[1]; IO mode=ap_memory:ce=0
Port [ Dxy_V_3]:  wired=0; compound=1; hidden=1; nouse=1; global=1; static=1; extern=0; dir=0; type=1; pingpong=0; private_global=0; linkage=7; visibility=0; MemPort=[1]; IO mode=ap_memory:ce=0
Port [ Dxy_V_0]:  wired=0; compound=1; hidden=1; nouse=1; global=1; static=1; extern=0; dir=0; type=1; pingpong=0; private_global=0; linkage=7; visibility=0; MemPort=[1]; IO mode=ap_memory:ce=0
Port [ Dxy_V_1]:  wired=0; compound=1; hidden=1; nouse=1; global=1; static=1; extern=0; dir=0; type=1; pingpong=0; private_global=0; linkage=7; visibility=0; MemPort=[1]; IO mode=ap_memory:ce=0
Port [ Dxy_V_4]:  wired=0; compound=1; hidden=1; nouse=1; global=1; static=1; extern=0; dir=0; type=1; pingpong=0; private_global=0; linkage=7; visibility=0; MemPort=[1]; IO mode=ap_memory:ce=0
Port [ bRow_V_0]:  wired=0; compound=0; hidden=1; nouse=1; global=1; static=1; extern=0; dir=2; type=0; pingpong=0; private_global=0; linkage=7; visibility=0; IO mode=ap_ovld:ce=0
Port [ bRow_V_1]:  wired=0; compound=0; hidden=1; nouse=1; global=1; static=1; extern=0; dir=2; type=0; pingpong=0; private_global=0; linkage=7; visibility=0; IO mode=ap_ovld:ce=0
Port [ bRow_V_2]:  wired=0; compound=0; hidden=1; nouse=1; global=1; static=1; extern=0; dir=2; type=0; pingpong=0; private_global=0; linkage=7; visibility=0; IO mode=ap_ovld:ce=0
Port [ MSB_V_1]:  wired=0; compound=0; hidden=1; nouse=1; global=1; static=1; extern=0; dir=2; type=0; pingpong=0; private_global=0; linkage=7; visibility=0; IO mode=ap_ovld:ce=0
Port [ N1_V]:  wired=0; compound=1; hidden=1; nouse=1; global=1; static=1; extern=0; dir=2; type=1; pingpong=0; private_global=0; linkage=7; visibility=0; MemPort=[23]; IO mode=ap_memory:ce=0
Port [ tmpPointNum]:  wired=0; compound=0; hidden=1; nouse=1; global=1; static=1; extern=0; dir=2; type=0; pingpong=0; private_global=0; linkage=7; visibility=0; IO mode=ap_ovld:ce=0
---------------- STG Properties END ------------------

---------------- Datapath Model BEGIN ----------------

<LifeTime>
<method=bitvector/>
kpn_c               (alloca              ) [ 0011111]
keyPoints_V_c       (alloca              ) [ 0011111]
this_assign_1_loc_c (alloca              ) [ 0011111]
img_data_stream_0_V (alloca              ) [ 0011111]
img_data_stream_1_V (alloca              ) [ 0011111]
img_data_stream_2_V (alloca              ) [ 0011111]
StgValue_14         (call                ) [ 0000000]
threshold_read      (read                ) [ 0000000]
kpn_read            (read                ) [ 0000000]
keyPoints_V_read    (read                ) [ 0000000]
StgValue_19         (call                ) [ 0000000]
StgValue_20         (call                ) [ 0000000]
StgValue_21         (call                ) [ 0000000]
StgValue_23         (specbitsmap         ) [ 0000000]
StgValue_24         (specbitsmap         ) [ 0000000]
StgValue_25         (specdataflowpipeline) [ 0000000]
empty               (specchannel         ) [ 0000000]
StgValue_27         (specinterface       ) [ 0000000]
StgValue_28         (specbitsmap         ) [ 0000000]
StgValue_29         (specbitsmap         ) [ 0000000]
StgValue_30         (specbitsmap         ) [ 0000000]
StgValue_31         (specbitsmap         ) [ 0000000]
StgValue_32         (specbitsmap         ) [ 0000000]
StgValue_33         (specbitsmap         ) [ 0000000]
StgValue_34         (specbitsmap         ) [ 0000000]
StgValue_35         (specbitsmap         ) [ 0000000]
StgValue_36         (spectopmodule       ) [ 0000000]
empty_29            (specchannel         ) [ 0000000]
StgValue_38         (specinterface       ) [ 0000000]
empty_30            (specchannel         ) [ 0000000]
StgValue_40         (specinterface       ) [ 0000000]
empty_31            (specchannel         ) [ 0000000]
StgValue_42         (specinterface       ) [ 0000000]
StgValue_43         (specinterface       ) [ 0000000]
StgValue_44         (specinterface       ) [ 0000000]
StgValue_45         (specinterface       ) [ 0000000]
StgValue_46         (specinterface       ) [ 0000000]
StgValue_47         (specinterface       ) [ 0000000]
StgValue_48         (specinterface       ) [ 0000000]
StgValue_49         (specinterface       ) [ 0000000]
StgValue_50         (specinterface       ) [ 0000000]
empty_32            (specchannel         ) [ 0000000]
StgValue_52         (specinterface       ) [ 0000000]
empty_33            (specchannel         ) [ 0000000]
StgValue_54         (specinterface       ) [ 0000000]
empty_34            (specchannel         ) [ 0000000]
StgValue_56         (specinterface       ) [ 0000000]
StgValue_57         (call                ) [ 0000000]
StgValue_58         (ret                 ) [ 0000000]
</LifeTime>

<model>

<comp_list>
<comp id="0" class="1000" name="keyPoints">
<pin_list>
<pin id="1" dir="1" index="0" bw="1" slack="0"/>
</pin_list>
<bind>
<StgValue><ssdm name="keyPoints"/></StgValue>
</bind>
</comp>

<comp id="2" class="1000" name="pointNumber">
<pin_list>
<pin id="3" dir="1" index="0" bw="1" slack="0"/>
</pin_list>
<bind>
<StgValue><ssdm name="pointNumber"/></StgValue>
</bind>
</comp>

<comp id="4" class="1000" name="video_in_V_data_V">
<pin_list>
<pin id="5" dir="1" index="0" bw="1" slack="0"/>
</pin_list>
<bind>
<StgValue><ssdm name="video_in_V_data_V"/></StgValue>
</bind>
</comp>

<comp id="6" class="1000" name="video_in_V_keep_V">
<pin_list>
<pin id="7" dir="1" index="0" bw="1" slack="0"/>
</pin_list>
<bind>
<StgValue><ssdm name="video_in_V_keep_V"/></StgValue>
</bind>
</comp>

<comp id="8" class="1000" name="video_in_V_strb_V">
<pin_list>
<pin id="9" dir="1" index="0" bw="1" slack="0"/>
</pin_list>
<bind>
<StgValue><ssdm name="video_in_V_strb_V"/></StgValue>
</bind>
</comp>

<comp id="10" class="1000" name="video_in_V_user_V">
<pin_list>
<pin id="11" dir="1" index="0" bw="1" slack="0"/>
</pin_list>
<bind>
<StgValue><ssdm name="video_in_V_user_V"/></StgValue>
</bind>
</comp>

<comp id="12" class="1000" name="video_in_V_last_V">
<pin_list>
<pin id="13" dir="1" index="0" bw="1" slack="0"/>
</pin_list>
<bind>
<StgValue><ssdm name="video_in_V_last_V"/></StgValue>
</bind>
</comp>

<comp id="14" class="1000" name="video_in_V_id_V">
<pin_list>
<pin id="15" dir="1" index="0" bw="1" slack="0"/>
</pin_list>
<bind>
<StgValue><ssdm name="video_in_V_id_V"/></StgValue>
</bind>
</comp>

<comp id="16" class="1000" name="video_in_V_dest_V">
<pin_list>
<pin id="17" dir="1" index="0" bw="1" slack="0"/>
</pin_list>
<bind>
<StgValue><ssdm name="video_in_V_dest_V"/></StgValue>
</bind>
</comp>

<comp id="18" class="1000" name="keyPoints_V">
<pin_list>
<pin id="19" dir="1" index="0" bw="1" slack="0"/>
</pin_list>
<bind>
<StgValue><ssdm name="keyPoints_V"/></StgValue>
</bind>
</comp>

<comp id="20" class="1000" name="kpn">
<pin_list>
<pin id="21" dir="1" index="0" bw="1" slack="0"/>
</pin_list>
<bind>
<StgValue><ssdm name="kpn"/></StgValue>
</bind>
</comp>

<comp id="22" class="1000" name="threshold">
<pin_list>
<pin id="23" dir="1" index="0" bw="1" slack="0"/>
</pin_list>
<bind>
<StgValue><ssdm name="threshold"/></StgValue>
</bind>
</comp>

<comp id="24" class="1000" name="pix_val">
<pin_list>
<pin id="25" dir="1" index="0" bw="1" slack="0"/>
</pin_list>
<bind>
<StgValue><ssdm name="pix_val"/></StgValue>
</bind>
</comp>

<comp id="26" class="1000" name="buf_1">
<pin_list>
<pin id="27" dir="1" index="0" bw="1" slack="0"/>
</pin_list>
<bind>
<StgValue><ssdm name="buf_1"/><MemPortTyVec>2 1 </MemPortTyVec>
</StgValue>
</bind>
</comp>

<comp id="28" class="1000" name="buf_0">
<pin_list>
<pin id="29" dir="1" index="0" bw="1" slack="0"/>
</pin_list>
<bind>
<StgValue><ssdm name="buf_0"/><MemPortTyVec>2 1 </MemPortTyVec>
</StgValue>
</bind>
</comp>

<comp id="30" class="1000" name="sum_V">
<pin_list>
<pin id="31" dir="1" index="0" bw="1" slack="0"/>
</pin_list>
<bind>
<StgValue><ssdm name="sum_V"/></StgValue>
</bind>
</comp>

<comp id="32" class="1000" name="MSB_V">
<pin_list>
<pin id="33" dir="1" index="0" bw="1" slack="0"/>
</pin_list>
<bind>
<StgValue><ssdm name="MSB_V"/></StgValue>
</bind>
</comp>

<comp id="34" class="1000" name="sumBuf">
<pin_list>
<pin id="35" dir="1" index="0" bw="1" slack="0"/>
</pin_list>
<bind>
<StgValue><ssdm name="sumBuf"/><MemPortTyVec>2 1 </MemPortTyVec>
</StgValue>
</bind>
</comp>

<comp id="36" class="1000" name="sizes">
<pin_list>
<pin id="37" dir="1" index="0" bw="1" slack="0"/>
</pin_list>
<bind>
<StgValue><ssdm name="sizes"/><MemPortTyVec>1 </MemPortTyVec>
</StgValue>
</bind>
</comp>

<comp id="38" class="1000" name="Dx_V_0">
<pin_list>
<pin id="39" dir="1" index="0" bw="1" slack="0"/>
</pin_list>
<bind>
<StgValue><ssdm name="Dx_V_0"/><MemPortTyVec>1 3 </MemPortTyVec>
</StgValue>
</bind>
</comp>

<comp id="40" class="1000" name="Dx_V_1">
<pin_list>
<pin id="41" dir="1" index="0" bw="1" slack="0"/>
</pin_list>
<bind>
<StgValue><ssdm name="Dx_V_1"/><MemPortTyVec>1 3 </MemPortTyVec>
</StgValue>
</bind>
</comp>

<comp id="42" class="1000" name="Dx_V_2">
<pin_list>
<pin id="43" dir="1" index="0" bw="1" slack="0"/>
</pin_list>
<bind>
<StgValue><ssdm name="Dx_V_2"/><MemPortTyVec>1 3 </MemPortTyVec>
</StgValue>
</bind>
</comp>

<comp id="44" class="1000" name="Dx_V_3">
<pin_list>
<pin id="45" dir="1" index="0" bw="1" slack="0"/>
</pin_list>
<bind>
<StgValue><ssdm name="Dx_V_3"/><MemPortTyVec>1 3 </MemPortTyVec>
</StgValue>
</bind>
</comp>

<comp id="46" class="1000" name="Dx_V_4">
<pin_list>
<pin id="47" dir="1" index="0" bw="1" slack="0"/>
</pin_list>
<bind>
<StgValue><ssdm name="Dx_V_4"/><MemPortTyVec>1 3 </MemPortTyVec>
</StgValue>
</bind>
</comp>

<comp id="48" class="1000" name="Dy_V_0">
<pin_list>
<pin id="49" dir="1" index="0" bw="1" slack="0"/>
</pin_list>
<bind>
<StgValue><ssdm name="Dy_V_0"/><MemPortTyVec>1 3 </MemPortTyVec>
</StgValue>
</bind>
</comp>

<comp id="50" class="1000" name="Dy_V_1">
<pin_list>
<pin id="51" dir="1" index="0" bw="1" slack="0"/>
</pin_list>
<bind>
<StgValue><ssdm name="Dy_V_1"/><MemPortTyVec>1 3 </MemPortTyVec>
</StgValue>
</bind>
</comp>

<comp id="52" class="1000" name="Dy_V_2">
<pin_list>
<pin id="53" dir="1" index="0" bw="1" slack="0"/>
</pin_list>
<bind>
<StgValue><ssdm name="Dy_V_2"/><MemPortTyVec>1 3 </MemPortTyVec>
</StgValue>
</bind>
</comp>

<comp id="54" class="1000" name="Dy_V_3">
<pin_list>
<pin id="55" dir="1" index="0" bw="1" slack="0"/>
</pin_list>
<bind>
<StgValue><ssdm name="Dy_V_3"/><MemPortTyVec>1 3 </MemPortTyVec>
</StgValue>
</bind>
</comp>

<comp id="56" class="1000" name="Dy_V_4">
<pin_list>
<pin id="57" dir="1" index="0" bw="1" slack="0"/>
</pin_list>
<bind>
<StgValue><ssdm name="Dy_V_4"/><MemPortTyVec>1 3 </MemPortTyVec>
</StgValue>
</bind>
</comp>

<comp id="58" class="1000" name="Dxy_V_2">
<pin_list>
<pin id="59" dir="1" index="0" bw="1" slack="0"/>
</pin_list>
<bind>
<StgValue><ssdm name="Dxy_V_2"/><MemPortTyVec>1 </MemPortTyVec>
</StgValue>
</bind>
</comp>

<comp id="60" class="1000" name="Dxy_V_3">
<pin_list>
<pin id="61" dir="1" index="0" bw="1" slack="0"/>
</pin_list>
<bind>
<StgValue><ssdm name="Dxy_V_3"/><MemPortTyVec>1 </MemPortTyVec>
</StgValue>
</bind>
</comp>

<comp id="62" class="1000" name="Dxy_V_0">
<pin_list>
<pin id="63" dir="1" index="0" bw="1" slack="0"/>
</pin_list>
<bind>
<StgValue><ssdm name="Dxy_V_0"/><MemPortTyVec>1 </MemPortTyVec>
</StgValue>
</bind>
</comp>

<comp id="64" class="1000" name="Dxy_V_1">
<pin_list>
<pin id="65" dir="1" index="0" bw="1" slack="0"/>
</pin_list>
<bind>
<StgValue><ssdm name="Dxy_V_1"/><MemPortTyVec>1 </MemPortTyVec>
</StgValue>
</bind>
</comp>

<comp id="66" class="1000" name="Dxy_V_4">
<pin_list>
<pin id="67" dir="1" index="0" bw="1" slack="0"/>
</pin_list>
<bind>
<StgValue><ssdm name="Dxy_V_4"/><MemPortTyVec>1 </MemPortTyVec>
</StgValue>
</bind>
</comp>

<comp id="68" class="1000" name="bRow_V_0">
<pin_list>
<pin id="69" dir="1" index="0" bw="1" slack="0"/>
</pin_list>
<bind>
<StgValue><ssdm name="bRow_V_0"/></StgValue>
</bind>
</comp>

<comp id="70" class="1000" name="bRow_V_1">
<pin_list>
<pin id="71" dir="1" index="0" bw="1" slack="0"/>
</pin_list>
<bind>
<StgValue><ssdm name="bRow_V_1"/></StgValue>
</bind>
</comp>

<comp id="72" class="1000" name="bRow_V_2">
<pin_list>
<pin id="73" dir="1" index="0" bw="1" slack="0"/>
</pin_list>
<bind>
<StgValue><ssdm name="bRow_V_2"/></StgValue>
</bind>
</comp>

<comp id="74" class="1000" name="MSB_V_1">
<pin_list>
<pin id="75" dir="1" index="0" bw="1" slack="0"/>
</pin_list>
<bind>
<StgValue><ssdm name="MSB_V_1"/></StgValue>
</bind>
</comp>

<comp id="76" class="1000" name="N1_V">
<pin_list>
<pin id="77" dir="1" index="0" bw="1" slack="0"/>
</pin_list>
<bind>
<StgValue><ssdm name="N1_V"/><MemPortTyVec>2 3 </MemPortTyVec>
</StgValue>
</bind>
</comp>

<comp id="78" class="1000" name="tmpPointNum">
<pin_list>
<pin id="79" dir="1" index="0" bw="1" slack="0"/>
</pin_list>
<bind>
<StgValue><ssdm name="tmpPointNum"/></StgValue>
</bind>
</comp>

<comp id="80" class="1001" name="const_80">
<pin_list>
<pin id="81" dir="1" index="0" bw="1" slack="0"/>
</pin_list>
<bind>
<StgValue><ssdm name=""/></StgValue>
</bind>
</comp>

<comp id="82" class="1001" name="const_82">
<pin_list>
<pin id="83" dir="1" index="0" bw="1" slack="0"/>
</pin_list>
<bind>
<StgValue><ssdm name="AXIvideo2Mat"/></StgValue>
</bind>
</comp>

<comp id="84" class="1001" name="const_84">
<pin_list>
<pin id="85" dir="1" index="0" bw="1" slack="0"/>
</pin_list>
<bind>
<StgValue><ssdm name="integralImg"/></StgValue>
</bind>
</comp>

<comp id="86" class="1001" name="const_86">
<pin_list>
<pin id="87" dir="1" index="0" bw="1" slack="0"/>
</pin_list>
<bind>
<StgValue><ssdm name="_ssdm_op_Read.ap_stable.i32"/></StgValue>
</bind>
</comp>

<comp id="88" class="1001" name="const_88">
<pin_list>
<pin id="89" dir="1" index="0" bw="1" slack="0"/>
</pin_list>
<bind>
<StgValue><ssdm name="_ssdm_op_Read.s_axilite.i32"/></StgValue>
</bind>
</comp>

<comp id="90" class="1001" name="const_90">
<pin_list>
<pin id="91" dir="1" index="0" bw="1" slack="0"/>
</pin_list>
<bind>
<StgValue><ssdm name="surf_Simplified.entr"/></StgValue>
</bind>
</comp>

<comp id="92" class="1001" name="const_92">
<pin_list>
<pin id="93" dir="1" index="0" bw="1" slack="0"/>
</pin_list>
<bind>
<StgValue><ssdm name="Block_codeRepl47_pro"/></StgValue>
</bind>
</comp>

<comp id="94" class="1001" name="const_94">
<pin_list>
<pin id="95" dir="1" index="0" bw="1" slack="0"/>
</pin_list>
<bind>
<StgValue><ssdm name="HessianDetector"/></StgValue>
</bind>
</comp>

<comp id="96" class="1001" name="const_96">
<pin_list>
<pin id="97" dir="1" index="0" bw="1" slack="2147483647"/>
</pin_list>
<bind>
<StgValue><ssdm name="_ssdm_op_SpecBitsMap"/></StgValue>
</bind>
</comp>

<comp id="98" class="1001" name="const_98">
<pin_list>
<pin id="99" dir="1" index="0" bw="1" slack="2147483647"/>
</pin_list>
<bind>
<StgValue><ssdm name="_ssdm_op_SpecDataflowPipeline"/></StgValue>
</bind>
</comp>

<comp id="100" class="1001" name="const_100">
<pin_list>
<pin id="101" dir="1" index="0" bw="1" slack="2147483647"/>
</pin_list>
<bind>
<StgValue><ssdm name=""/></StgValue>
</bind>
</comp>

<comp id="102" class="1001" name="const_102">
<pin_list>
<pin id="103" dir="1" index="0" bw="1" slack="2147483647"/>
</pin_list>
<bind>
<StgValue><ssdm name=""/></StgValue>
</bind>
</comp>

<comp id="104" class="1001" name="const_104">
<pin_list>
<pin id="105" dir="1" index="0" bw="1" slack="2147483647"/>
</pin_list>
<bind>
<StgValue><ssdm name="p_str116"/></StgValue>
</bind>
</comp>

<comp id="106" class="1001" name="const_106">
<pin_list>
<pin id="107" dir="1" index="0" bw="1" slack="2147483647"/>
</pin_list>
<bind>
<StgValue><ssdm name="_ssdm_op_SpecChannel"/></StgValue>
</bind>
</comp>

<comp id="108" class="1001" name="const_108">
<pin_list>
<pin id="109" dir="1" index="0" bw="1" slack="2147483647"/>
</pin_list>
<bind>
<StgValue><ssdm name="sum_OC_V_str"/></StgValue>
</bind>
</comp>

<comp id="110" class="1001" name="const_110">
<pin_list>
<pin id="111" dir="1" index="0" bw="1" slack="2147483647"/>
</pin_list>
<bind>
<StgValue><ssdm name=""/></StgValue>
</bind>
</comp>

<comp id="112" class="1001" name="const_112">
<pin_list>
<pin id="113" dir="1" index="0" bw="1" slack="2147483647"/>
</pin_list>
<bind>
<StgValue><ssdm name="p_str"/></StgValue>
</bind>
</comp>

<comp id="114" class="1001" name="const_114">
<pin_list>
<pin id="115" dir="1" index="0" bw="1" slack="2147483647"/>
</pin_list>
<bind>
<StgValue><ssdm name=""/></StgValue>
</bind>
</comp>

<comp id="116" class="1001" name="const_116">
<pin_list>
<pin id="117" dir="1" index="0" bw="1" slack="2147483647"/>
</pin_list>
<bind>
<StgValue><ssdm name="_ssdm_op_SpecInterface"/></StgValue>
</bind>
</comp>

<comp id="118" class="1001" name="const_118">
<pin_list>
<pin id="119" dir="1" index="0" bw="1" slack="2147483647"/>
</pin_list>
<bind>
<StgValue><ssdm name="ap_fifo_str"/></StgValue>
</bind>
</comp>

<comp id="120" class="1001" name="const_120">
<pin_list>
<pin id="121" dir="1" index="0" bw="1" slack="2147483647"/>
</pin_list>
<bind>
<StgValue><ssdm name=""/></StgValue>
</bind>
</comp>

<comp id="122" class="1001" name="const_122">
<pin_list>
<pin id="123" dir="1" index="0" bw="1" slack="2147483647"/>
</pin_list>
<bind>
<StgValue><ssdm name="_ssdm_op_SpecTopModule"/></StgValue>
</bind>
</comp>

<comp id="124" class="1001" name="const_124">
<pin_list>
<pin id="125" dir="1" index="0" bw="1" slack="2147483647"/>
</pin_list>
<bind>
<StgValue><ssdm name="surf_Simplified_str"/></StgValue>
</bind>
</comp>

<comp id="126" class="1001" name="const_126">
<pin_list>
<pin id="127" dir="1" index="0" bw="1" slack="2147483647"/>
</pin_list>
<bind>
<StgValue><ssdm name="img_OC_data_stream_L_2"/></StgValue>
</bind>
</comp>

<comp id="128" class="1001" name="const_128">
<pin_list>
<pin id="129" dir="1" index="0" bw="1" slack="2147483647"/>
</pin_list>
<bind>
<StgValue><ssdm name="img_OC_data_stream_L_1"/></StgValue>
</bind>
</comp>

<comp id="130" class="1001" name="const_130">
<pin_list>
<pin id="131" dir="1" index="0" bw="1" slack="2147483647"/>
</pin_list>
<bind>
<StgValue><ssdm name="img_OC_data_stream_L"/></StgValue>
</bind>
</comp>

<comp id="132" class="1001" name="const_132">
<pin_list>
<pin id="133" dir="1" index="0" bw="1" slack="2147483647"/>
</pin_list>
<bind>
<StgValue><ssdm name="p_str15"/></StgValue>
</bind>
</comp>

<comp id="134" class="1001" name="const_134">
<pin_list>
<pin id="135" dir="1" index="0" bw="1" slack="2147483647"/>
</pin_list>
<bind>
<StgValue><ssdm name="p_str217"/></StgValue>
</bind>
</comp>

<comp id="136" class="1001" name="const_136">
<pin_list>
<pin id="137" dir="1" index="0" bw="1" slack="2147483647"/>
</pin_list>
<bind>
<StgValue><ssdm name="p_str318"/></StgValue>
</bind>
</comp>

<comp id="138" class="1001" name="const_138">
<pin_list>
<pin id="139" dir="1" index="0" bw="1" slack="2147483647"/>
</pin_list>
<bind>
<StgValue><ssdm name="p_str419"/></StgValue>
</bind>
</comp>

<comp id="140" class="1001" name="const_140">
<pin_list>
<pin id="141" dir="1" index="0" bw="1" slack="2147483647"/>
</pin_list>
<bind>
<StgValue><ssdm name=""/></StgValue>
</bind>
</comp>

<comp id="142" class="1001" name="const_142">
<pin_list>
<pin id="143" dir="1" index="0" bw="1" slack="2147483647"/>
</pin_list>
<bind>
<StgValue><ssdm name="p_str520"/></StgValue>
</bind>
</comp>

<comp id="144" class="1001" name="const_144">
<pin_list>
<pin id="145" dir="1" index="0" bw="1" slack="2147483647"/>
</pin_list>
<bind>
<StgValue><ssdm name="p_str621"/></StgValue>
</bind>
</comp>

<comp id="146" class="1001" name="const_146">
<pin_list>
<pin id="147" dir="1" index="0" bw="1" slack="2147483647"/>
</pin_list>
<bind>
<StgValue><ssdm name="mode"/></StgValue>
</bind>
</comp>

<comp id="148" class="1001" name="const_148">
<pin_list>
<pin id="149" dir="1" index="0" bw="1" slack="2147483647"/>
</pin_list>
<bind>
<StgValue><ssdm name="bundle"/></StgValue>
</bind>
</comp>

<comp id="150" class="1001" name="const_150">
<pin_list>
<pin id="151" dir="1" index="0" bw="1" slack="2147483647"/>
</pin_list>
<bind>
<StgValue><ssdm name="p_str722"/></StgValue>
</bind>
</comp>

<comp id="152" class="1001" name="const_152">
<pin_list>
<pin id="153" dir="1" index="0" bw="1" slack="2147483647"/>
</pin_list>
<bind>
<StgValue><ssdm name="mode2"/></StgValue>
</bind>
</comp>

<comp id="154" class="1001" name="const_154">
<pin_list>
<pin id="155" dir="1" index="0" bw="1" slack="2147483647"/>
</pin_list>
<bind>
<StgValue><ssdm name="bundle3"/></StgValue>
</bind>
</comp>

<comp id="156" class="1001" name="const_156">
<pin_list>
<pin id="157" dir="1" index="0" bw="1" slack="2147483647"/>
</pin_list>
<bind>
<StgValue><ssdm name="p_str823"/></StgValue>
</bind>
</comp>

<comp id="158" class="1001" name="const_158">
<pin_list>
<pin id="159" dir="1" index="0" bw="1" slack="2147483647"/>
</pin_list>
<bind>
<StgValue><ssdm name="p_str924"/></StgValue>
</bind>
</comp>

<comp id="160" class="1001" name="const_160">
<pin_list>
<pin id="161" dir="1" index="0" bw="1" slack="2147483647"/>
</pin_list>
<bind>
<StgValue><ssdm name="keyPoints_OC_V_c_str"/></StgValue>
</bind>
</comp>

<comp id="162" class="1001" name="const_162">
<pin_list>
<pin id="163" dir="1" index="0" bw="1" slack="2147483647"/>
</pin_list>
<bind>
<StgValue><ssdm name=""/></StgValue>
</bind>
</comp>

<comp id="164" class="1001" name="const_164">
<pin_list>
<pin id="165" dir="1" index="0" bw="1" slack="2147483647"/>
</pin_list>
<bind>
<StgValue><ssdm name="kpn_c_str"/></StgValue>
</bind>
</comp>

<comp id="166" class="1001" name="const_166">
<pin_list>
<pin id="167" dir="1" index="0" bw="1" slack="2147483647"/>
</pin_list>
<bind>
<StgValue><ssdm name="this_OC_assign_OC_1_1"/></StgValue>
</bind>
</comp>

<comp id="168" class="1004" name="kpn_c_fu_168">
<pin_list>
<pin id="169" dir="0" index="0" bw="1" slack="0"/>
<pin id="170" dir="1" index="1" bw="32" slack="3"/>
</pin_list>
<bind>
<opcode="alloca(26) " fcode="alloca"/>
<opset="kpn_c/1 "/>
</bind>
</comp>

<comp id="172" class="1004" name="keyPoints_V_c_fu_172">
<pin_list>
<pin id="173" dir="0" index="0" bw="1" slack="0"/>
<pin id="174" dir="1" index="1" bw="32" slack="3"/>
</pin_list>
<bind>
<opcode="alloca(26) " fcode="alloca"/>
<opset="keyPoints_V_c/1 "/>
</bind>
</comp>

<comp id="176" class="1004" name="this_assign_1_loc_c_fu_176">
<pin_list>
<pin id="177" dir="0" index="0" bw="1" slack="0"/>
<pin id="178" dir="1" index="1" bw="32" slack="3"/>
</pin_list>
<bind>
<opcode="alloca(26) " fcode="alloca"/>
<opset="this_assign_1_loc_c/1 "/>
</bind>
</comp>

<comp id="180" class="1004" name="img_data_stream_0_V_fu_180">
<pin_list>
<pin id="181" dir="0" index="0" bw="1" slack="0"/>
<pin id="182" dir="1" index="1" bw="8" slack="1"/>
</pin_list>
<bind>
<opcode="alloca(26) " fcode="alloca"/>
<opset="img_data_stream_0_V/1 "/>
</bind>
</comp>

<comp id="184" class="1004" name="img_data_stream_1_V_fu_184">
<pin_list>
<pin id="185" dir="0" index="0" bw="1" slack="0"/>
<pin id="186" dir="1" index="1" bw="8" slack="1"/>
</pin_list>
<bind>
<opcode="alloca(26) " fcode="alloca"/>
<opset="img_data_stream_1_V/1 "/>
</bind>
</comp>

<comp id="188" class="1004" name="img_data_stream_2_V_fu_188">
<pin_list>
<pin id="189" dir="0" index="0" bw="1" slack="0"/>
<pin id="190" dir="1" index="1" bw="8" slack="1"/>
</pin_list>
<bind>
<opcode="alloca(26) " fcode="alloca"/>
<opset="img_data_stream_2_V/1 "/>
</bind>
</comp>

<comp id="192" class="1004" name="threshold_read_read_fu_192">
<pin_list>
<pin id="193" dir="0" index="0" bw="32" slack="0"/>
<pin id="194" dir="0" index="1" bw="32" slack="0"/>
<pin id="195" dir="1" index="2" bw="32" slack="0"/>
</pin_list>
<bind>
<opcode="read(1150) " fcode="read"/>
<opset="threshold_read/4 "/>
</bind>
</comp>

<comp id="198" class="1004" name="kpn_read_read_fu_198">
<pin_list>
<pin id="199" dir="0" index="0" bw="32" slack="0"/>
<pin id="200" dir="0" index="1" bw="32" slack="0"/>
<pin id="201" dir="1" index="2" bw="32" slack="0"/>
</pin_list>
<bind>
<opcode="read(1150) " fcode="read"/>
<opset="kpn_read/4 "/>
</bind>
</comp>

<comp id="204" class="1004" name="keyPoints_V_read_read_fu_204">
<pin_list>
<pin id="205" dir="0" index="0" bw="32" slack="0"/>
<pin id="206" dir="0" index="1" bw="32" slack="0"/>
<pin id="207" dir="1" index="2" bw="32" slack="0"/>
</pin_list>
<bind>
<opcode="read(1150) " fcode="read"/>
<opset="keyPoints_V_read/4 "/>
</bind>
</comp>

<comp id="210" class="1004" name="grp_HessianDetector_fu_210">
<pin_list>
<pin id="211" dir="0" index="0" bw="0" slack="0"/>
<pin id="212" dir="0" index="1" bw="32" slack="0"/>
<pin id="213" dir="0" index="2" bw="32" slack="4"/>
<pin id="214" dir="0" index="3" bw="32" slack="0"/>
<pin id="215" dir="0" index="4" bw="32" slack="4"/>
<pin id="216" dir="0" index="5" bw="32" slack="4"/>
<pin id="217" dir="0" index="6" bw="176" slack="0"/>
<pin id="218" dir="0" index="7" bw="32" slack="0"/>
<pin id="219" dir="0" index="8" bw="32" slack="0"/>
<pin id="220" dir="0" index="9" bw="5" slack="0"/>
<pin id="221" dir="0" index="10" bw="32" slack="0"/>
<pin id="222" dir="0" index="11" bw="32" slack="0"/>
<pin id="223" dir="0" index="12" bw="32" slack="0"/>
<pin id="224" dir="0" index="13" bw="32" slack="0"/>
<pin id="225" dir="0" index="14" bw="32" slack="0"/>
<pin id="226" dir="0" index="15" bw="32" slack="0"/>
<pin id="227" dir="0" index="16" bw="32" slack="0"/>
<pin id="228" dir="0" index="17" bw="32" slack="0"/>
<pin id="229" dir="0" index="18" bw="32" slack="0"/>
<pin id="230" dir="0" index="19" bw="32" slack="0"/>
<pin id="231" dir="0" index="20" bw="15" slack="0"/>
<pin id="232" dir="0" index="21" bw="15" slack="0"/>
<pin id="233" dir="0" index="22" bw="14" slack="0"/>
<pin id="234" dir="0" index="23" bw="14" slack="0"/>
<pin id="235" dir="0" index="24" bw="8" slack="0"/>
<pin id="236" dir="0" index="25" bw="2" slack="0"/>
<pin id="237" dir="0" index="26" bw="2" slack="0"/>
<pin id="238" dir="0" index="27" bw="2" slack="0"/>
<pin id="239" dir="0" index="28" bw="6" slack="0"/>
<pin id="240" dir="0" index="29" bw="32" slack="0"/>
<pin id="241" dir="0" index="30" bw="32" slack="0"/>
<pin id="242" dir="1" index="31" bw="0" slack="2147483647"/>
</pin_list>
<bind>
<opcode="call(48) " fcode="call"/>
<opset="StgValue_22/5 "/>
</bind>
</comp>

<comp id="271" class="1004" name="grp_integralImg_fu_271">
<pin_list>
<pin id="272" dir="0" index="0" bw="0" slack="0"/>
<pin id="273" dir="0" index="1" bw="8" slack="2"/>
<pin id="274" dir="0" index="2" bw="8" slack="2"/>
<pin id="275" dir="0" index="3" bw="8" slack="2"/>
<pin id="276" dir="0" index="4" bw="32" slack="0"/>
<pin id="277" dir="0" index="5" bw="32" slack="0"/>
<pin id="278" dir="0" index="6" bw="32" slack="0"/>
<pin id="279" dir="0" index="7" bw="32" slack="0"/>
<pin id="280" dir="1" index="8" bw="0" slack="2147483647"/>
</pin_list>
<bind>
<opcode="call(48) " fcode="call"/>
<opset="StgValue_15/3 "/>
</bind>
</comp>

<comp id="286" class="1004" name="grp_AXIvideo2Mat_fu_286">
<pin_list>
<pin id="287" dir="0" index="0" bw="0" slack="0"/>
<pin id="288" dir="0" index="1" bw="24" slack="0"/>
<pin id="289" dir="0" index="2" bw="3" slack="0"/>
<pin id="290" dir="0" index="3" bw="3" slack="0"/>
<pin id="291" dir="0" index="4" bw="1" slack="0"/>
<pin id="292" dir="0" index="5" bw="1" slack="0"/>
<pin id="293" dir="0" index="6" bw="1" slack="0"/>
<pin id="294" dir="0" index="7" bw="1" slack="0"/>
<pin id="295" dir="0" index="8" bw="8" slack="1"/>
<pin id="296" dir="0" index="9" bw="8" slack="1"/>
<pin id="297" dir="0" index="10" bw="8" slack="1"/>
<pin id="298" dir="1" index="11" bw="0" slack="2147483647"/>
</pin_list>
<bind>
<opcode="call(48) " fcode="call"/>
<opset="StgValue_13/2 "/>
</bind>
</comp>

<comp id="307" class="1004" name="StgValue_19_surf_Simplified_entr_fu_307">
<pin_list>
<pin id="308" dir="0" index="0" bw="0" slack="0"/>
<pin id="309" dir="0" index="1" bw="32" slack="0"/>
<pin id="310" dir="0" index="2" bw="32" slack="0"/>
<pin id="311" dir="0" index="3" bw="32" slack="3"/>
<pin id="312" dir="0" index="4" bw="32" slack="3"/>
<pin id="313" dir="1" index="5" bw="0" slack="2147483647"/>
</pin_list>
<bind>
<opcode="call(48) " fcode="call"/>
<opset="StgValue_19/4 "/>
</bind>
</comp>

<comp id="317" class="1004" name="StgValue_21_Block_codeRepl47_pro_fu_317">
<pin_list>
<pin id="318" dir="0" index="0" bw="0" slack="0"/>
<pin id="319" dir="0" index="1" bw="32" slack="0"/>
<pin id="320" dir="0" index="2" bw="32" slack="3"/>
<pin id="321" dir="1" index="3" bw="0" slack="2147483647"/>
</pin_list>
<bind>
<opcode="call(48) " fcode="call"/>
<opset="StgValue_21/4 "/>
</bind>
</comp>

<comp id="324" class="1005" name="kpn_c_reg_324">
<pin_list>
<pin id="325" dir="0" index="0" bw="32" slack="3"/>
<pin id="326" dir="1" index="1" bw="32" slack="3"/>
</pin_list>
<bind>
<opset="kpn_c "/>
</bind>
</comp>

<comp id="330" class="1005" name="keyPoints_V_c_reg_330">
<pin_list>
<pin id="331" dir="0" index="0" bw="32" slack="3"/>
<pin id="332" dir="1" index="1" bw="32" slack="3"/>
</pin_list>
<bind>
<opset="keyPoints_V_c "/>
</bind>
</comp>

<comp id="336" class="1005" name="this_assign_1_loc_c_reg_336">
<pin_list>
<pin id="337" dir="0" index="0" bw="32" slack="3"/>
<pin id="338" dir="1" index="1" bw="32" slack="3"/>
</pin_list>
<bind>
<opset="this_assign_1_loc_c "/>
</bind>
</comp>

<comp id="342" class="1005" name="img_data_stream_0_V_reg_342">
<pin_list>
<pin id="343" dir="0" index="0" bw="8" slack="1"/>
<pin id="344" dir="1" index="1" bw="8" slack="1"/>
</pin_list>
<bind>
<opset="img_data_stream_0_V "/>
</bind>
</comp>

<comp id="348" class="1005" name="img_data_stream_1_V_reg_348">
<pin_list>
<pin id="349" dir="0" index="0" bw="8" slack="1"/>
<pin id="350" dir="1" index="1" bw="8" slack="1"/>
</pin_list>
<bind>
<opset="img_data_stream_1_V "/>
</bind>
</comp>

<comp id="354" class="1005" name="img_data_stream_2_V_reg_354">
<pin_list>
<pin id="355" dir="0" index="0" bw="8" slack="1"/>
<pin id="356" dir="1" index="1" bw="8" slack="1"/>
</pin_list>
<bind>
<opset="img_data_stream_2_V "/>
</bind>
</comp>

</comp_list>

<net_list>
<net id="171"><net_src comp="80" pin="0"/><net_sink comp="168" pin=0"/></net>

<net id="175"><net_src comp="80" pin="0"/><net_sink comp="172" pin=0"/></net>

<net id="179"><net_src comp="80" pin="0"/><net_sink comp="176" pin=0"/></net>

<net id="183"><net_src comp="80" pin="0"/><net_sink comp="180" pin=0"/></net>

<net id="187"><net_src comp="80" pin="0"/><net_sink comp="184" pin=0"/></net>

<net id="191"><net_src comp="80" pin="0"/><net_sink comp="188" pin=0"/></net>

<net id="196"><net_src comp="86" pin="0"/><net_sink comp="192" pin=0"/></net>

<net id="197"><net_src comp="22" pin="0"/><net_sink comp="192" pin=1"/></net>

<net id="202"><net_src comp="88" pin="0"/><net_sink comp="198" pin=0"/></net>

<net id="203"><net_src comp="20" pin="0"/><net_sink comp="198" pin=1"/></net>

<net id="208"><net_src comp="88" pin="0"/><net_sink comp="204" pin=0"/></net>

<net id="209"><net_src comp="18" pin="0"/><net_sink comp="204" pin=1"/></net>

<net id="243"><net_src comp="94" pin="0"/><net_sink comp="210" pin=0"/></net>

<net id="244"><net_src comp="0" pin="0"/><net_sink comp="210" pin=1"/></net>

<net id="245"><net_src comp="2" pin="0"/><net_sink comp="210" pin=3"/></net>

<net id="246"><net_src comp="32" pin="0"/><net_sink comp="210" pin=6"/></net>

<net id="247"><net_src comp="30" pin="0"/><net_sink comp="210" pin=7"/></net>

<net id="248"><net_src comp="34" pin="0"/><net_sink comp="210" pin=8"/></net>

<net id="249"><net_src comp="36" pin="0"/><net_sink comp="210" pin=9"/></net>

<net id="250"><net_src comp="38" pin="0"/><net_sink comp="210" pin=10"/></net>

<net id="251"><net_src comp="40" pin="0"/><net_sink comp="210" pin=11"/></net>

<net id="252"><net_src comp="42" pin="0"/><net_sink comp="210" pin=12"/></net>

<net id="253"><net_src comp="44" pin="0"/><net_sink comp="210" pin=13"/></net>

<net id="254"><net_src comp="46" pin="0"/><net_sink comp="210" pin=14"/></net>

<net id="255"><net_src comp="48" pin="0"/><net_sink comp="210" pin=15"/></net>

<net id="256"><net_src comp="50" pin="0"/><net_sink comp="210" pin=16"/></net>

<net id="257"><net_src comp="52" pin="0"/><net_sink comp="210" pin=17"/></net>

<net id="258"><net_src comp="54" pin="0"/><net_sink comp="210" pin=18"/></net>

<net id="259"><net_src comp="56" pin="0"/><net_sink comp="210" pin=19"/></net>

<net id="260"><net_src comp="58" pin="0"/><net_sink comp="210" pin=20"/></net>

<net id="261"><net_src comp="60" pin="0"/><net_sink comp="210" pin=21"/></net>

<net id="262"><net_src comp="62" pin="0"/><net_sink comp="210" pin=22"/></net>

<net id="263"><net_src comp="64" pin="0"/><net_sink comp="210" pin=23"/></net>

<net id="264"><net_src comp="66" pin="0"/><net_sink comp="210" pin=24"/></net>

<net id="265"><net_src comp="68" pin="0"/><net_sink comp="210" pin=25"/></net>

<net id="266"><net_src comp="70" pin="0"/><net_sink comp="210" pin=26"/></net>

<net id="267"><net_src comp="72" pin="0"/><net_sink comp="210" pin=27"/></net>

<net id="268"><net_src comp="74" pin="0"/><net_sink comp="210" pin=28"/></net>

<net id="269"><net_src comp="76" pin="0"/><net_sink comp="210" pin=29"/></net>

<net id="270"><net_src comp="78" pin="0"/><net_sink comp="210" pin=30"/></net>

<net id="281"><net_src comp="84" pin="0"/><net_sink comp="271" pin=0"/></net>

<net id="282"><net_src comp="24" pin="0"/><net_sink comp="271" pin=4"/></net>

<net id="283"><net_src comp="26" pin="0"/><net_sink comp="271" pin=5"/></net>

<net id="284"><net_src comp="28" pin="0"/><net_sink comp="271" pin=6"/></net>

<net id="285"><net_src comp="30" pin="0"/><net_sink comp="271" pin=7"/></net>

<net id="299"><net_src comp="82" pin="0"/><net_sink comp="286" pin=0"/></net>

<net id="300"><net_src comp="4" pin="0"/><net_sink comp="286" pin=1"/></net>

<net id="301"><net_src comp="6" pin="0"/><net_sink comp="286" pin=2"/></net>

<net id="302"><net_src comp="8" pin="0"/><net_sink comp="286" pin=3"/></net>

<net id="303"><net_src comp="10" pin="0"/><net_sink comp="286" pin=4"/></net>

<net id="304"><net_src comp="12" pin="0"/><net_sink comp="286" pin=5"/></net>

<net id="305"><net_src comp="14" pin="0"/><net_sink comp="286" pin=6"/></net>

<net id="306"><net_src comp="16" pin="0"/><net_sink comp="286" pin=7"/></net>

<net id="314"><net_src comp="90" pin="0"/><net_sink comp="307" pin=0"/></net>

<net id="315"><net_src comp="204" pin="2"/><net_sink comp="307" pin=1"/></net>

<net id="316"><net_src comp="198" pin="2"/><net_sink comp="307" pin=2"/></net>

<net id="322"><net_src comp="92" pin="0"/><net_sink comp="317" pin=0"/></net>

<net id="323"><net_src comp="192" pin="2"/><net_sink comp="317" pin=1"/></net>

<net id="327"><net_src comp="168" pin="1"/><net_sink comp="324" pin=0"/></net>

<net id="328"><net_src comp="324" pin="1"/><net_sink comp="307" pin=4"/></net>

<net id="329"><net_src comp="324" pin="1"/><net_sink comp="210" pin=4"/></net>

<net id="333"><net_src comp="172" pin="1"/><net_sink comp="330" pin=0"/></net>

<net id="334"><net_src comp="330" pin="1"/><net_sink comp="307" pin=3"/></net>

<net id="335"><net_src comp="330" pin="1"/><net_sink comp="210" pin=2"/></net>

<net id="339"><net_src comp="176" pin="1"/><net_sink comp="336" pin=0"/></net>

<net id="340"><net_src comp="336" pin="1"/><net_sink comp="317" pin=2"/></net>

<net id="341"><net_src comp="336" pin="1"/><net_sink comp="210" pin=5"/></net>

<net id="345"><net_src comp="180" pin="1"/><net_sink comp="342" pin=0"/></net>

<net id="346"><net_src comp="342" pin="1"/><net_sink comp="286" pin=8"/></net>

<net id="347"><net_src comp="342" pin="1"/><net_sink comp="271" pin=1"/></net>

<net id="351"><net_src comp="184" pin="1"/><net_sink comp="348" pin=0"/></net>

<net id="352"><net_src comp="348" pin="1"/><net_sink comp="286" pin=9"/></net>

<net id="353"><net_src comp="348" pin="1"/><net_sink comp="271" pin=2"/></net>

<net id="357"><net_src comp="188" pin="1"/><net_sink comp="354" pin=0"/></net>

<net id="358"><net_src comp="354" pin="1"/><net_sink comp="286" pin=10"/></net>

<net id="359"><net_src comp="354" pin="1"/><net_sink comp="271" pin=3"/></net>

</net_list>

</model> 
---------------- Datapath Model END ------------------

* FSMD analyzer results:
  - Output states:
	Port: keyPoints | {5 6 }
	Port: pointNumber | {5 6 }
	Port: pix_val | {3 4 }
	Port: buf_1 | {3 4 }
	Port: buf_0 | {3 4 }
	Port: sum_V | {3 4 }
	Port: MSB_V | {5 6 }
	Port: sumBuf | {5 6 }
	Port: bRow_V_0 | {5 6 }
	Port: bRow_V_1 | {5 6 }
	Port: bRow_V_2 | {5 6 }
	Port: MSB_V_1 | {5 6 }
	Port: N1_V | {5 6 }
	Port: tmpPointNum | {5 6 }
 - Input state : 
	Port: surf_Simplified : video_in_V_data_V | {2 3 }
	Port: surf_Simplified : video_in_V_keep_V | {2 3 }
	Port: surf_Simplified : video_in_V_strb_V | {2 3 }
	Port: surf_Simplified : video_in_V_user_V | {2 3 }
	Port: surf_Simplified : video_in_V_last_V | {2 3 }
	Port: surf_Simplified : video_in_V_id_V | {2 3 }
	Port: surf_Simplified : video_in_V_dest_V | {2 3 }
	Port: surf_Simplified : keyPoints_V | {4 }
	Port: surf_Simplified : kpn | {4 }
	Port: surf_Simplified : threshold | {4 }
	Port: surf_Simplified : buf_1 | {3 4 }
	Port: surf_Simplified : buf_0 | {3 4 }
	Port: surf_Simplified : sum_V | {5 6 }
	Port: surf_Simplified : MSB_V | {5 6 }
	Port: surf_Simplified : sumBuf | {5 6 }
	Port: surf_Simplified : sizes | {5 6 }
	Port: surf_Simplified : Dx_V_0 | {5 6 }
	Port: surf_Simplified : Dx_V_1 | {5 6 }
	Port: surf_Simplified : Dx_V_2 | {5 6 }
	Port: surf_Simplified : Dx_V_3 | {5 6 }
	Port: surf_Simplified : Dx_V_4 | {5 6 }
	Port: surf_Simplified : Dy_V_0 | {5 6 }
	Port: surf_Simplified : Dy_V_1 | {5 6 }
	Port: surf_Simplified : Dy_V_2 | {5 6 }
	Port: surf_Simplified : Dy_V_3 | {5 6 }
	Port: surf_Simplified : Dy_V_4 | {5 6 }
	Port: surf_Simplified : Dxy_V_2 | {5 6 }
	Port: surf_Simplified : Dxy_V_3 | {5 6 }
	Port: surf_Simplified : Dxy_V_0 | {5 6 }
	Port: surf_Simplified : Dxy_V_1 | {5 6 }
	Port: surf_Simplified : Dxy_V_4 | {5 6 }
	Port: surf_Simplified : bRow_V_0 | {5 6 }
	Port: surf_Simplified : bRow_V_1 | {5 6 }
	Port: surf_Simplified : bRow_V_2 | {5 6 }
	Port: surf_Simplified : MSB_V_1 | {5 6 }
	Port: surf_Simplified : N1_V | {5 6 }
	Port: surf_Simplified : tmpPointNum | {5 6 }
  - Chain level:
	State 1
	State 2
	State 3
	State 4
	State 5
	State 6


============================================================
+ Verbose Summary: Datapath Resource usage 
============================================================

* Functional unit list:
|----------|-----------------------------------------|---------|---------|---------|---------|
| Operation|             Functional Unit             |  DSP48E |  Delay  |    FF   |   LUT   |
|----------|-----------------------------------------|---------|---------|---------|---------|
|          |        grp_HessianDetector_fu_210       |    11   |  20.292 |   3074  |   7891  |
|          |          grp_integralImg_fu_271         |    1    |  3.918  |   272   |   344   |
|   call   |         grp_AXIvideo2Mat_fu_286         |    0    |  0.466  |   220   |    34   |
|          | StgValue_19_surf_Simplified_entr_fu_307 |    0    |    0    |    0    |    0    |
|          | StgValue_21_Block_codeRepl47_pro_fu_317 |    0    |    0    |    0    |    0    |
|----------|-----------------------------------------|---------|---------|---------|---------|
|          |        threshold_read_read_fu_192       |    0    |    0    |    0    |    0    |
|   read   |           kpn_read_read_fu_198          |    0    |    0    |    0    |    0    |
|          |       keyPoints_V_read_read_fu_204      |    0    |    0    |    0    |    0    |
|----------|-----------------------------------------|---------|---------|---------|---------|
|   Total  |                                         |    12   |  24.676 |   3566  |   8269  |
|----------|-----------------------------------------|---------|---------|---------|---------|

Memories:
+-------+--------+--------+--------+
|       |  BRAM  |   FF   |   LUT  |
+-------+--------+--------+--------+
| Dx_V_0|    0   |   64   |    5   |
| Dx_V_1|    0   |   64   |    5   |
| Dx_V_2|    0   |   64   |    5   |
| Dx_V_3|    0   |   64   |    5   |
| Dx_V_4|    0   |   64   |    5   |
|Dxy_V_0|    0   |   14   |    3   |
|Dxy_V_1|    0   |   14   |    3   |
|Dxy_V_2|    0   |   15   |    3   |
|Dxy_V_3|    0   |   15   |    3   |
|Dxy_V_4|    0   |    8   |    2   |
| Dy_V_0|    0   |   64   |    5   |
| Dy_V_1|    0   |   64   |    5   |
| Dy_V_2|    0   |   64   |    5   |
| Dy_V_3|    0   |   64   |    5   |
| Dy_V_4|    0   |   64   |    5   |
|  N1_V |   16   |    0   |    0   |
| buf_0 |    2   |    0   |    0   |
| buf_1 |    2   |    0   |    0   |
| sizes |    0   |    5   |    1   |
| sumBuf|   64   |    0   |    0   |
+-------+--------+--------+--------+
| Total |   84   |   711  |   65   |
+-------+--------+--------+--------+

* Register list:
+---------------------------+--------+
|                           |   FF   |
+---------------------------+--------+
|img_data_stream_0_V_reg_342|    8   |
|img_data_stream_1_V_reg_348|    8   |
|img_data_stream_2_V_reg_354|    8   |
|   keyPoints_V_c_reg_330   |   32   |
|       kpn_c_reg_324       |   32   |
|this_assign_1_loc_c_reg_336|   32   |
+---------------------------+--------+
|           Total           |   120  |
+---------------------------+--------+

* Multiplexer (MUX) list: 
|--------|------|------|------|--------|
|  Comp  |  Pin | Size |  BW  | S x BW |
|--------|------|------|------|--------|
|  Total |      |      |      |    0   |
|--------|------|------|------|--------|



* Summary:
+-----------+--------+--------+--------+--------+--------+
|           |  BRAM  | DSP48E |  Delay |   FF   |   LUT  |
+-----------+--------+--------+--------+--------+--------+
|  Function |    -   |   12   |   24   |  3566  |  8269  |
|   Memory  |   84   |    -   |    -   |   711  |   65   |
|Multiplexer|    -   |    -   |    -   |    -   |    -   |
|  Register |    -   |    -   |    -   |   120  |    -   |
+-----------+--------+--------+--------+--------+--------+
|   Total   |   84   |   12   |   24   |  4397  |  8334  |
+-----------+--------+--------+--------+--------+--------+
