

================================================================
== Vivado HLS Report for 'integralImg'
================================================================
* Date:           Tue Aug 18 14:32:50 2020

* Version:        2018.3 (Build 2405991 on Thu Dec 06 23:56:15 MST 2018)
* Project:        HLS_SURF_Simplified
* Solution:       solution2
* Product family: zynq
* Target device:  xc7z020clg400-2


================================================================
== Performance Estimates
================================================================
+ Timing (ns): 
    * Summary: 
    +--------+-------+----------+------------+
    |  Clock | Target| Estimated| Uncertainty|
    +--------+-------+----------+------------+
    |ap_clk  |  10.00|     8.253|        1.25|
    +--------+-------+----------+------------+

+ Latency (clock cycles): 
    * Summary: 
    +--------+---------+--------+---------+---------+
    |      Latency     |     Interval     | Pipeline|
    |   min  |   max   |   min  |   max   |   Type  |
    +--------+---------+--------+---------+---------+
    |  964005|  3371010|  964005|  3371010|   none  |
    +--------+---------+--------+---------+---------+

    + Detail: 
        * Instance: 
        N/A

        * Loop: 
        +--------------------------+--------+---------+-------------+-----------+-----------+------+----------+
        |                          |      Latency     |  Iteration  |  Initiation Interval  | Trip |          |
        |         Loop Name        |   min  |   max   |   Latency   |  achieved |   target  | Count| Pipelined|
        +--------------------------+--------+---------+-------------+-----------+-----------+------+----------+
        |- integralImg_row         |  964004|  3371009| 1604 ~ 5609 |          -|          -|   601|    no    |
        | + integralImg_col        |    1602|     5607|    2 ~ 7    |          -|          -|   801|    no    |
        |  ++ integralImg_channel  |       3|        3|            1|          -|          -|     3|    no    |
        +--------------------------+--------+---------+-------------+-----------+-----------+------+----------+

============================================================
+ Verbose Summary: Synthesis Manager
============================================================
InlineROM: 1
ExposeGlobal: 0
============================================================
+ Verbose Summary: CDFG Model
============================================================
IsTopModel: 0
ResetActiveHigh: 1
IsCombinational: 2
IsDatapathOnly: 0
HasWiredReturn: 1
HasMFsm: 0
HasVarLatency: 1
IsPipeline: 0
IsRtlPipelined: 0
IsInstanceOverlapped: 0
IsDontTouch: 0
HasImplIP: 0
IsGatedGlobalClock: 0


============================================================
+ Verbose Summary: Schedule
============================================================
* Number of FSM states : 6
* Pipeline : 0
* Dataflow Pipeline: 0

* FSM state transitions: 
1 --> 
	2  / true
2 --> 
	3  / (!tmp_i)
3 --> 
	6  / (!tmp_4_i & or_cond_i)
	4  / (!tmp_4_i & !or_cond_i)
	2  / (tmp_4_i)
4 --> 
	5  / (exitcond_i)
	4  / (!exitcond_i)
5 --> 
	6  / true
6 --> 
	3  / true

* FSM state operations: 

State 1 <SV = 0> <Delay = 0.46>
ST_1 : Operation 7 [1/1] (0.00ns)   --->   "call void (...)* @_ssdm_op_SpecInterface(i32* @sum_V, [8 x i8]* @ap_fifo_str, i32 0, i32 0, [1 x i8]* @p_str107, i32 0, i32 0, [1 x i8]* @p_str108, [1 x i8]* @p_str109, [1 x i8]* @p_str110, i32 2, i32 2, i32 16, i32 16, [1 x i8]* @p_str111, [1 x i8]* @p_str112)"   --->   Operation 7 'specinterface' <Predicate = true> <Delay = 0.00>
ST_1 : Operation 8 [1/1] (0.00ns)   --->   "call void (...)* @_ssdm_op_SpecInterface(i24* %video_in_V_data_V, i3* %video_in_V_keep_V, i3* %video_in_V_strb_V, i1* %video_in_V_user_V, i1* %video_in_V_last_V, i1* %video_in_V_id_V, i1* %video_in_V_dest_V, [5 x i8]* @p_str3, i32 1, i32 1, [5 x i8]* @p_str4, i32 0, i32 0, [1 x i8]* @p_str1, [1 x i8]* @p_str1, [1 x i8]* @p_str1, i32 0, i32 0, i32 0, i32 0, [1 x i8]* @p_str1, [1 x i8]* @p_str1) nounwind"   --->   Operation 8 'specinterface' <Predicate = true> <Delay = 0.00>
ST_1 : Operation 9 [1/1] (0.46ns)   --->   "br label %0" [mSURF.cpp:64]   --->   Operation 9 'br' <Predicate = true> <Delay = 0.46>

State 2 <SV = 1> <Delay = 1.94>
ST_2 : Operation 10 [1/1] (0.00ns)   --->   "%r_V_3 = phi i1 [ true, %entry ], [ %phitmp_i, %9 ]" [mSURF.cpp:66]   --->   Operation 10 'phi' 'r_V_3' <Predicate = true> <Delay = 0.00>
ST_2 : Operation 11 [1/1] (0.00ns)   --->   "%r_V_4 = phi i1 [ false, %entry ], [ %phitmp1_i, %9 ]" [mSURF.cpp:66]   --->   Operation 11 'phi' 'r_V_4' <Predicate = true> <Delay = 0.00>
ST_2 : Operation 12 [1/1] (0.00ns)   --->   "%t_V = phi i10 [ 0, %entry ], [ %r_V, %9 ]"   --->   Operation 12 'phi' 't_V' <Predicate = true> <Delay = 0.00>
ST_2 : Operation 13 [1/1] (1.94ns)   --->   "%tmp_i = icmp eq i10 %t_V, -423" [mSURF.cpp:64]   --->   Operation 13 'icmp' 'tmp_i' <Predicate = true> <Delay = 1.94> <Core = "Cmp">   --->   Core 25 'Cmp' <Latency = 0> <II = 1> <Delay = 0.50> <FuncUnit> <Opcode : 'icmp'> <InPorts = 2> <OutPorts = 1>
ST_2 : Operation 14 [1/1] (0.00ns)   --->   "call void (...)* @_ssdm_op_SpecLoopTripCount(i64 601, i64 601, i64 601)"   --->   Operation 14 'speclooptripcount' <Predicate = true> <Delay = 0.00>
ST_2 : Operation 15 [1/1] (1.41ns)   --->   "%r_V = add i10 %t_V, 1" [mSURF.cpp:64]   --->   Operation 15 'add' 'r_V' <Predicate = true> <Delay = 1.41> <Core = "AddSub">   --->   Core 14 'AddSub' <Latency = 0> <II = 1> <Delay = 1.89> <FuncUnit> <Opcode : 'add' 'sub'> <InPorts = 2> <OutPorts = 1>
ST_2 : Operation 16 [1/1] (0.00ns)   --->   "br i1 %tmp_i, label %integralImg.exit, label %1" [mSURF.cpp:64]   --->   Operation 16 'br' <Predicate = true> <Delay = 0.00>
ST_2 : Operation 17 [1/1] (0.00ns)   --->   "call void (...)* @_ssdm_op_SpecLoopName([16 x i8]* @p_str27) nounwind" [mSURF.cpp:65]   --->   Operation 17 'specloopname' <Predicate = (!tmp_i)> <Delay = 0.00>
ST_2 : Operation 18 [1/1] (0.00ns)   --->   "%tmp_2_i = call i32 (...)* @_ssdm_op_SpecRegionBegin([16 x i8]* @p_str27)" [mSURF.cpp:65]   --->   Operation 18 'specregionbegin' 'tmp_2_i' <Predicate = (!tmp_i)> <Delay = 0.00>
ST_2 : Operation 19 [1/1] (1.94ns)   --->   "%tmp_1_i = icmp eq i10 %t_V, 0" [mSURF.cpp:70]   --->   Operation 19 'icmp' 'tmp_1_i' <Predicate = (!tmp_i)> <Delay = 1.94> <Core = "Cmp">   --->   Core 25 'Cmp' <Latency = 0> <II = 1> <Delay = 0.50> <FuncUnit> <Opcode : 'icmp'> <InPorts = 2> <OutPorts = 1>
ST_2 : Operation 20 [1/1] (0.46ns)   --->   "br label %2" [mSURF.cpp:67]   --->   Operation 20 'br' <Predicate = (!tmp_i)> <Delay = 0.46>
ST_2 : Operation 21 [1/1] (0.00ns)   --->   "ret void"   --->   Operation 21 'ret' <Predicate = (tmp_i)> <Delay = 0.00>

State 3 <SV = 2> <Delay = 3.20>
ST_3 : Operation 22 [1/1] (0.00ns)   --->   "%t_V_1 = phi i10 [ 0, %1 ], [ %c_V, %8 ]"   --->   Operation 22 'phi' 't_V_1' <Predicate = true> <Delay = 0.00>
ST_3 : Operation 23 [1/1] (1.94ns)   --->   "%tmp_4_i = icmp eq i10 %t_V_1, -223" [mSURF.cpp:67]   --->   Operation 23 'icmp' 'tmp_4_i' <Predicate = true> <Delay = 1.94> <Core = "Cmp">   --->   Core 25 'Cmp' <Latency = 0> <II = 1> <Delay = 0.50> <FuncUnit> <Opcode : 'icmp'> <InPorts = 2> <OutPorts = 1>
ST_3 : Operation 24 [1/1] (0.00ns)   --->   "call void (...)* @_ssdm_op_SpecLoopTripCount(i64 801, i64 801, i64 801)"   --->   Operation 24 'speclooptripcount' <Predicate = true> <Delay = 0.00>
ST_3 : Operation 25 [1/1] (1.41ns)   --->   "%c_V = add i10 %t_V_1, 1" [mSURF.cpp:67]   --->   Operation 25 'add' 'c_V' <Predicate = true> <Delay = 1.41> <Core = "AddSub">   --->   Core 14 'AddSub' <Latency = 0> <II = 1> <Delay = 1.89> <FuncUnit> <Opcode : 'add' 'sub'> <InPorts = 2> <OutPorts = 1>
ST_3 : Operation 26 [1/1] (0.00ns)   --->   "br i1 %tmp_4_i, label %9, label %3" [mSURF.cpp:67]   --->   Operation 26 'br' <Predicate = true> <Delay = 0.00>
ST_3 : Operation 27 [1/1] (0.00ns)   --->   "call void (...)* @_ssdm_op_SpecLoopName([16 x i8]* @p_str38) nounwind" [mSURF.cpp:68]   --->   Operation 27 'specloopname' <Predicate = (!tmp_4_i)> <Delay = 0.00>
ST_3 : Operation 28 [1/1] (0.00ns)   --->   "%tmp_3_i = call i32 (...)* @_ssdm_op_SpecRegionBegin([16 x i8]* @p_str38)" [mSURF.cpp:68]   --->   Operation 28 'specregionbegin' 'tmp_3_i' <Predicate = (!tmp_4_i)> <Delay = 0.00>
ST_3 : Operation 29 [1/1] (1.94ns)   --->   "%tmp_6_i = icmp eq i10 %t_V_1, 0" [mSURF.cpp:70]   --->   Operation 29 'icmp' 'tmp_6_i' <Predicate = (!tmp_4_i)> <Delay = 1.94> <Core = "Cmp">   --->   Core 25 'Cmp' <Latency = 0> <II = 1> <Delay = 0.50> <FuncUnit> <Opcode : 'icmp'> <InPorts = 2> <OutPorts = 1>
ST_3 : Operation 30 [1/1] (0.80ns)   --->   "%or_cond_i = or i1 %tmp_1_i, %tmp_6_i" [mSURF.cpp:70]   --->   Operation 30 'or' 'or_cond_i' <Predicate = (!tmp_4_i)> <Delay = 0.80> <Core = "LogicGate">   --->   Core 27 'LogicGate' <Latency = 0> <II = 1> <Delay = 0.80> <FuncUnit> <Opcode : 'and' 'or' 'xor'> <InPorts = 2> <OutPorts = 1>
ST_3 : Operation 31 [1/1] (0.46ns)   --->   "br i1 %or_cond_i, label %7, label %4" [mSURF.cpp:70]   --->   Operation 31 'br' <Predicate = (!tmp_4_i)> <Delay = 0.46>
ST_3 : Operation 32 [1/1] (0.00ns)   --->   "%empty = call { i24, i3, i3, i1, i1, i1, i1 } @_ssdm_op_Read.axis.volatile.i24P.i3P.i3P.i1P.i1P.i1P.i1P(i24* %video_in_V_data_V, i3* %video_in_V_keep_V, i3* %video_in_V_strb_V, i1* %video_in_V_user_V, i1* %video_in_V_last_V, i1* %video_in_V_id_V, i1* %video_in_V_dest_V)" [mSURF.cpp:75]   --->   Operation 32 'read' 'empty' <Predicate = (!tmp_4_i & !or_cond_i)> <Delay = 0.00> <Core = "AXI4Stream">   --->   Core 5 'AXI4Stream' <Latency = 0> <II = 1> <Delay = 1.00> <Adapter> <Opcode : >
ST_3 : Operation 33 [1/1] (0.00ns)   --->   "%tmp_data_V = extractvalue { i24, i3, i3, i1, i1, i1, i1 } %empty, 0" [mSURF.cpp:75]   --->   Operation 33 'extractvalue' 'tmp_data_V' <Predicate = (!tmp_4_i & !or_cond_i)> <Delay = 0.00>
ST_3 : Operation 34 [1/1] (0.46ns)   --->   "br label %5" [mSURF.cpp:79]   --->   Operation 34 'br' <Predicate = (!tmp_4_i & !or_cond_i)> <Delay = 0.46>
ST_3 : Operation 35 [1/1] (0.00ns)   --->   "%empty_25 = call i32 (...)* @_ssdm_op_SpecRegionEnd([16 x i8]* @p_str27, i32 %tmp_2_i)" [mSURF.cpp:104]   --->   Operation 35 'specregionend' 'empty_25' <Predicate = (tmp_4_i)> <Delay = 0.00>
ST_3 : Operation 36 [1/1] (0.80ns)   --->   "%phitmp_i = xor i1 %r_V_3, true" [mSURF.cpp:64]   --->   Operation 36 'xor' 'phitmp_i' <Predicate = (tmp_4_i)> <Delay = 0.80> <Core = "LogicGate">   --->   Core 27 'LogicGate' <Latency = 0> <II = 1> <Delay = 0.80> <FuncUnit> <Opcode : 'and' 'or' 'xor'> <InPorts = 2> <OutPorts = 1>
ST_3 : Operation 37 [1/1] (0.80ns)   --->   "%phitmp1_i = xor i1 %r_V_4, true" [mSURF.cpp:64]   --->   Operation 37 'xor' 'phitmp1_i' <Predicate = (tmp_4_i)> <Delay = 0.80> <Core = "LogicGate">   --->   Core 27 'LogicGate' <Latency = 0> <II = 1> <Delay = 0.80> <FuncUnit> <Opcode : 'and' 'or' 'xor'> <InPorts = 2> <OutPorts = 1>
ST_3 : Operation 38 [1/1] (0.00ns)   --->   "br label %0" [mSURF.cpp:64]   --->   Operation 38 'br' <Predicate = (tmp_4_i)> <Delay = 0.00>

State 4 <SV = 3> <Delay = 7.04>
ST_4 : Operation 39 [1/1] (0.00ns)   --->   "%pix_val_load_1 = phi i32 [ 0, %4 ], [ %tmp_15_i, %6 ]" [mSURF.cpp:81]   --->   Operation 39 'phi' 'pix_val_load_1' <Predicate = true> <Delay = 0.00>
ST_4 : Operation 40 [1/1] (0.00ns)   --->   "%i_i = phi i2 [ 0, %4 ], [ %i, %6 ]"   --->   Operation 40 'phi' 'i_i' <Predicate = true> <Delay = 0.00>
ST_4 : Operation 41 [1/1] (0.46ns)   --->   "store i32 %pix_val_load_1, i32* @pix_val, align 4" [mSURF.cpp:81]   --->   Operation 41 'store' <Predicate = true> <Delay = 0.46>
ST_4 : Operation 42 [1/1] (0.50ns)   --->   "%exitcond_i = icmp eq i2 %i_i, -1" [mSURF.cpp:79]   --->   Operation 42 'icmp' 'exitcond_i' <Predicate = true> <Delay = 0.50> <Core = "Cmp">   --->   Core 25 'Cmp' <Latency = 0> <II = 1> <Delay = 0.50> <FuncUnit> <Opcode : 'icmp'> <InPorts = 2> <OutPorts = 1>
ST_4 : Operation 43 [1/1] (0.00ns)   --->   "call void (...)* @_ssdm_op_SpecLoopTripCount(i64 3, i64 3, i64 3)"   --->   Operation 43 'speclooptripcount' <Predicate = true> <Delay = 0.00>
ST_4 : Operation 44 [1/1] (0.63ns)   --->   "%i = add i2 %i_i, 1" [mSURF.cpp:79]   --->   Operation 44 'add' 'i' <Predicate = true> <Delay = 0.63> <Core = "AddSub">   --->   Core 14 'AddSub' <Latency = 0> <II = 1> <Delay = 1.89> <FuncUnit> <Opcode : 'add' 'sub'> <InPorts = 2> <OutPorts = 1>
ST_4 : Operation 45 [1/1] (0.00ns)   --->   "br i1 %exitcond_i, label %_ifconv, label %6" [mSURF.cpp:79]   --->   Operation 45 'br' <Predicate = true> <Delay = 0.00>
ST_4 : Operation 46 [1/1] (0.00ns)   --->   "call void (...)* @_ssdm_op_SpecLoopName([20 x i8]* @p_str49) nounwind" [mSURF.cpp:80]   --->   Operation 46 'specloopname' <Predicate = (!exitcond_i)> <Delay = 0.00>
ST_4 : Operation 47 [1/1] (0.00ns) (grouped into LUT with out node tmp_15_i)   --->   "%tmp_12_i = call i5 @_ssdm_op_BitConcatenate.i5.i2.i3(i2 %i_i, i3 0)" [mSURF.cpp:81]   --->   Operation 47 'bitconcatenate' 'tmp_12_i' <Predicate = (!exitcond_i)> <Delay = 0.00>
ST_4 : Operation 48 [1/1] (0.00ns) (grouped into LUT with out node tmp_15_i)   --->   "%tmp_12_cast_i_cast = zext i5 %tmp_12_i to i24" [mSURF.cpp:81]   --->   Operation 48 'zext' 'tmp_12_cast_i_cast' <Predicate = (!exitcond_i)> <Delay = 0.00>
ST_4 : Operation 49 [1/1] (0.00ns) (grouped into LUT with out node tmp_15_i)   --->   "%tmp_13_i = lshr i24 %tmp_data_V, %tmp_12_cast_i_cast" [mSURF.cpp:81]   --->   Operation 49 'lshr' 'tmp_13_i' <Predicate = (!exitcond_i)> <Delay = 0.00> <Core = "Shift">   --->   Core 28 'Shift' <Latency = 0> <II = 1> <Delay = 2.98> <FuncUnit> <Opcode : 'shl' 'lshr' 'ashr'> <InPorts = 2> <OutPorts = 1>
ST_4 : Operation 50 [1/1] (0.00ns) (grouped into LUT with out node tmp_15_i)   --->   "%tmp_2 = trunc i24 %tmp_13_i to i8" [mSURF.cpp:81]   --->   Operation 50 'trunc' 'tmp_2' <Predicate = (!exitcond_i)> <Delay = 0.00>
ST_4 : Operation 51 [1/1] (0.00ns) (grouped into LUT with out node tmp_15_i)   --->   "%tmp_14_cast_i = zext i8 %tmp_2 to i32" [mSURF.cpp:81]   --->   Operation 51 'zext' 'tmp_14_cast_i' <Predicate = (!exitcond_i)> <Delay = 0.00>
ST_4 : Operation 52 [1/1] (2.98ns) (out node of the LUT)   --->   "%tmp_15_i = add nsw i32 %pix_val_load_1, %tmp_14_cast_i" [mSURF.cpp:81]   --->   Operation 52 'add' 'tmp_15_i' <Predicate = (!exitcond_i)> <Delay = 2.98> <Core = "AddSub">   --->   Core 14 'AddSub' <Latency = 0> <II = 1> <Delay = 1.89> <FuncUnit> <Opcode : 'add' 'sub'> <InPorts = 2> <OutPorts = 1>
ST_4 : Operation 53 [1/1] (0.00ns)   --->   "br label %5" [mSURF.cpp:79]   --->   Operation 53 'br' <Predicate = (!exitcond_i)> <Delay = 0.00>
ST_4 : Operation 54 [1/1] (0.00ns)   --->   "%sext_cast = zext i32 %pix_val_load_1 to i65" [mSURF.cpp:83]   --->   Operation 54 'zext' 'sext_cast' <Predicate = (exitcond_i)> <Delay = 0.00>
ST_4 : Operation 55 [1/1] (7.04ns)   --->   "%mul = mul i65 %sext_cast, 5726623062" [mSURF.cpp:83]   --->   Operation 55 'mul' 'mul' <Predicate = (exitcond_i)> <Delay = 7.04> <Core = "Mul">   --->   Core 16 'Mul' <Latency = 0> <II = 1> <Delay = 7.04> <FuncUnit> <Opcode : 'mul'> <InPorts = 2> <OutPorts = 1>
ST_4 : Operation 56 [1/1] (0.00ns)   --->   "%tmp = call i31 @_ssdm_op_PartSelect.i31.i65.i32.i32(i65 %mul, i32 34, i32 64)" [mSURF.cpp:83]   --->   Operation 56 'partselect' 'tmp' <Predicate = (exitcond_i)> <Delay = 0.00>
ST_4 : Operation 57 [1/1] (0.00ns)   --->   "%tmp_i_23 = zext i10 %t_V_1 to i64" [mSURF.cpp:86]   --->   Operation 57 'zext' 'tmp_i_23' <Predicate = (exitcond_i)> <Delay = 0.00>
ST_4 : Operation 58 [1/1] (0.00ns)   --->   "%buf_0_addr = getelementptr [800 x i32]* @buf_0, i64 0, i64 %tmp_i_23" [mSURF.cpp:86]   --->   Operation 58 'getelementptr' 'buf_0_addr' <Predicate = (exitcond_i & !r_V_3)> <Delay = 0.00>
ST_4 : Operation 59 [1/1] (0.00ns)   --->   "%buf_1_addr = getelementptr [800 x i32]* @buf_1, i64 0, i64 %tmp_i_23" [mSURF.cpp:86]   --->   Operation 59 'getelementptr' 'buf_1_addr' <Predicate = (exitcond_i & r_V_3)> <Delay = 0.00>
ST_4 : Operation 60 [2/2] (2.77ns)   --->   "%buf_1_load = load i32* %buf_1_addr, align 4" [mSURF.cpp:86]   --->   Operation 60 'load' 'buf_1_load' <Predicate = (exitcond_i & r_V_3)> <Delay = 2.77> <Core = "RAM">   --->   Core 37 'RAM' <Latency = 1> <II = 1> <Delay = 2.77> <Storage> <Opcode : 'load' 'store'> <Ports = 2> <Width = 32> <Depth = 800> <RAM>
ST_4 : Operation 61 [2/2] (2.77ns)   --->   "%buf_0_load = load i32* %buf_0_addr, align 4" [mSURF.cpp:86]   --->   Operation 61 'load' 'buf_0_load' <Predicate = (exitcond_i & !r_V_3)> <Delay = 2.77> <Core = "RAM">   --->   Core 37 'RAM' <Latency = 1> <II = 1> <Delay = 2.77> <Storage> <Opcode : 'load' 'store'> <Ports = 2> <Width = 32> <Depth = 800> <RAM>
ST_4 : Operation 62 [1/1] (1.41ns)   --->   "%ret_V = add i10 %t_V_1, -1" [mSURF.cpp:86]   --->   Operation 62 'add' 'ret_V' <Predicate = (exitcond_i)> <Delay = 1.41> <Core = "AddSub">   --->   Core 14 'AddSub' <Latency = 0> <II = 1> <Delay = 1.89> <FuncUnit> <Opcode : 'add' 'sub'> <InPorts = 2> <OutPorts = 1>
ST_4 : Operation 63 [1/1] (0.00ns)   --->   "%tmp_5_i = zext i10 %ret_V to i64" [mSURF.cpp:86]   --->   Operation 63 'zext' 'tmp_5_i' <Predicate = (exitcond_i)> <Delay = 0.00>
ST_4 : Operation 64 [1/1] (0.00ns)   --->   "%buf_0_addr_1 = getelementptr [800 x i32]* @buf_0, i64 0, i64 %tmp_5_i" [mSURF.cpp:86]   --->   Operation 64 'getelementptr' 'buf_0_addr_1' <Predicate = (exitcond_i)> <Delay = 0.00>
ST_4 : Operation 65 [1/1] (0.00ns)   --->   "%buf_1_addr_1 = getelementptr [800 x i32]* @buf_1, i64 0, i64 %tmp_5_i" [mSURF.cpp:86]   --->   Operation 65 'getelementptr' 'buf_1_addr_1' <Predicate = (exitcond_i)> <Delay = 0.00>
ST_4 : Operation 66 [2/2] (2.77ns)   --->   "%buf_1_load_1 = load i32* %buf_1_addr_1, align 4" [mSURF.cpp:86]   --->   Operation 66 'load' 'buf_1_load_1' <Predicate = (exitcond_i)> <Delay = 2.77> <Core = "RAM">   --->   Core 37 'RAM' <Latency = 1> <II = 1> <Delay = 2.77> <Storage> <Opcode : 'load' 'store'> <Ports = 2> <Width = 32> <Depth = 800> <RAM>
ST_4 : Operation 67 [2/2] (2.77ns)   --->   "%buf_0_load_1 = load i32* %buf_0_addr_1, align 4" [mSURF.cpp:86]   --->   Operation 67 'load' 'buf_0_load_1' <Predicate = (exitcond_i)> <Delay = 2.77> <Core = "RAM">   --->   Core 37 'RAM' <Latency = 1> <II = 1> <Delay = 2.77> <Storage> <Opcode : 'load' 'store'> <Ports = 2> <Width = 32> <Depth = 800> <RAM>

State 5 <SV = 4> <Delay = 8.25>
ST_5 : Operation 68 [1/1] (0.00ns)   --->   "%tmp_3 = sext i31 %tmp to i32" [mSURF.cpp:83]   --->   Operation 68 'sext' 'tmp_3' <Predicate = true> <Delay = 0.00>
ST_5 : Operation 69 [1/1] (0.46ns)   --->   "store i32 %tmp_3, i32* @pix_val, align 4" [mSURF.cpp:83]   --->   Operation 69 'store' <Predicate = true> <Delay = 0.46>
ST_5 : Operation 70 [1/2] (2.77ns)   --->   "%buf_1_load = load i32* %buf_1_addr, align 4" [mSURF.cpp:86]   --->   Operation 70 'load' 'buf_1_load' <Predicate = (r_V_3)> <Delay = 2.77> <Core = "RAM">   --->   Core 37 'RAM' <Latency = 1> <II = 1> <Delay = 2.77> <Storage> <Opcode : 'load' 'store'> <Ports = 2> <Width = 32> <Depth = 800> <RAM>
ST_5 : Operation 71 [1/2] (2.77ns)   --->   "%buf_0_load = load i32* %buf_0_addr, align 4" [mSURF.cpp:86]   --->   Operation 71 'load' 'buf_0_load' <Predicate = (!r_V_3)> <Delay = 2.77> <Core = "RAM">   --->   Core 37 'RAM' <Latency = 1> <II = 1> <Delay = 2.77> <Storage> <Opcode : 'load' 'store'> <Ports = 2> <Width = 32> <Depth = 800> <RAM>
ST_5 : Operation 72 [1/1] (0.00ns) (grouped into LUT with out node tmp_7_i)   --->   "%buf_load_phi_i = select i1 %r_V_3, i32 %buf_1_load, i32 %buf_0_load" [mSURF.cpp:86]   --->   Operation 72 'select' 'buf_load_phi_i' <Predicate = true> <Delay = 0.00> <Core = "Sel">   --->   Core 26 'Sel' <Latency = 0> <II = 1> <Delay = 0.70> <FuncUnit> <Opcode : 'select'> <InPorts = 3> <OutPorts = 1>
ST_5 : Operation 73 [1/2] (2.77ns)   --->   "%buf_1_load_1 = load i32* %buf_1_addr_1, align 4" [mSURF.cpp:86]   --->   Operation 73 'load' 'buf_1_load_1' <Predicate = true> <Delay = 2.77> <Core = "RAM">   --->   Core 37 'RAM' <Latency = 1> <II = 1> <Delay = 2.77> <Storage> <Opcode : 'load' 'store'> <Ports = 2> <Width = 32> <Depth = 800> <RAM>
ST_5 : Operation 74 [1/2] (2.77ns)   --->   "%buf_0_load_1 = load i32* %buf_0_addr_1, align 4" [mSURF.cpp:86]   --->   Operation 74 'load' 'buf_0_load_1' <Predicate = true> <Delay = 2.77> <Core = "RAM">   --->   Core 37 'RAM' <Latency = 1> <II = 1> <Delay = 2.77> <Storage> <Opcode : 'load' 'store'> <Ports = 2> <Width = 32> <Depth = 800> <RAM>
ST_5 : Operation 75 [1/1] (0.70ns)   --->   "%buf_load_1_phi_i = select i1 %r_V_3, i32 %buf_1_load_1, i32 %buf_0_load_1" [mSURF.cpp:86]   --->   Operation 75 'select' 'buf_load_1_phi_i' <Predicate = true> <Delay = 0.70> <Core = "Sel">   --->   Core 26 'Sel' <Latency = 0> <II = 1> <Delay = 0.70> <FuncUnit> <Opcode : 'select'> <InPorts = 3> <OutPorts = 1>
ST_5 : Operation 76 [1/1] (0.70ns)   --->   "%buf_load_2_phi_i = select i1 %r_V_4, i32 %buf_1_load_1, i32 %buf_0_load_1" [mSURF.cpp:86]   --->   Operation 76 'select' 'buf_load_2_phi_i' <Predicate = true> <Delay = 0.70> <Core = "Sel">   --->   Core 26 'Sel' <Latency = 0> <II = 1> <Delay = 0.70> <FuncUnit> <Opcode : 'select'> <InPorts = 3> <OutPorts = 1>
ST_5 : Operation 77 [1/1] (1.89ns) (out node of the LUT)   --->   "%tmp_7_i = add i32 %tmp_3, %buf_load_phi_i" [mSURF.cpp:86]   --->   Operation 77 'add' 'tmp_7_i' <Predicate = true> <Delay = 1.89> <Core = "AddSub">   --->   Core 14 'AddSub' <Latency = 0> <II = 1> <Delay = 1.89> <FuncUnit> <Opcode : 'add' 'sub'> <InPorts = 2> <OutPorts = 1>
ST_5 : Operation 78 [1/1] (0.00ns) (grouped into TernaryAdder)   --->   "%tmp_10_i = sub i32 %tmp_7_i, %buf_load_1_phi_i" [mSURF.cpp:86]   --->   Operation 78 'sub' 'tmp_10_i' <Predicate = true> <Delay = 0.00> <Core = "TAddSub">   --->   Core 84 'TAddSub' <Latency = 0> <II = 1> <Delay = 1.79> <IPBlock> <Opcode : 'add' 'sub'> <InPorts = 3> <OutPorts = 1> <Sync> <CReg>
ST_5 : Operation 79 [1/1] (3.58ns) (root node of TernaryAdder)   --->   "%tmp_11_i = add i32 %buf_load_2_phi_i, %tmp_10_i" [mSURF.cpp:86]   --->   Operation 79 'add' 'tmp_11_i' <Predicate = true> <Delay = 3.58> <Core = "TAddSub">   --->   Core 84 'TAddSub' <Latency = 0> <II = 1> <Delay = 1.79> <IPBlock> <Opcode : 'add' 'sub'> <InPorts = 3> <OutPorts = 1> <Sync> <CReg>
ST_5 : Operation 80 [1/1] (0.46ns)   --->   "br label %7"   --->   Operation 80 'br' <Predicate = true> <Delay = 0.46>

State 6 <SV = 5> <Delay = 3.40>
ST_6 : Operation 81 [1/1] (0.00ns)   --->   "%tmp_1 = phi i32 [ %tmp_11_i, %_ifconv ], [ 0, %3 ]" [mSURF.cpp:86]   --->   Operation 81 'phi' 'tmp_1' <Predicate = true> <Delay = 0.00>
ST_6 : Operation 82 [1/1] (0.00ns)   --->   "%tmp_16_i = zext i10 %t_V_1 to i64" [mSURF.cpp:88]   --->   Operation 82 'zext' 'tmp_16_i' <Predicate = true> <Delay = 0.00>
ST_6 : Operation 83 [1/1] (0.00ns)   --->   "%buf_0_addr_2 = getelementptr [800 x i32]* @buf_0, i64 0, i64 %tmp_16_i" [mSURF.cpp:88]   --->   Operation 83 'getelementptr' 'buf_0_addr_2' <Predicate = true> <Delay = 0.00>
ST_6 : Operation 84 [1/1] (0.00ns)   --->   "%buf_1_addr_2 = getelementptr [800 x i32]* @buf_1, i64 0, i64 %tmp_16_i" [mSURF.cpp:88]   --->   Operation 84 'getelementptr' 'buf_1_addr_2' <Predicate = true> <Delay = 0.00>
ST_6 : Operation 85 [1/1] (0.00ns)   --->   "br i1 %r_V_4, label %branch1.i, label %branch0.i" [mSURF.cpp:88]   --->   Operation 85 'br' <Predicate = true> <Delay = 0.00>
ST_6 : Operation 86 [1/1] (2.77ns)   --->   "store i32 %tmp_1, i32* %buf_0_addr_2, align 4" [mSURF.cpp:88]   --->   Operation 86 'store' <Predicate = (!r_V_4)> <Delay = 2.77> <Core = "RAM">   --->   Core 37 'RAM' <Latency = 1> <II = 1> <Delay = 2.77> <Storage> <Opcode : 'load' 'store'> <Ports = 2> <Width = 32> <Depth = 800> <RAM>
ST_6 : Operation 87 [1/1] (0.00ns)   --->   "br label %8" [mSURF.cpp:88]   --->   Operation 87 'br' <Predicate = (!r_V_4)> <Delay = 0.00>
ST_6 : Operation 88 [1/1] (2.77ns)   --->   "store i32 %tmp_1, i32* %buf_1_addr_2, align 4" [mSURF.cpp:88]   --->   Operation 88 'store' <Predicate = (r_V_4)> <Delay = 2.77> <Core = "RAM">   --->   Core 37 'RAM' <Latency = 1> <II = 1> <Delay = 2.77> <Storage> <Opcode : 'load' 'store'> <Ports = 2> <Width = 32> <Depth = 800> <RAM>
ST_6 : Operation 89 [1/1] (0.00ns)   --->   "br label %8" [mSURF.cpp:88]   --->   Operation 89 'br' <Predicate = (r_V_4)> <Delay = 0.00>
ST_6 : Operation 90 [1/1] (3.40ns)   --->   "call void @_ssdm_op_Write.ap_fifo.volatile.i32P(i32* @sum_V, i32 %tmp_1)" [mSURF.cpp:90]   --->   Operation 90 'write' <Predicate = true> <Delay = 3.40> <Core = "FIFO">   --->   Core 32 'FIFO' <Latency = 0> <II = 1> <Delay = 3.40> <Storage> <Opcode : 'read' 'write' 'nbread' 'nbwrite'> <Ports = 0> <Width = 32> <Depth = 2> <FIFO>
ST_6 : Operation 91 [1/1] (0.00ns)   --->   "%empty_24 = call i32 (...)* @_ssdm_op_SpecRegionEnd([16 x i8]* @p_str38, i32 %tmp_3_i)" [mSURF.cpp:97]   --->   Operation 91 'specregionend' 'empty_24' <Predicate = true> <Delay = 0.00>
ST_6 : Operation 92 [1/1] (0.00ns)   --->   "br label %2" [mSURF.cpp:67]   --->   Operation 92 'br' <Predicate = true> <Delay = 0.00>


============================================================
+ Verbose Summary: Timing violations
============================================================
Target clock period: 10ns, clock uncertainty: 1.25ns.

 <State 1>: 0.466ns
The critical path consists of the following:
	multiplexor before 'phi' operation ('r.V', mSURF.cpp:66) with incoming values : ('phitmp_i', mSURF.cpp:64) [16]  (0.466 ns)

 <State 2>: 1.94ns
The critical path consists of the following:
	'phi' operation ('r.V') with incoming values : ('r.V', mSURF.cpp:64) [18]  (0 ns)
	'icmp' operation ('tmp_1_i', mSURF.cpp:70) [26]  (1.94 ns)

 <State 3>: 3.21ns
The critical path consists of the following:
	'phi' operation ('c.V') with incoming values : ('c.V', mSURF.cpp:67) [29]  (0 ns)
	'icmp' operation ('tmp_6_i', mSURF.cpp:70) [37]  (1.94 ns)
	'or' operation ('or_cond_i', mSURF.cpp:70) [38]  (0.8 ns)
	multiplexor before 'phi' operation ('tmp', mSURF.cpp:86) with incoming values : ('tmp_11_i', mSURF.cpp:86) [86]  (0.466 ns)

 <State 4>: 7.04ns
The critical path consists of the following:
	'phi' operation ('pix_val_load_1', mSURF.cpp:81) with incoming values : ('tmp_15_i', mSURF.cpp:81) [45]  (0 ns)
	'mul' operation ('mul', mSURF.cpp:83) [63]  (7.04 ns)

 <State 5>: 8.25ns
The critical path consists of the following:
	'load' operation ('buf_1_load', mSURF.cpp:86) on array 'buf_1' [70]  (2.77 ns)
	'select' operation ('buf_load_phi_i', mSURF.cpp:86) [72]  (0 ns)
	'add' operation ('tmp_7_i', mSURF.cpp:86) [81]  (1.9 ns)
	'sub' operation ('tmp_10_i', mSURF.cpp:86) [82]  (0 ns)
	'add' operation ('tmp_11_i', mSURF.cpp:86) [83]  (3.59 ns)

 <State 6>: 3.4ns
The critical path consists of the following:
	'phi' operation ('tmp', mSURF.cpp:86) with incoming values : ('tmp_11_i', mSURF.cpp:86) [86]  (0 ns)
	fifo write on port 'sum_V' (mSURF.cpp:90) [98]  (3.4 ns)


============================================================
+ Verbose Summary: Binding
============================================================
N/A
* FSMD analyzer results:
  - Output states:
 - Input state : 
  - Chain level:
	State 1
	State 2
	State 3
	State 4
	State 5
	State 6


============================================================
+ Verbose Summary: Datapath Resource usage 
============================================================
N/A
