

================================================================
== Vivado HLS Report for 'surfDetector'
================================================================
* Date:           Tue Aug 18 15:44:06 2020

* Version:        2018.3 (Build 2405991 on Thu Dec 06 23:56:15 MST 2018)
* Project:        HLS_SURF_Simplified
* Solution:       solution3
* Product family: zynq
* Target device:  xc7z020clg400-2


================================================================
== Performance Estimates
================================================================
+ Timing (ns): 
    * Summary: 
    +--------+-------+----------+------------+
    |  Clock | Target| Estimated| Uncertainty|
    +--------+-------+----------+------------+
    |ap_clk  |  10.00|     9.326|        1.25|
    +--------+-------+----------+------------+

+ Latency (clock cycles): 
    * Summary: 
    +---------+-----------+---------+-----------+----------+
    |       Latency       |       Interval      | Pipeline |
    |   min   |    max    |   min   |    max    |   Type   |
    +---------+-----------+---------+-----------+----------+
    |  1926811|  141533101|  1926808|  141533098| dataflow |
    +---------+-----------+---------+-----------+----------+

    + Detail: 
        * Instance: 
        +----------------------------+-----------------+---------+-----------+---------+-----------+----------+
        |                            |                 |       Latency       |       Interval      | Pipeline |
        |          Instance          |      Module     |   min   |    max    |   min   |    max    |   Type   |
        +----------------------------+-----------------+---------+-----------+---------+-----------+----------+
        |grp_HessianDetector_fu_140  |HessianDetector  |  1926807|  141533097|  1926808|  141533098| dataflow |
        |grp_integralImg_fu_208      |integralImg      |   964005|    3371010|   964005|    3371010|   none   |
        +----------------------------+-----------------+---------+-----------+---------+-----------+----------+

        * Loop: 
        N/A

============================================================
+ Verbose Summary: Synthesis Manager
============================================================
InlineROM: 1
ExposeGlobal: 0
============================================================
+ Verbose Summary: CDFG Model
============================================================
IsTopModel: 1
ResetActiveHigh: 1
IsCombinational: 2
IsDatapathOnly: 0
HasWiredReturn: 1
HasMFsm: 0
HasVarLatency: 1
IsPipeline: 0
IsRtlPipelined: 0
IsInstanceOverlapped: 0
IsDontTouch: 0
HasImplIP: 0
IsGatedGlobalClock: 0


============================================================
+ Verbose Summary: Schedule
============================================================
* Number of FSM states : 5
* Pipeline : 0
* Dataflow Pipeline: 1
  DF-Pipeline-0: Size = 5, States = { 1 2 3 4 5 }

* FSM state transitions: 
1 --> 
	2  / true
2 --> 
	3  / true
3 --> 
	4  / true
4 --> 
	5  / true
5 --> 

* FSM state operations: 

State 1 <SV = 0> <Delay = 0.00>

State 2 <SV = 1> <Delay = 0.00>
ST_2 : Operation 6 [2/2] (0.00ns)   --->   "call fastcc void @integralImg(i24* %video_in_V_data_V, i3* %video_in_V_keep_V, i3* %video_in_V_strb_V, i1* %video_in_V_user_V, i1* %video_in_V_last_V, i1* %video_in_V_id_V, i1* %video_in_V_dest_V)" [top.cpp:29]   --->   Operation 6 'call' <Predicate = true> <Delay = 0.00> <CoreType = "Generic">   --->   Core 0 '' <Latency = 0> <II = 1> <Delay = 1.00> <Generic> <Opcode : >

State 3 <SV = 2> <Delay = 0.00>
ST_3 : Operation 7 [1/2] (0.00ns)   --->   "call fastcc void @integralImg(i24* %video_in_V_data_V, i3* %video_in_V_keep_V, i3* %video_in_V_strb_V, i1* %video_in_V_user_V, i1* %video_in_V_last_V, i1* %video_in_V_id_V, i1* %video_in_V_dest_V)" [top.cpp:29]   --->   Operation 7 'call' <Predicate = true> <Delay = 0.00> <CoreType = "Generic">   --->   Core 0 '' <Latency = 0> <II = 1> <Delay = 1.00> <Generic> <Opcode : >

State 4 <SV = 3> <Delay = 0.00>
ST_4 : Operation 8 [2/2] (0.00ns)   --->   "call fastcc void @HessianDetector(i32* %keyPoints_V, i32* %kpn)" [top.cpp:34]   --->   Operation 8 'call' <Predicate = true> <Delay = 0.00> <CoreType = "Generic">   --->   Core 0 '' <Latency = 0> <II = 1> <Delay = 1.00> <Generic> <Opcode : >

State 5 <SV = 4> <Delay = 0.00>
ST_5 : Operation 9 [1/1] (0.00ns)   --->   "call void (...)* @_ssdm_op_SpecDataflowPipeline(i32 -1, i32 0, [1 x i8]* @p_str1) nounwind" [top.cpp:24]   --->   Operation 9 'specdataflowpipeline' <Predicate = true> <Delay = 0.00>
ST_5 : Operation 10 [1/1] (0.00ns)   --->   "%empty = call i32 (...)* @_ssdm_op_SpecChannel([6 x i8]* @sum_OC_V_str, i32 1, [1 x i8]* @p_str107, [1 x i8]* @p_str107, i32 2, i32 2, i32* @sum_V, i32* @sum_V)"   --->   Operation 10 'specchannel' 'empty' <Predicate = true> <Delay = 0.00>
ST_5 : Operation 11 [1/1] (0.00ns)   --->   "call void (...)* @_ssdm_op_SpecInterface(i32* @sum_V, [8 x i8]* @ap_fifo_str, i32 0, i32 0, [1 x i8]* @p_str108, i32 0, i32 0, [1 x i8]* @p_str109, [1 x i8]* @p_str110, [1 x i8]* @p_str111, i32 2, i32 2, i32 16, i32 16, [1 x i8]* @p_str112, [1 x i8]* @p_str113)"   --->   Operation 11 'specinterface' <Predicate = true> <Delay = 0.00>
ST_5 : Operation 12 [1/1] (0.00ns)   --->   "call void (...)* @_ssdm_op_SpecBitsMap(i24* %video_in_V_data_V), !map !146"   --->   Operation 12 'specbitsmap' <Predicate = true> <Delay = 0.00>
ST_5 : Operation 13 [1/1] (0.00ns)   --->   "call void (...)* @_ssdm_op_SpecBitsMap(i3* %video_in_V_keep_V), !map !152"   --->   Operation 13 'specbitsmap' <Predicate = true> <Delay = 0.00>
ST_5 : Operation 14 [1/1] (0.00ns)   --->   "call void (...)* @_ssdm_op_SpecBitsMap(i3* %video_in_V_strb_V), !map !156"   --->   Operation 14 'specbitsmap' <Predicate = true> <Delay = 0.00>
ST_5 : Operation 15 [1/1] (0.00ns)   --->   "call void (...)* @_ssdm_op_SpecBitsMap(i1* %video_in_V_user_V), !map !160"   --->   Operation 15 'specbitsmap' <Predicate = true> <Delay = 0.00>
ST_5 : Operation 16 [1/1] (0.00ns)   --->   "call void (...)* @_ssdm_op_SpecBitsMap(i1* %video_in_V_last_V), !map !164"   --->   Operation 16 'specbitsmap' <Predicate = true> <Delay = 0.00>
ST_5 : Operation 17 [1/1] (0.00ns)   --->   "call void (...)* @_ssdm_op_SpecBitsMap(i1* %video_in_V_id_V), !map !168"   --->   Operation 17 'specbitsmap' <Predicate = true> <Delay = 0.00>
ST_5 : Operation 18 [1/1] (0.00ns)   --->   "call void (...)* @_ssdm_op_SpecBitsMap(i1* %video_in_V_dest_V), !map !172"   --->   Operation 18 'specbitsmap' <Predicate = true> <Delay = 0.00>
ST_5 : Operation 19 [1/1] (0.00ns)   --->   "call void (...)* @_ssdm_op_SpecBitsMap(i32* %keyPoints_V), !map !176"   --->   Operation 19 'specbitsmap' <Predicate = true> <Delay = 0.00>
ST_5 : Operation 20 [1/1] (0.00ns)   --->   "call void (...)* @_ssdm_op_SpecBitsMap(i32* %kpn), !map !182"   --->   Operation 20 'specbitsmap' <Predicate = true> <Delay = 0.00>
ST_5 : Operation 21 [1/1] (0.00ns)   --->   "call void (...)* @_ssdm_op_SpecTopModule([13 x i8]* @surfDetector_str) nounwind"   --->   Operation 21 'spectopmodule' <Predicate = true> <Delay = 0.00>
ST_5 : Operation 22 [1/1] (0.00ns)   --->   "call void (...)* @_ssdm_op_SpecInterface(i32 0, [13 x i8]* @p_str, i32 0, i32 0, [1 x i8]* @p_str1, i32 0, i32 0, [1 x i8]* @p_str1, [1 x i8]* @p_str1, [1 x i8]* @p_str1, i32 0, i32 0, i32 0, i32 0, [1 x i8]* @p_str1, [1 x i8]* @p_str1) nounwind" [top.cpp:19]   --->   Operation 22 'specinterface' <Predicate = true> <Delay = 0.00>
ST_5 : Operation 23 [1/1] (0.00ns)   --->   "call void (...)* @_ssdm_op_SpecInterface(i32* %keyPoints_V, [6 x i8]* @p_str2, i32 0, i32 0, [1 x i8]* @p_str1, i32 0, i32 32, [1 x i8]* @p_str1, [1 x i8]* @p_str1, [1 x i8]* @p_str1, i32 16, i32 16, i32 16, i32 16, [1 x i8]* @p_str1, [1 x i8]* @p_str1) nounwind" [top.cpp:20]   --->   Operation 23 'specinterface' <Predicate = true> <Delay = 0.00>
ST_5 : Operation 24 [1/1] (0.00ns)   --->   "call void (...)* @_ssdm_op_SpecInterface(i32* %kpn, [6 x i8]* @p_str2, i32 0, i32 0, [1 x i8]* @p_str1, i32 0, i32 32, [1 x i8]* @p_str1, [1 x i8]* @p_str1, [1 x i8]* @p_str1, i32 16, i32 16, i32 16, i32 16, [1 x i8]* @p_str1, [1 x i8]* @p_str1) nounwind" [top.cpp:21]   --->   Operation 24 'specinterface' <Predicate = true> <Delay = 0.00>
ST_5 : Operation 25 [1/1] (0.00ns)   --->   "call void (...)* @_ssdm_op_SpecInterface(i24* %video_in_V_data_V, i3* %video_in_V_keep_V, i3* %video_in_V_strb_V, i1* %video_in_V_user_V, i1* %video_in_V_last_V, i1* %video_in_V_id_V, i1* %video_in_V_dest_V, [5 x i8]* @p_str3, i32 1, i32 1, [5 x i8]* @p_str4, i32 0, i32 0, [1 x i8]* @p_str1, [1 x i8]* @p_str1, [1 x i8]* @p_str1, i32 0, i32 0, i32 0, i32 0, [1 x i8]* @p_str1, [1 x i8]* @p_str1) nounwind" [top.cpp:22]   --->   Operation 25 'specinterface' <Predicate = true> <Delay = 0.00>
ST_5 : Operation 26 [1/2] (0.00ns)   --->   "call fastcc void @HessianDetector(i32* %keyPoints_V, i32* %kpn)" [top.cpp:34]   --->   Operation 26 'call' <Predicate = true> <Delay = 0.00> <CoreType = "Generic">   --->   Core 0 '' <Latency = 0> <II = 1> <Delay = 1.00> <Generic> <Opcode : >
ST_5 : Operation 27 [1/1] (0.00ns)   --->   "ret void" [top.cpp:36]   --->   Operation 27 'ret' <Predicate = true> <Delay = 0.00>


============================================================
+ Verbose Summary: Binding
============================================================
STG Binding: 
---------------- STG Properties BEGIN ----------------
- Is combinational: 0
- Is one-state seq: 0
- Is datapath-only: 0
- Is pipelined: 0
- Is top level: 1
Port [ Return ] is wired: 1; IO mode=ap_ctrl_none:ce=0
Port [ video_in_V_data_V]:  wired=1; compound=1; hidden=0; nouse=0; global=0; static=0; extern=0; dir=0; type=0; pingpong=0; private_global=0; IO mode=axis:ce=0
Port [ video_in_V_keep_V]:  wired=1; compound=1; hidden=0; nouse=0; global=0; static=0; extern=0; dir=0; type=0; pingpong=0; private_global=0; IO mode=axis:ce=0
Port [ video_in_V_strb_V]:  wired=1; compound=1; hidden=0; nouse=0; global=0; static=0; extern=0; dir=0; type=0; pingpong=0; private_global=0; IO mode=axis:ce=0
Port [ video_in_V_user_V]:  wired=1; compound=1; hidden=0; nouse=0; global=0; static=0; extern=0; dir=0; type=0; pingpong=0; private_global=0; IO mode=axis:ce=0
Port [ video_in_V_last_V]:  wired=1; compound=1; hidden=0; nouse=0; global=0; static=0; extern=0; dir=0; type=0; pingpong=0; private_global=0; IO mode=axis:ce=0
Port [ video_in_V_id_V]:  wired=1; compound=1; hidden=0; nouse=0; global=0; static=0; extern=0; dir=0; type=0; pingpong=0; private_global=0; IO mode=axis:ce=0
Port [ video_in_V_dest_V]:  wired=1; compound=1; hidden=0; nouse=0; global=0; static=0; extern=0; dir=0; type=0; pingpong=0; private_global=0; IO mode=axis:ce=0
Port [ keyPoints_V]:  wired=1; compound=1; hidden=0; nouse=0; global=0; static=0; extern=0; dir=1; type=4; pingpong=0; private_global=0; IO mode=m_axi:ce=0
Port [ kpn]:  wired=1; compound=1; hidden=0; nouse=0; global=0; static=0; extern=0; dir=1; type=4; pingpong=0; private_global=0; IO mode=m_axi:ce=0
Port [ pix_val]:  wired=0; compound=0; hidden=1; nouse=1; global=1; static=1; extern=0; dir=1; type=0; pingpong=0; private_global=0; linkage=7; visibility=0; IO mode=ap_vld:ce=0
Port [ buf_1]:  wired=0; compound=1; hidden=1; nouse=1; global=1; static=1; extern=0; dir=2; type=1; pingpong=0; private_global=0; linkage=7; visibility=0; MemPort=[21]; IO mode=ap_memory:ce=0
Port [ buf_0]:  wired=0; compound=1; hidden=1; nouse=1; global=1; static=1; extern=0; dir=2; type=1; pingpong=0; private_global=0; linkage=7; visibility=0; MemPort=[21]; IO mode=ap_memory:ce=0
Port [ sum_V]:  wired=0; compound=1; hidden=1; nouse=0; global=1; static=1; extern=0; dir=2; type=3; pingpong=0; private_global=1; linkage=7; visibility=0; IO mode=ap_fifo:ce=0
Port [ MSB_V]:  wired=0; compound=0; hidden=1; nouse=1; global=1; static=1; extern=0; dir=2; type=0; pingpong=0; private_global=0; linkage=7; visibility=0; IO mode=ap_ovld:ce=0
Port [ sumBuf_0]:  wired=0; compound=1; hidden=1; nouse=1; global=1; static=1; extern=0; dir=2; type=1; pingpong=0; private_global=0; linkage=7; visibility=0; MemPort=[21]; IO mode=ap_memory:ce=0
Port [ sumBuf_1]:  wired=0; compound=1; hidden=1; nouse=1; global=1; static=1; extern=0; dir=2; type=1; pingpong=0; private_global=0; linkage=7; visibility=0; MemPort=[21]; IO mode=ap_memory:ce=0
Port [ sumBuf_2]:  wired=0; compound=1; hidden=1; nouse=1; global=1; static=1; extern=0; dir=2; type=1; pingpong=0; private_global=0; linkage=7; visibility=0; MemPort=[21]; IO mode=ap_memory:ce=0
Port [ sumBuf_3]:  wired=0; compound=1; hidden=1; nouse=1; global=1; static=1; extern=0; dir=2; type=1; pingpong=0; private_global=0; linkage=7; visibility=0; MemPort=[21]; IO mode=ap_memory:ce=0
Port [ sumBuf_4]:  wired=0; compound=1; hidden=1; nouse=1; global=1; static=1; extern=0; dir=2; type=1; pingpong=0; private_global=0; linkage=7; visibility=0; MemPort=[21]; IO mode=ap_memory:ce=0
Port [ sumBuf_5]:  wired=0; compound=1; hidden=1; nouse=1; global=1; static=1; extern=0; dir=2; type=1; pingpong=0; private_global=0; linkage=7; visibility=0; MemPort=[21]; IO mode=ap_memory:ce=0
Port [ sumBuf_6]:  wired=0; compound=1; hidden=1; nouse=1; global=1; static=1; extern=0; dir=2; type=1; pingpong=0; private_global=0; linkage=7; visibility=0; MemPort=[21]; IO mode=ap_memory:ce=0
Port [ sumBuf_7]:  wired=0; compound=1; hidden=1; nouse=1; global=1; static=1; extern=0; dir=2; type=1; pingpong=0; private_global=0; linkage=7; visibility=0; MemPort=[21]; IO mode=ap_memory:ce=0
Port [ sumBuf_8]:  wired=0; compound=1; hidden=1; nouse=1; global=1; static=1; extern=0; dir=2; type=1; pingpong=0; private_global=0; linkage=7; visibility=0; MemPort=[21]; IO mode=ap_memory:ce=0
Port [ sumBuf_9]:  wired=0; compound=1; hidden=1; nouse=1; global=1; static=1; extern=0; dir=2; type=1; pingpong=0; private_global=0; linkage=7; visibility=0; MemPort=[21]; IO mode=ap_memory:ce=0
Port [ sumBuf_10]:  wired=0; compound=1; hidden=1; nouse=1; global=1; static=1; extern=0; dir=2; type=1; pingpong=0; private_global=0; linkage=7; visibility=0; MemPort=[21]; IO mode=ap_memory:ce=0
Port [ sumBuf_11]:  wired=0; compound=1; hidden=1; nouse=1; global=1; static=1; extern=0; dir=2; type=1; pingpong=0; private_global=0; linkage=7; visibility=0; MemPort=[21]; IO mode=ap_memory:ce=0
Port [ sumBuf_12]:  wired=0; compound=1; hidden=1; nouse=1; global=1; static=1; extern=0; dir=2; type=1; pingpong=0; private_global=0; linkage=7; visibility=0; MemPort=[21]; IO mode=ap_memory:ce=0
Port [ sumBuf_13]:  wired=0; compound=1; hidden=1; nouse=1; global=1; static=1; extern=0; dir=2; type=1; pingpong=0; private_global=0; linkage=7; visibility=0; MemPort=[21]; IO mode=ap_memory:ce=0
Port [ sumBuf_14]:  wired=0; compound=1; hidden=1; nouse=1; global=1; static=1; extern=0; dir=2; type=1; pingpong=0; private_global=0; linkage=7; visibility=0; MemPort=[21]; IO mode=ap_memory:ce=0
Port [ sumBuf_15]:  wired=0; compound=1; hidden=1; nouse=1; global=1; static=1; extern=0; dir=2; type=1; pingpong=0; private_global=0; linkage=7; visibility=0; MemPort=[21]; IO mode=ap_memory:ce=0
Port [ sumBuf_16]:  wired=0; compound=1; hidden=1; nouse=1; global=1; static=1; extern=0; dir=2; type=1; pingpong=0; private_global=0; linkage=7; visibility=0; MemPort=[21]; IO mode=ap_memory:ce=0
Port [ sumBuf_17]:  wired=0; compound=1; hidden=1; nouse=1; global=1; static=1; extern=0; dir=2; type=1; pingpong=0; private_global=0; linkage=7; visibility=0; MemPort=[21]; IO mode=ap_memory:ce=0
Port [ sumBuf_18]:  wired=0; compound=1; hidden=1; nouse=1; global=1; static=1; extern=0; dir=2; type=1; pingpong=0; private_global=0; linkage=7; visibility=0; MemPort=[21]; IO mode=ap_memory:ce=0
Port [ sumBuf_19]:  wired=0; compound=1; hidden=1; nouse=1; global=1; static=1; extern=0; dir=2; type=1; pingpong=0; private_global=0; linkage=7; visibility=0; MemPort=[21]; IO mode=ap_memory:ce=0
Port [ sumBuf_20]:  wired=0; compound=1; hidden=1; nouse=1; global=1; static=1; extern=0; dir=2; type=1; pingpong=0; private_global=0; linkage=7; visibility=0; MemPort=[21]; IO mode=ap_memory:ce=0
Port [ sumBuf_21]:  wired=0; compound=1; hidden=1; nouse=1; global=1; static=1; extern=0; dir=2; type=1; pingpong=0; private_global=0; linkage=7; visibility=0; MemPort=[21]; IO mode=ap_memory:ce=0
Port [ tmpPointNum]:  wired=0; compound=0; hidden=1; nouse=1; global=1; static=1; extern=0; dir=2; type=0; pingpong=0; private_global=0; linkage=7; visibility=0; IO mode=ap_ovld:ce=0
Port [ bRow_V_0]:  wired=0; compound=0; hidden=1; nouse=1; global=1; static=1; extern=0; dir=2; type=0; pingpong=0; private_global=0; linkage=7; visibility=0; IO mode=ap_ovld:ce=0
Port [ bRow_V_1]:  wired=0; compound=0; hidden=1; nouse=1; global=1; static=1; extern=0; dir=2; type=0; pingpong=0; private_global=0; linkage=7; visibility=0; IO mode=ap_ovld:ce=0
Port [ bRow_V_2]:  wired=0; compound=0; hidden=1; nouse=1; global=1; static=1; extern=0; dir=2; type=0; pingpong=0; private_global=0; linkage=7; visibility=0; IO mode=ap_ovld:ce=0
Port [ MSB_V_1]:  wired=0; compound=0; hidden=1; nouse=1; global=1; static=1; extern=0; dir=2; type=0; pingpong=0; private_global=0; linkage=7; visibility=0; IO mode=ap_ovld:ce=0
Port [ N1]:  wired=0; compound=1; hidden=1; nouse=1; global=1; static=1; extern=0; dir=2; type=1; pingpong=0; private_global=0; linkage=7; visibility=0; MemPort=[22]; IO mode=ap_memory:ce=0
---------------- STG Properties END ------------------

---------------- Datapath Model BEGIN ----------------

<LifeTime>
<method=bitvector/>
StgValue_7  (call                ) [ 000000]
StgValue_9  (specdataflowpipeline) [ 000000]
empty       (specchannel         ) [ 000000]
StgValue_11 (specinterface       ) [ 000000]
StgValue_12 (specbitsmap         ) [ 000000]
StgValue_13 (specbitsmap         ) [ 000000]
StgValue_14 (specbitsmap         ) [ 000000]
StgValue_15 (specbitsmap         ) [ 000000]
StgValue_16 (specbitsmap         ) [ 000000]
StgValue_17 (specbitsmap         ) [ 000000]
StgValue_18 (specbitsmap         ) [ 000000]
StgValue_19 (specbitsmap         ) [ 000000]
StgValue_20 (specbitsmap         ) [ 000000]
StgValue_21 (spectopmodule       ) [ 000000]
StgValue_22 (specinterface       ) [ 000000]
StgValue_23 (specinterface       ) [ 000000]
StgValue_24 (specinterface       ) [ 000000]
StgValue_25 (specinterface       ) [ 000000]
StgValue_26 (call                ) [ 000000]
StgValue_27 (ret                 ) [ 000000]
</LifeTime>

<model>

<comp_list>
<comp id="0" class="1000" name="video_in_V_data_V">
<pin_list>
<pin id="1" dir="1" index="0" bw="1" slack="0"/>
</pin_list>
<bind>
<StgValue><ssdm name="video_in_V_data_V"/></StgValue>
</bind>
</comp>

<comp id="2" class="1000" name="video_in_V_keep_V">
<pin_list>
<pin id="3" dir="1" index="0" bw="1" slack="0"/>
</pin_list>
<bind>
<StgValue><ssdm name="video_in_V_keep_V"/></StgValue>
</bind>
</comp>

<comp id="4" class="1000" name="video_in_V_strb_V">
<pin_list>
<pin id="5" dir="1" index="0" bw="1" slack="0"/>
</pin_list>
<bind>
<StgValue><ssdm name="video_in_V_strb_V"/></StgValue>
</bind>
</comp>

<comp id="6" class="1000" name="video_in_V_user_V">
<pin_list>
<pin id="7" dir="1" index="0" bw="1" slack="0"/>
</pin_list>
<bind>
<StgValue><ssdm name="video_in_V_user_V"/></StgValue>
</bind>
</comp>

<comp id="8" class="1000" name="video_in_V_last_V">
<pin_list>
<pin id="9" dir="1" index="0" bw="1" slack="0"/>
</pin_list>
<bind>
<StgValue><ssdm name="video_in_V_last_V"/></StgValue>
</bind>
</comp>

<comp id="10" class="1000" name="video_in_V_id_V">
<pin_list>
<pin id="11" dir="1" index="0" bw="1" slack="0"/>
</pin_list>
<bind>
<StgValue><ssdm name="video_in_V_id_V"/></StgValue>
</bind>
</comp>

<comp id="12" class="1000" name="video_in_V_dest_V">
<pin_list>
<pin id="13" dir="1" index="0" bw="1" slack="0"/>
</pin_list>
<bind>
<StgValue><ssdm name="video_in_V_dest_V"/></StgValue>
</bind>
</comp>

<comp id="14" class="1000" name="keyPoints_V">
<pin_list>
<pin id="15" dir="1" index="0" bw="1" slack="0"/>
</pin_list>
<bind>
<StgValue><ssdm name="keyPoints_V"/></StgValue>
</bind>
</comp>

<comp id="16" class="1000" name="kpn">
<pin_list>
<pin id="17" dir="1" index="0" bw="1" slack="0"/>
</pin_list>
<bind>
<StgValue><ssdm name="kpn"/></StgValue>
</bind>
</comp>

<comp id="18" class="1000" name="pix_val">
<pin_list>
<pin id="19" dir="1" index="0" bw="1" slack="0"/>
</pin_list>
<bind>
<StgValue><ssdm name="pix_val"/></StgValue>
</bind>
</comp>

<comp id="20" class="1000" name="buf_1">
<pin_list>
<pin id="21" dir="1" index="0" bw="1" slack="0"/>
</pin_list>
<bind>
<StgValue><ssdm name="buf_1"/><MemPortTyVec>2 1 </MemPortTyVec>
</StgValue>
</bind>
</comp>

<comp id="22" class="1000" name="buf_0">
<pin_list>
<pin id="23" dir="1" index="0" bw="1" slack="0"/>
</pin_list>
<bind>
<StgValue><ssdm name="buf_0"/><MemPortTyVec>2 1 </MemPortTyVec>
</StgValue>
</bind>
</comp>

<comp id="24" class="1000" name="sum_V">
<pin_list>
<pin id="25" dir="1" index="0" bw="1" slack="0"/>
</pin_list>
<bind>
<StgValue><ssdm name="sum_V"/></StgValue>
</bind>
</comp>

<comp id="26" class="1000" name="MSB_V">
<pin_list>
<pin id="27" dir="1" index="0" bw="1" slack="0"/>
</pin_list>
<bind>
<StgValue><ssdm name="MSB_V"/></StgValue>
</bind>
</comp>

<comp id="28" class="1000" name="sumBuf_0">
<pin_list>
<pin id="29" dir="1" index="0" bw="1" slack="0"/>
</pin_list>
<bind>
<StgValue><ssdm name="sumBuf_0"/><MemPortTyVec>2 1 </MemPortTyVec>
</StgValue>
</bind>
</comp>

<comp id="30" class="1000" name="sumBuf_1">
<pin_list>
<pin id="31" dir="1" index="0" bw="1" slack="0"/>
</pin_list>
<bind>
<StgValue><ssdm name="sumBuf_1"/><MemPortTyVec>2 1 </MemPortTyVec>
</StgValue>
</bind>
</comp>

<comp id="32" class="1000" name="sumBuf_2">
<pin_list>
<pin id="33" dir="1" index="0" bw="1" slack="0"/>
</pin_list>
<bind>
<StgValue><ssdm name="sumBuf_2"/><MemPortTyVec>2 1 </MemPortTyVec>
</StgValue>
</bind>
</comp>

<comp id="34" class="1000" name="sumBuf_3">
<pin_list>
<pin id="35" dir="1" index="0" bw="1" slack="0"/>
</pin_list>
<bind>
<StgValue><ssdm name="sumBuf_3"/><MemPortTyVec>2 1 </MemPortTyVec>
</StgValue>
</bind>
</comp>

<comp id="36" class="1000" name="sumBuf_4">
<pin_list>
<pin id="37" dir="1" index="0" bw="1" slack="0"/>
</pin_list>
<bind>
<StgValue><ssdm name="sumBuf_4"/><MemPortTyVec>2 1 </MemPortTyVec>
</StgValue>
</bind>
</comp>

<comp id="38" class="1000" name="sumBuf_5">
<pin_list>
<pin id="39" dir="1" index="0" bw="1" slack="0"/>
</pin_list>
<bind>
<StgValue><ssdm name="sumBuf_5"/><MemPortTyVec>2 1 </MemPortTyVec>
</StgValue>
</bind>
</comp>

<comp id="40" class="1000" name="sumBuf_6">
<pin_list>
<pin id="41" dir="1" index="0" bw="1" slack="0"/>
</pin_list>
<bind>
<StgValue><ssdm name="sumBuf_6"/><MemPortTyVec>2 1 </MemPortTyVec>
</StgValue>
</bind>
</comp>

<comp id="42" class="1000" name="sumBuf_7">
<pin_list>
<pin id="43" dir="1" index="0" bw="1" slack="0"/>
</pin_list>
<bind>
<StgValue><ssdm name="sumBuf_7"/><MemPortTyVec>2 1 </MemPortTyVec>
</StgValue>
</bind>
</comp>

<comp id="44" class="1000" name="sumBuf_8">
<pin_list>
<pin id="45" dir="1" index="0" bw="1" slack="0"/>
</pin_list>
<bind>
<StgValue><ssdm name="sumBuf_8"/><MemPortTyVec>2 1 </MemPortTyVec>
</StgValue>
</bind>
</comp>

<comp id="46" class="1000" name="sumBuf_9">
<pin_list>
<pin id="47" dir="1" index="0" bw="1" slack="0"/>
</pin_list>
<bind>
<StgValue><ssdm name="sumBuf_9"/><MemPortTyVec>2 1 </MemPortTyVec>
</StgValue>
</bind>
</comp>

<comp id="48" class="1000" name="sumBuf_10">
<pin_list>
<pin id="49" dir="1" index="0" bw="1" slack="0"/>
</pin_list>
<bind>
<StgValue><ssdm name="sumBuf_10"/><MemPortTyVec>2 1 </MemPortTyVec>
</StgValue>
</bind>
</comp>

<comp id="50" class="1000" name="sumBuf_11">
<pin_list>
<pin id="51" dir="1" index="0" bw="1" slack="0"/>
</pin_list>
<bind>
<StgValue><ssdm name="sumBuf_11"/><MemPortTyVec>2 1 </MemPortTyVec>
</StgValue>
</bind>
</comp>

<comp id="52" class="1000" name="sumBuf_12">
<pin_list>
<pin id="53" dir="1" index="0" bw="1" slack="0"/>
</pin_list>
<bind>
<StgValue><ssdm name="sumBuf_12"/><MemPortTyVec>2 1 </MemPortTyVec>
</StgValue>
</bind>
</comp>

<comp id="54" class="1000" name="sumBuf_13">
<pin_list>
<pin id="55" dir="1" index="0" bw="1" slack="0"/>
</pin_list>
<bind>
<StgValue><ssdm name="sumBuf_13"/><MemPortTyVec>2 1 </MemPortTyVec>
</StgValue>
</bind>
</comp>

<comp id="56" class="1000" name="sumBuf_14">
<pin_list>
<pin id="57" dir="1" index="0" bw="1" slack="0"/>
</pin_list>
<bind>
<StgValue><ssdm name="sumBuf_14"/><MemPortTyVec>2 1 </MemPortTyVec>
</StgValue>
</bind>
</comp>

<comp id="58" class="1000" name="sumBuf_15">
<pin_list>
<pin id="59" dir="1" index="0" bw="1" slack="0"/>
</pin_list>
<bind>
<StgValue><ssdm name="sumBuf_15"/><MemPortTyVec>2 1 </MemPortTyVec>
</StgValue>
</bind>
</comp>

<comp id="60" class="1000" name="sumBuf_16">
<pin_list>
<pin id="61" dir="1" index="0" bw="1" slack="0"/>
</pin_list>
<bind>
<StgValue><ssdm name="sumBuf_16"/><MemPortTyVec>2 1 </MemPortTyVec>
</StgValue>
</bind>
</comp>

<comp id="62" class="1000" name="sumBuf_17">
<pin_list>
<pin id="63" dir="1" index="0" bw="1" slack="0"/>
</pin_list>
<bind>
<StgValue><ssdm name="sumBuf_17"/><MemPortTyVec>2 1 </MemPortTyVec>
</StgValue>
</bind>
</comp>

<comp id="64" class="1000" name="sumBuf_18">
<pin_list>
<pin id="65" dir="1" index="0" bw="1" slack="0"/>
</pin_list>
<bind>
<StgValue><ssdm name="sumBuf_18"/><MemPortTyVec>2 1 </MemPortTyVec>
</StgValue>
</bind>
</comp>

<comp id="66" class="1000" name="sumBuf_19">
<pin_list>
<pin id="67" dir="1" index="0" bw="1" slack="0"/>
</pin_list>
<bind>
<StgValue><ssdm name="sumBuf_19"/><MemPortTyVec>2 1 </MemPortTyVec>
</StgValue>
</bind>
</comp>

<comp id="68" class="1000" name="sumBuf_20">
<pin_list>
<pin id="69" dir="1" index="0" bw="1" slack="0"/>
</pin_list>
<bind>
<StgValue><ssdm name="sumBuf_20"/><MemPortTyVec>2 1 </MemPortTyVec>
</StgValue>
</bind>
</comp>

<comp id="70" class="1000" name="sumBuf_21">
<pin_list>
<pin id="71" dir="1" index="0" bw="1" slack="0"/>
</pin_list>
<bind>
<StgValue><ssdm name="sumBuf_21"/><MemPortTyVec>2 1 </MemPortTyVec>
</StgValue>
</bind>
</comp>

<comp id="72" class="1000" name="tmpPointNum">
<pin_list>
<pin id="73" dir="1" index="0" bw="1" slack="0"/>
</pin_list>
<bind>
<StgValue><ssdm name="tmpPointNum"/></StgValue>
</bind>
</comp>

<comp id="74" class="1000" name="bRow_V_0">
<pin_list>
<pin id="75" dir="1" index="0" bw="1" slack="0"/>
</pin_list>
<bind>
<StgValue><ssdm name="bRow_V_0"/></StgValue>
</bind>
</comp>

<comp id="76" class="1000" name="bRow_V_1">
<pin_list>
<pin id="77" dir="1" index="0" bw="1" slack="0"/>
</pin_list>
<bind>
<StgValue><ssdm name="bRow_V_1"/></StgValue>
</bind>
</comp>

<comp id="78" class="1000" name="bRow_V_2">
<pin_list>
<pin id="79" dir="1" index="0" bw="1" slack="0"/>
</pin_list>
<bind>
<StgValue><ssdm name="bRow_V_2"/></StgValue>
</bind>
</comp>

<comp id="80" class="1000" name="MSB_V_1">
<pin_list>
<pin id="81" dir="1" index="0" bw="1" slack="0"/>
</pin_list>
<bind>
<StgValue><ssdm name="MSB_V_1"/></StgValue>
</bind>
</comp>

<comp id="82" class="1000" name="N1">
<pin_list>
<pin id="83" dir="1" index="0" bw="1" slack="0"/>
</pin_list>
<bind>
<StgValue><ssdm name="N1"/><MemPortTyVec>2 2 </MemPortTyVec>
</StgValue>
</bind>
</comp>

<comp id="84" class="1001" name="const_84">
<pin_list>
<pin id="85" dir="1" index="0" bw="1" slack="0"/>
</pin_list>
<bind>
<StgValue><ssdm name="integralImg"/></StgValue>
</bind>
</comp>

<comp id="86" class="1001" name="const_86">
<pin_list>
<pin id="87" dir="1" index="0" bw="1" slack="0"/>
</pin_list>
<bind>
<StgValue><ssdm name="HessianDetector"/></StgValue>
</bind>
</comp>

<comp id="88" class="1001" name="const_88">
<pin_list>
<pin id="89" dir="1" index="0" bw="1" slack="2147483647"/>
</pin_list>
<bind>
<StgValue><ssdm name="_ssdm_op_SpecDataflowPipeline"/></StgValue>
</bind>
</comp>

<comp id="90" class="1001" name="const_90">
<pin_list>
<pin id="91" dir="1" index="0" bw="1" slack="2147483647"/>
</pin_list>
<bind>
<StgValue><ssdm name=""/></StgValue>
</bind>
</comp>

<comp id="92" class="1001" name="const_92">
<pin_list>
<pin id="93" dir="1" index="0" bw="1" slack="2147483647"/>
</pin_list>
<bind>
<StgValue><ssdm name=""/></StgValue>
</bind>
</comp>

<comp id="94" class="1001" name="const_94">
<pin_list>
<pin id="95" dir="1" index="0" bw="1" slack="2147483647"/>
</pin_list>
<bind>
<StgValue><ssdm name="p_str1"/></StgValue>
</bind>
</comp>

<comp id="96" class="1001" name="const_96">
<pin_list>
<pin id="97" dir="1" index="0" bw="1" slack="2147483647"/>
</pin_list>
<bind>
<StgValue><ssdm name="_ssdm_op_SpecChannel"/></StgValue>
</bind>
</comp>

<comp id="98" class="1001" name="const_98">
<pin_list>
<pin id="99" dir="1" index="0" bw="1" slack="2147483647"/>
</pin_list>
<bind>
<StgValue><ssdm name="sum_OC_V_str"/></StgValue>
</bind>
</comp>

<comp id="100" class="1001" name="const_100">
<pin_list>
<pin id="101" dir="1" index="0" bw="1" slack="2147483647"/>
</pin_list>
<bind>
<StgValue><ssdm name=""/></StgValue>
</bind>
</comp>

<comp id="102" class="1001" name="const_102">
<pin_list>
<pin id="103" dir="1" index="0" bw="1" slack="2147483647"/>
</pin_list>
<bind>
<StgValue><ssdm name="p_str107"/></StgValue>
</bind>
</comp>

<comp id="104" class="1001" name="const_104">
<pin_list>
<pin id="105" dir="1" index="0" bw="1" slack="2147483647"/>
</pin_list>
<bind>
<StgValue><ssdm name=""/></StgValue>
</bind>
</comp>

<comp id="106" class="1001" name="const_106">
<pin_list>
<pin id="107" dir="1" index="0" bw="1" slack="2147483647"/>
</pin_list>
<bind>
<StgValue><ssdm name="_ssdm_op_SpecInterface"/></StgValue>
</bind>
</comp>

<comp id="108" class="1001" name="const_108">
<pin_list>
<pin id="109" dir="1" index="0" bw="1" slack="2147483647"/>
</pin_list>
<bind>
<StgValue><ssdm name="ap_fifo_str"/></StgValue>
</bind>
</comp>

<comp id="110" class="1001" name="const_110">
<pin_list>
<pin id="111" dir="1" index="0" bw="1" slack="2147483647"/>
</pin_list>
<bind>
<StgValue><ssdm name="p_str108"/></StgValue>
</bind>
</comp>

<comp id="112" class="1001" name="const_112">
<pin_list>
<pin id="113" dir="1" index="0" bw="1" slack="2147483647"/>
</pin_list>
<bind>
<StgValue><ssdm name="p_str109"/></StgValue>
</bind>
</comp>

<comp id="114" class="1001" name="const_114">
<pin_list>
<pin id="115" dir="1" index="0" bw="1" slack="2147483647"/>
</pin_list>
<bind>
<StgValue><ssdm name="p_str110"/></StgValue>
</bind>
</comp>

<comp id="116" class="1001" name="const_116">
<pin_list>
<pin id="117" dir="1" index="0" bw="1" slack="2147483647"/>
</pin_list>
<bind>
<StgValue><ssdm name="p_str111"/></StgValue>
</bind>
</comp>

<comp id="118" class="1001" name="const_118">
<pin_list>
<pin id="119" dir="1" index="0" bw="1" slack="2147483647"/>
</pin_list>
<bind>
<StgValue><ssdm name=""/></StgValue>
</bind>
</comp>

<comp id="120" class="1001" name="const_120">
<pin_list>
<pin id="121" dir="1" index="0" bw="1" slack="2147483647"/>
</pin_list>
<bind>
<StgValue><ssdm name="p_str112"/></StgValue>
</bind>
</comp>

<comp id="122" class="1001" name="const_122">
<pin_list>
<pin id="123" dir="1" index="0" bw="1" slack="2147483647"/>
</pin_list>
<bind>
<StgValue><ssdm name="p_str113"/></StgValue>
</bind>
</comp>

<comp id="124" class="1001" name="const_124">
<pin_list>
<pin id="125" dir="1" index="0" bw="1" slack="2147483647"/>
</pin_list>
<bind>
<StgValue><ssdm name="_ssdm_op_SpecBitsMap"/></StgValue>
</bind>
</comp>

<comp id="126" class="1001" name="const_126">
<pin_list>
<pin id="127" dir="1" index="0" bw="1" slack="2147483647"/>
</pin_list>
<bind>
<StgValue><ssdm name="_ssdm_op_SpecTopModule"/></StgValue>
</bind>
</comp>

<comp id="128" class="1001" name="const_128">
<pin_list>
<pin id="129" dir="1" index="0" bw="1" slack="2147483647"/>
</pin_list>
<bind>
<StgValue><ssdm name="surfDetector_str"/></StgValue>
</bind>
</comp>

<comp id="130" class="1001" name="const_130">
<pin_list>
<pin id="131" dir="1" index="0" bw="1" slack="2147483647"/>
</pin_list>
<bind>
<StgValue><ssdm name="p_str"/></StgValue>
</bind>
</comp>

<comp id="132" class="1001" name="const_132">
<pin_list>
<pin id="133" dir="1" index="0" bw="1" slack="2147483647"/>
</pin_list>
<bind>
<StgValue><ssdm name="p_str2"/></StgValue>
</bind>
</comp>

<comp id="134" class="1001" name="const_134">
<pin_list>
<pin id="135" dir="1" index="0" bw="1" slack="2147483647"/>
</pin_list>
<bind>
<StgValue><ssdm name=""/></StgValue>
</bind>
</comp>

<comp id="136" class="1001" name="const_136">
<pin_list>
<pin id="137" dir="1" index="0" bw="1" slack="2147483647"/>
</pin_list>
<bind>
<StgValue><ssdm name="p_str3"/></StgValue>
</bind>
</comp>

<comp id="138" class="1001" name="const_138">
<pin_list>
<pin id="139" dir="1" index="0" bw="1" slack="2147483647"/>
</pin_list>
<bind>
<StgValue><ssdm name="p_str4"/></StgValue>
</bind>
</comp>

<comp id="140" class="1004" name="grp_HessianDetector_fu_140">
<pin_list>
<pin id="141" dir="0" index="0" bw="0" slack="0"/>
<pin id="142" dir="0" index="1" bw="32" slack="0"/>
<pin id="143" dir="0" index="2" bw="32" slack="0"/>
<pin id="144" dir="0" index="3" bw="176" slack="0"/>
<pin id="145" dir="0" index="4" bw="32" slack="0"/>
<pin id="146" dir="0" index="5" bw="32" slack="0"/>
<pin id="147" dir="0" index="6" bw="32" slack="0"/>
<pin id="148" dir="0" index="7" bw="32" slack="0"/>
<pin id="149" dir="0" index="8" bw="32" slack="0"/>
<pin id="150" dir="0" index="9" bw="32" slack="0"/>
<pin id="151" dir="0" index="10" bw="32" slack="0"/>
<pin id="152" dir="0" index="11" bw="32" slack="0"/>
<pin id="153" dir="0" index="12" bw="32" slack="0"/>
<pin id="154" dir="0" index="13" bw="32" slack="0"/>
<pin id="155" dir="0" index="14" bw="32" slack="0"/>
<pin id="156" dir="0" index="15" bw="32" slack="0"/>
<pin id="157" dir="0" index="16" bw="32" slack="0"/>
<pin id="158" dir="0" index="17" bw="32" slack="0"/>
<pin id="159" dir="0" index="18" bw="32" slack="0"/>
<pin id="160" dir="0" index="19" bw="32" slack="0"/>
<pin id="161" dir="0" index="20" bw="32" slack="0"/>
<pin id="162" dir="0" index="21" bw="32" slack="0"/>
<pin id="163" dir="0" index="22" bw="32" slack="0"/>
<pin id="164" dir="0" index="23" bw="32" slack="0"/>
<pin id="165" dir="0" index="24" bw="32" slack="0"/>
<pin id="166" dir="0" index="25" bw="32" slack="0"/>
<pin id="167" dir="0" index="26" bw="32" slack="0"/>
<pin id="168" dir="0" index="27" bw="32" slack="0"/>
<pin id="169" dir="0" index="28" bw="2" slack="0"/>
<pin id="170" dir="0" index="29" bw="2" slack="0"/>
<pin id="171" dir="0" index="30" bw="2" slack="0"/>
<pin id="172" dir="0" index="31" bw="6" slack="0"/>
<pin id="173" dir="0" index="32" bw="32" slack="0"/>
<pin id="174" dir="1" index="33" bw="0" slack="2147483647"/>
</pin_list>
<bind>
<opcode="call(48) " fcode="call"/>
<opset="StgValue_8/4 "/>
</bind>
</comp>

<comp id="208" class="1004" name="grp_integralImg_fu_208">
<pin_list>
<pin id="209" dir="0" index="0" bw="0" slack="0"/>
<pin id="210" dir="0" index="1" bw="24" slack="0"/>
<pin id="211" dir="0" index="2" bw="3" slack="0"/>
<pin id="212" dir="0" index="3" bw="3" slack="0"/>
<pin id="213" dir="0" index="4" bw="1" slack="0"/>
<pin id="214" dir="0" index="5" bw="1" slack="0"/>
<pin id="215" dir="0" index="6" bw="1" slack="0"/>
<pin id="216" dir="0" index="7" bw="1" slack="0"/>
<pin id="217" dir="0" index="8" bw="32" slack="0"/>
<pin id="218" dir="0" index="9" bw="32" slack="0"/>
<pin id="219" dir="0" index="10" bw="32" slack="0"/>
<pin id="220" dir="0" index="11" bw="32" slack="0"/>
<pin id="221" dir="1" index="12" bw="0" slack="2147483647"/>
</pin_list>
<bind>
<opcode="call(48) " fcode="call"/>
<opset="StgValue_6/2 "/>
</bind>
</comp>

</comp_list>

<net_list>
<net id="175"><net_src comp="86" pin="0"/><net_sink comp="140" pin=0"/></net>

<net id="176"><net_src comp="14" pin="0"/><net_sink comp="140" pin=1"/></net>

<net id="177"><net_src comp="16" pin="0"/><net_sink comp="140" pin=2"/></net>

<net id="178"><net_src comp="26" pin="0"/><net_sink comp="140" pin=3"/></net>

<net id="179"><net_src comp="24" pin="0"/><net_sink comp="140" pin=4"/></net>

<net id="180"><net_src comp="28" pin="0"/><net_sink comp="140" pin=5"/></net>

<net id="181"><net_src comp="30" pin="0"/><net_sink comp="140" pin=6"/></net>

<net id="182"><net_src comp="32" pin="0"/><net_sink comp="140" pin=7"/></net>

<net id="183"><net_src comp="34" pin="0"/><net_sink comp="140" pin=8"/></net>

<net id="184"><net_src comp="36" pin="0"/><net_sink comp="140" pin=9"/></net>

<net id="185"><net_src comp="38" pin="0"/><net_sink comp="140" pin=10"/></net>

<net id="186"><net_src comp="40" pin="0"/><net_sink comp="140" pin=11"/></net>

<net id="187"><net_src comp="42" pin="0"/><net_sink comp="140" pin=12"/></net>

<net id="188"><net_src comp="44" pin="0"/><net_sink comp="140" pin=13"/></net>

<net id="189"><net_src comp="46" pin="0"/><net_sink comp="140" pin=14"/></net>

<net id="190"><net_src comp="48" pin="0"/><net_sink comp="140" pin=15"/></net>

<net id="191"><net_src comp="50" pin="0"/><net_sink comp="140" pin=16"/></net>

<net id="192"><net_src comp="52" pin="0"/><net_sink comp="140" pin=17"/></net>

<net id="193"><net_src comp="54" pin="0"/><net_sink comp="140" pin=18"/></net>

<net id="194"><net_src comp="56" pin="0"/><net_sink comp="140" pin=19"/></net>

<net id="195"><net_src comp="58" pin="0"/><net_sink comp="140" pin=20"/></net>

<net id="196"><net_src comp="60" pin="0"/><net_sink comp="140" pin=21"/></net>

<net id="197"><net_src comp="62" pin="0"/><net_sink comp="140" pin=22"/></net>

<net id="198"><net_src comp="64" pin="0"/><net_sink comp="140" pin=23"/></net>

<net id="199"><net_src comp="66" pin="0"/><net_sink comp="140" pin=24"/></net>

<net id="200"><net_src comp="68" pin="0"/><net_sink comp="140" pin=25"/></net>

<net id="201"><net_src comp="70" pin="0"/><net_sink comp="140" pin=26"/></net>

<net id="202"><net_src comp="72" pin="0"/><net_sink comp="140" pin=27"/></net>

<net id="203"><net_src comp="74" pin="0"/><net_sink comp="140" pin=28"/></net>

<net id="204"><net_src comp="76" pin="0"/><net_sink comp="140" pin=29"/></net>

<net id="205"><net_src comp="78" pin="0"/><net_sink comp="140" pin=30"/></net>

<net id="206"><net_src comp="80" pin="0"/><net_sink comp="140" pin=31"/></net>

<net id="207"><net_src comp="82" pin="0"/><net_sink comp="140" pin=32"/></net>

<net id="222"><net_src comp="84" pin="0"/><net_sink comp="208" pin=0"/></net>

<net id="223"><net_src comp="0" pin="0"/><net_sink comp="208" pin=1"/></net>

<net id="224"><net_src comp="2" pin="0"/><net_sink comp="208" pin=2"/></net>

<net id="225"><net_src comp="4" pin="0"/><net_sink comp="208" pin=3"/></net>

<net id="226"><net_src comp="6" pin="0"/><net_sink comp="208" pin=4"/></net>

<net id="227"><net_src comp="8" pin="0"/><net_sink comp="208" pin=5"/></net>

<net id="228"><net_src comp="10" pin="0"/><net_sink comp="208" pin=6"/></net>

<net id="229"><net_src comp="12" pin="0"/><net_sink comp="208" pin=7"/></net>

<net id="230"><net_src comp="18" pin="0"/><net_sink comp="208" pin=8"/></net>

<net id="231"><net_src comp="20" pin="0"/><net_sink comp="208" pin=9"/></net>

<net id="232"><net_src comp="22" pin="0"/><net_sink comp="208" pin=10"/></net>

<net id="233"><net_src comp="24" pin="0"/><net_sink comp="208" pin=11"/></net>

</net_list>

</model> 
---------------- Datapath Model END ------------------

* FSMD analyzer results:
  - Output states:
	Port: keyPoints_V | {4 5 }
	Port: kpn | {4 5 }
	Port: pix_val | {2 3 }
	Port: buf_1 | {2 3 }
	Port: buf_0 | {2 3 }
	Port: sum_V | {2 3 }
	Port: MSB_V | {4 5 }
	Port: sumBuf_0 | {4 5 }
	Port: sumBuf_1 | {4 5 }
	Port: sumBuf_2 | {4 5 }
	Port: sumBuf_3 | {4 5 }
	Port: sumBuf_4 | {4 5 }
	Port: sumBuf_5 | {4 5 }
	Port: sumBuf_6 | {4 5 }
	Port: sumBuf_7 | {4 5 }
	Port: sumBuf_8 | {4 5 }
	Port: sumBuf_9 | {4 5 }
	Port: sumBuf_10 | {4 5 }
	Port: sumBuf_11 | {4 5 }
	Port: sumBuf_12 | {4 5 }
	Port: sumBuf_13 | {4 5 }
	Port: sumBuf_14 | {4 5 }
	Port: sumBuf_15 | {4 5 }
	Port: sumBuf_16 | {4 5 }
	Port: sumBuf_17 | {4 5 }
	Port: sumBuf_18 | {4 5 }
	Port: sumBuf_19 | {4 5 }
	Port: sumBuf_20 | {4 5 }
	Port: sumBuf_21 | {4 5 }
	Port: tmpPointNum | {4 5 }
	Port: bRow_V_0 | {4 5 }
	Port: bRow_V_1 | {4 5 }
	Port: bRow_V_2 | {4 5 }
	Port: MSB_V_1 | {4 5 }
	Port: N1 | {4 5 }
 - Input state : 
	Port: surfDetector : video_in_V_data_V | {2 3 }
	Port: surfDetector : video_in_V_keep_V | {2 3 }
	Port: surfDetector : video_in_V_strb_V | {2 3 }
	Port: surfDetector : video_in_V_user_V | {2 3 }
	Port: surfDetector : video_in_V_last_V | {2 3 }
	Port: surfDetector : video_in_V_id_V | {2 3 }
	Port: surfDetector : video_in_V_dest_V | {2 3 }
	Port: surfDetector : buf_1 | {2 3 }
	Port: surfDetector : buf_0 | {2 3 }
	Port: surfDetector : sum_V | {4 5 }
	Port: surfDetector : MSB_V | {4 5 }
	Port: surfDetector : sumBuf_0 | {4 5 }
	Port: surfDetector : sumBuf_1 | {4 5 }
	Port: surfDetector : sumBuf_2 | {4 5 }
	Port: surfDetector : sumBuf_3 | {4 5 }
	Port: surfDetector : sumBuf_4 | {4 5 }
	Port: surfDetector : sumBuf_5 | {4 5 }
	Port: surfDetector : sumBuf_6 | {4 5 }
	Port: surfDetector : sumBuf_7 | {4 5 }
	Port: surfDetector : sumBuf_8 | {4 5 }
	Port: surfDetector : sumBuf_9 | {4 5 }
	Port: surfDetector : sumBuf_10 | {4 5 }
	Port: surfDetector : sumBuf_11 | {4 5 }
	Port: surfDetector : sumBuf_12 | {4 5 }
	Port: surfDetector : sumBuf_13 | {4 5 }
	Port: surfDetector : sumBuf_14 | {4 5 }
	Port: surfDetector : sumBuf_15 | {4 5 }
	Port: surfDetector : sumBuf_16 | {4 5 }
	Port: surfDetector : sumBuf_17 | {4 5 }
	Port: surfDetector : sumBuf_18 | {4 5 }
	Port: surfDetector : sumBuf_19 | {4 5 }
	Port: surfDetector : sumBuf_20 | {4 5 }
	Port: surfDetector : sumBuf_21 | {4 5 }
	Port: surfDetector : tmpPointNum | {4 5 }
	Port: surfDetector : bRow_V_0 | {4 5 }
	Port: surfDetector : bRow_V_1 | {4 5 }
	Port: surfDetector : bRow_V_2 | {4 5 }
	Port: surfDetector : MSB_V_1 | {4 5 }
	Port: surfDetector : N1 | {4 5 }
  - Chain level:
	State 1
	State 2
	State 3
	State 4
	State 5


============================================================
+ Verbose Summary: Datapath Resource usage 
============================================================

* Functional unit list:
|----------|----------------------------|---------|---------|---------|---------|
| Operation|       Functional Unit      |  DSP48E |  Delay  |    FF   |   LUT   |
|----------|----------------------------|---------|---------|---------|---------|
|   call   | grp_HessianDetector_fu_140 |    28   | 146.149 |  10592  |  30690  |
|          |   grp_integralImg_fu_208   |    1    |  3.918  |   272   |   390   |
|----------|----------------------------|---------|---------|---------|---------|
|   Total  |                            |    29   | 150.067 |  10864  |  31080  |
|----------|----------------------------|---------|---------|---------|---------|

Memories:
+---------+--------+--------+--------+
|         |  BRAM  |   FF   |   LUT  |
+---------+--------+--------+--------+
|    N1   |   16   |    0   |    0   |
|  buf_0  |    2   |    0   |    0   |
|  buf_1  |    2   |    0   |    0   |
| sumBuf_0|    2   |    0   |    0   |
| sumBuf_1|    2   |    0   |    0   |
|sumBuf_10|    2   |    0   |    0   |
|sumBuf_11|    2   |    0   |    0   |
|sumBuf_12|    2   |    0   |    0   |
|sumBuf_13|    2   |    0   |    0   |
|sumBuf_14|    2   |    0   |    0   |
|sumBuf_15|    2   |    0   |    0   |
|sumBuf_16|    2   |    0   |    0   |
|sumBuf_17|    2   |    0   |    0   |
|sumBuf_18|    2   |    0   |    0   |
|sumBuf_19|    2   |    0   |    0   |
| sumBuf_2|    2   |    0   |    0   |
|sumBuf_20|    2   |    0   |    0   |
|sumBuf_21|    2   |    0   |    0   |
| sumBuf_3|    2   |    0   |    0   |
| sumBuf_4|    2   |    0   |    0   |
| sumBuf_5|    2   |    0   |    0   |
| sumBuf_6|    2   |    0   |    0   |
| sumBuf_7|    2   |    0   |    0   |
| sumBuf_8|    2   |    0   |    0   |
| sumBuf_9|    2   |    0   |    0   |
+---------+--------+--------+--------+
|  Total  |   64   |    0   |    0   |
+---------+--------+--------+--------+

* Register list:
N/A

* Multiplexer (MUX) list: 
|--------|------|------|------|--------|
|  Comp  |  Pin | Size |  BW  | S x BW |
|--------|------|------|------|--------|
|  Total |      |      |      |    0   |
|--------|------|------|------|--------|



* Summary:
+-----------+--------+--------+--------+--------+--------+
|           |  BRAM  | DSP48E |  Delay |   FF   |   LUT  |
+-----------+--------+--------+--------+--------+--------+
|  Function |    -   |   29   |   150  |  10864 |  31080 |
|   Memory  |   64   |    -   |    -   |    0   |    0   |
|Multiplexer|    -   |    -   |    -   |    -   |    -   |
|  Register |    -   |    -   |    -   |    -   |    -   |
+-----------+--------+--------+--------+--------+--------+
|   Total   |   64   |   29   |   150  |  10864 |  31080 |
+-----------+--------+--------+--------+--------+--------+
